#
# A fatal error has been detected by the Java Runtime Environment:
#
#  EXCEPTION_ACCESS_VIOLATION (0xc0000005) at pc=0x00007ffbfd565625, pid=10904, tid=3852
#
# JRE version: Java(TM) SE Runtime Environment (14.0+36) (build 14+36-1461)
# Java VM: Java HotSpot(TM) 64-Bit Server VM (14+36-1461, mixed mode, sharing, tiered, compressed oops, parallel gc, windows-amd64)
# Problematic frame:
# V  [jvm.dll+0x105625]
#
# No core dump will be written. Minidumps are not enabled by default on client versions of Windows
#
# If you would like to submit a bug report, please visit:
#   https://bugreport.java.com/bugreport/crash.jsp
#

---------------  S U M M A R Y ------------

Command Line: --add-modules=ALL-SYSTEM --add-opens=java.base/java.util=ALL-UNNAMED --add-opens=java.base/java.lang=ALL-UNNAMED -Declipse.application=org.eclipse.jdt.ls.core.id1 -Dosgi.bundles.defaultStartLevel=4 -Declipse.product=org.eclipse.jdt.ls.core.product -Dfile.encoding=utf8 -DwatchParentProcess=false -XX:+UseParallelGC -XX:GCTimeRatio=4 -XX:AdaptiveSizePolicyWeight=90 -Dsun.zip.disableMemoryMapping=true -Xmx1G -Xms100m c:\Users\Mypc\.vscode\extensions\redhat.java-0.76.0\server\plugins\org.eclipse.equinox.launcher_1.6.100.v20201223-0822.jar -configuration c:\Users\Mypc\AppData\Roaming\Code\User\globalStorage\redhat.java\0.76.0\config_win -data c:\Users\Mypc\AppData\Roaming\Code\User\workspaceStorage\70ef265e2653a8e8a97e2688d53f32b5\redhat.java\jdt_ws

Host: Intel(R) Pentium(R) CPU  N3540  @ 2.16GHz, 4 cores, 3G,  Windows 10 , 64 bit Build 19041 (10.0.19041.2913)
Time: Wed Jul 26 12:05:14 2023 India Standard Time elapsed time: 3486 seconds (0d 0h 58m 6s)

---------------  T H R E A D  ---------------

Current thread (0x0000021348448800):  JavaThread "C2 CompilerThread0" daemon [_thread_in_native, id=3852, stack(0x0000002eed500000,0x0000002eed600000)]


Current CompileTask:
C2:3486049 22038   !   4       org.eclipse.jdt.internal.compiler.parser.Scanner::jumpOverMethodBody (2089 bytes)

Stack: [0x0000002eed500000,0x0000002eed600000],  sp=0x0000002eed5fb4c0,  free space=1005k
Native frames: (J=compiled Java code, j=interpreted, Vv=VM code, C=native code)
V  [jvm.dll+0x105625]
V  [jvm.dll+0x105a44]
V  [jvm.dll+0x105484]
V  [jvm.dll+0x5fd509]
V  [jvm.dll+0x1e612a]
V  [jvm.dll+0x1e5098]
V  [jvm.dll+0x1779cc]
V  [jvm.dll+0x1f40e5]
V  [jvm.dll+0x1f22cb]
V  [jvm.dll+0x706a7d]
V  [jvm.dll+0x6ff89a]
V  [jvm.dll+0x5f72a6]
C  [ucrtbase.dll+0x21bb2]
C  [KERNEL32.DLL+0x17614]
C  [ntdll.dll+0x526a1]


siginfo: EXCEPTION_ACCESS_VIOLATION (0xc0000005), reading address 0x0000000000000000


Register to memory mapping:

RIP=0x00007ffbfd565625 jvm.dll
RAX=0x0000021359bb8b28 points into unknown readable memory: 68 17 bb 59 13 02 00 00
RBX=0x00000000000000b0 is an unknown value
RCX=0x0 is NULL
RDX=0x000002134f236070 points into unknown readable memory: 57 74 c0 c0 00 00 00 00
RSP=0x0000002eed5fb4c0 is pointing into the stack for thread: 0x0000021348448800
RBP=0x0000000000000016 is an unknown value
RSI=0x000000000000000a is an unknown value
RDI=0x0 is NULL
R8 =0x0000000000000007 is an unknown value
R9 =0x00007ffbfd460000 jvm.dll
R10=0x0000021359bb7318 points into unknown readable memory: 68 17 bb 59 13 02 00 00
R11=0x0000021359bb8b28 points into unknown readable memory: 68 17 bb 59 13 02 00 00
R12=0x000002134e6ced10 points into unknown readable memory: 48 99 c4 fd fb 7f 00 00
R13=0x0000000000000008 is an unknown value
R14=0x0000021359bb9e60 points into unknown readable memory: 00 00 00 00 01 00 00 00
R15=0x0 is NULL


Registers:
RAX=0x0000021359bb8b28, RBX=0x00000000000000b0, RCX=0x0000000000000000, RDX=0x000002134f236070
RSP=0x0000002eed5fb4c0, RBP=0x0000000000000016, RSI=0x000000000000000a, RDI=0x0000000000000000
R8 =0x0000000000000007, R9 =0x00007ffbfd460000, R10=0x0000021359bb7318, R11=0x0000021359bb8b28
R12=0x000002134e6ced10, R13=0x0000000000000008, R14=0x0000021359bb9e60, R15=0x0000000000000000
RIP=0x00007ffbfd565625, EFLAGS=0x0000000000010283

Top of Stack: (sp=0x0000002eed5fb4c0)
0x0000002eed5fb4c0:   0000000000000260 000000000000000a
0x0000002eed5fb4d0:   000002132c209a50 0000000000000016
0x0000002eed5fb4e0:   0000021300400000 00000000000000b0
0x0000002eed5fb4f0:   000000000000002c 0000000000000016
0x0000002eed5fb500:   00000213495d4350 0000000000000003
0x0000002eed5fb510:   000002134e91f870 0000000000000260
0x0000002eed5fb520:   0000002eed5fbb30 ffffffffffffffff
0x0000002eed5fb530:   00000000ffffffff 0000021359bb9e30
0x0000002eed5fb540:   000000000000000a 000002134f362070
0x0000002eed5fb550:   000002134e6ced10 00007ffbfd565a44
0x0000002eed5fb560:   0000021359bb9e30 0000021300000018
0x0000002eed5fb570:   0000000000000260 0000002eed5fbb30
0x0000002eed5fb580:   000002134f236070 00007ffbfd566442
0x0000002eed5fb590:   0000021348439330 000002134af73610
0x0000002eed5fb5a0:   000002134f247480 0000021359bb9e30
0x0000002eed5fb5b0:   000002134af734c0 0000000000000002 

Instructions: (pc=0x00007ffbfd565625)
0x00007ffbfd565525:   e2 41 8b 79 50 33 d2 41 8b d8 89 bc 24 a8 00 00
0x00007ffbfd565535:   00 44 8b a8 38 0c 00 00 44 2b 2d 0c e2 8e 00 8d
0x00007ffbfd565545:   4a 10 e8 34 be 54 00 33 f6 48 85 c0 74 12 45 8b
0x00007ffbfd565555:   c5 8b d7 48 8b c8 e8 90 06 4e 00 4c 8b f0 eb 03
0x00007ffbfd565565:   4c 8b f6 41 0f b6 44 24 2c 4d 8b fc 24 1f 49 8b
0x00007ffbfd565575:   cc 3c 1e 49 8b 04 24 4c 0f 45 fe ff 90 88 00 00
0x00007ffbfd565585:   00 48 89 44 24 40 8b ee 85 db 0f 8e ee 03 00 00
0x00007ffbfd565595:   48 8b 94 24 c0 00 00 00 4c 8d 0d 5c aa ef ff b9
0x00007ffbfd5655a5:   01 00 00 00 48 89 74 24 30 48 8b de 89 4c 24 20
0x00007ffbfd5655b5:   48 8b c6 48 89 5c 24 28 48 89 44 24 38 48 c1 f8
0x00007ffbfd5655c5:   05 85 0c 82 0f 84 80 03 00 00 48 8b 0d 7a e1 8e
0x00007ffbfd5655d5:   00 83 fd ff 74 0e 3b e9 7d 0e 4a 8b b4 0b a0 bb
0x00007ffbfd5655e5:   9b 00 eb 29 3b e9 7c 1e 8b c5 2b c1 41 3b c5 7d
0x00007ffbfd5655f5:   0a 03 c7 48 63 f0 48 03 f1 eb 12 41 2b c5 48 63
0x00007ffbfd565605:   f0 48 03 f1 eb 07 48 c7 c6 ff ff ff ff 48 8b 84
0x00007ffbfd565615:   24 a0 00 00 00 48 8b 40 08 48 8b 3c 03 48 8b cf
0x00007ffbfd565625:   48 8b 07 ff 50 28 4c 8d 0d ce a9 ef ff 48 8b d0
0x00007ffbfd565635:   4c 63 40 10 49 8b c8 48 c1 e1 05 42 80 bc 09 40
0x00007ffbfd565645:   ba 9d 00 00 0f 84 3a 02 00 00 40 f6 c5 01 0f 85
0x00007ffbfd565655:   e7 02 00 00 48 8b ce 81 e1 ff 3f 00 00 48 3b f1
0x00007ffbfd565665:   74 43 48 8b 84 24 b8 00 00 00 48 8d 15 6a 30 71
0x00007ffbfd565675:   00 80 3d 92 c0 8b 00 00 41 0f 94 c0 48 8b 58 10
0x00007ffbfd565685:   48 8b 8b 60 01 00 00 e8 2f f9 08 00 48 8d 15 48
0x00007ffbfd565695:   30 71 00 48 8b cb e8 e0 95 0e 00 48 8b 5c 24 28
0x00007ffbfd5656a5:   e9 8f 02 00 00 83 78 24 00 75 56 4d 85 ff 74 41
0x00007ffbfd5656b5:   49 8b 47 70 48 8b 48 18 8b 51 18 b9 05 00 00 00
0x00007ffbfd5656c5:   3b d1 76 2d 4d 8b 47 08 0f 1f 00 8b c1 49 39 3c
0x00007ffbfd5656d5:   c0 74 16 ff c1 3b ca 72 f2 48 8b d6 49 8b ce e8
0x00007ffbfd5656e5:   77 15 4e 00 e9 4b 02 00 00 3b ca 0f 82 4a 02 00
0x00007ffbfd5656f5:   00 48 8b d6 49 8b ce e8 5f 15 4e 00 e9 33 02 00
0x00007ffbfd565705:   00 48 8b 4c 24 40 e8 50 7e 07 00 41 8b 54 24 18
0x00007ffbfd565715:   8b d8 3b c2 73 14 4d 8b 44 24 08 8b cb 49 39 3c 


Stack slot to memory mapping:
stack at sp + 0 slots: 0x0000000000000260 is an unknown value
stack at sp + 1 slots: 0x000000000000000a is an unknown value
stack at sp + 2 slots: 0x000002132c209a50 points into unknown readable memory: 10 20 27 4f 13 02 00 00
stack at sp + 3 slots: 0x0000000000000016 is an unknown value
stack at sp + 4 slots: 0x0000021300400000 is an unknown value
stack at sp + 5 slots: 0x00000000000000b0 is an unknown value
stack at sp + 6 slots: 0x000000000000002c is an unknown value
stack at sp + 7 slots: 0x0000000000000016 is an unknown value


---------------  P R O C E S S  ---------------

Threads class SMR info:
_java_thread_list=0x000002134d1c4750, length=30, elements={
0x000002132e30c800, 0x000002132e3e7800, 0x000002132e3e9800, 0x0000021348437000,
0x000002134843b000, 0x000002134843c800, 0x0000021348448800, 0x0000021348453000,
0x000002134843d800, 0x0000021348441800, 0x0000021348443000, 0x000002134843e000,
0x000002134843f000, 0x0000021348440000, 0x0000021348440800, 0x0000021349dc1800,
0x0000021349dc2800, 0x0000021349dc4800, 0x0000021349dc3000, 0x0000021349dc7000,
0x000002134f7be800, 0x0000021349dc9800, 0x000002134f7ba800, 0x000002134f7be000,
0x000002134f7c2800, 0x000002134f7c0000, 0x000002134f7c1000, 0x000002134f7bb800,
0x000002134f7c8800, 0x000002134f7bc000
}

Java Threads: ( => current thread )
  0x000002132e30c800 JavaThread "main" [_thread_blocked, id=3000, stack(0x0000002eecd00000,0x0000002eece00000)]
  0x000002132e3e7800 JavaThread "Reference Handler" daemon [_thread_blocked, id=5276, stack(0x0000002eed000000,0x0000002eed100000)]
  0x000002132e3e9800 JavaThread "Finalizer" daemon [_thread_blocked, id=12176, stack(0x0000002eed100000,0x0000002eed200000)]
  0x0000021348437000 JavaThread "Signal Dispatcher" daemon [_thread_blocked, id=5516, stack(0x0000002eed200000,0x0000002eed300000)]
  0x000002134843b000 JavaThread "Attach Listener" daemon [_thread_blocked, id=4936, stack(0x0000002eed300000,0x0000002eed400000)]
  0x000002134843c800 JavaThread "Service Thread" daemon [_thread_blocked, id=14216, stack(0x0000002eed400000,0x0000002eed500000)]
=>0x0000021348448800 JavaThread "C2 CompilerThread0" daemon [_thread_in_native, id=3852, stack(0x0000002eed500000,0x0000002eed600000)]
  0x0000021348453000 JavaThread "C1 CompilerThread0" daemon [_thread_blocked, id=3680, stack(0x0000002eed600000,0x0000002eed700000)]
  0x000002134843d800 JavaThread "Sweeper thread" daemon [_thread_blocked, id=7848, stack(0x0000002eed700000,0x0000002eed800000)]
  0x0000021348441800 JavaThread "Common-Cleaner" daemon [_thread_blocked, id=14180, stack(0x0000002eed800000,0x0000002eed900000)]
  0x0000021348443000 JavaThread "Notification Thread" daemon [_thread_blocked, id=11056, stack(0x0000002eeda00000,0x0000002eedb00000)]
  0x000002134843e000 JavaThread "Active Thread: Equinox Container: 78d91161-b48d-46b2-925c-0c406b26d69b" [_thread_blocked, id=6288, stack(0x0000002eedc00000,0x0000002eedd00000)]
  0x000002134843f000 JavaThread "Framework Event Dispatcher: Equinox Container: 78d91161-b48d-46b2-925c-0c406b26d69b" daemon [_thread_blocked, id=8824, stack(0x0000002eed900000,0x0000002eeda00000)]
  0x0000021348440000 JavaThread "Start Level: Equinox Container: 78d91161-b48d-46b2-925c-0c406b26d69b" daemon [_thread_blocked, id=5488, stack(0x0000002eedd00000,0x0000002eede00000)]
  0x0000021348440800 JavaThread "SCR Component Actor" daemon [_thread_blocked, id=6384, stack(0x0000002eee100000,0x0000002eee200000)]
  0x0000021349dc1800 JavaThread "Worker-JM" [_thread_blocked, id=1076, stack(0x0000002eee300000,0x0000002eee400000)]
  0x0000021349dc2800 JavaThread "Java indexing" daemon [_thread_blocked, id=10600, stack(0x0000002eee700000,0x0000002eee800000)]
  0x0000021349dc4800 JavaThread "logback configurator timer" daemon [_thread_blocked, id=4336, stack(0x0000002eee200000,0x0000002eee300000)]
  0x0000021349dc3000 JavaThread "pool-2-thread-1" [_thread_in_native, id=2996, stack(0x0000002eee800000,0x0000002eee900000)]
  0x0000021349dc7000 JavaThread "Bundle File Closer" daemon [_thread_blocked, id=9984, stack(0x0000002eee900000,0x0000002eeea00000)]
  0x000002134f7be800 JavaThread "ForkJoinPool.commonPool-worker-11" daemon [_thread_blocked, id=5668, stack(0x0000002eee400000,0x0000002eee500000)]
  0x0000021349dc9800 JavaThread "ForkJoinPool.commonPool-worker-13" daemon [_thread_blocked, id=1556, stack(0x0000002eeec00000,0x0000002eeed00000)]
  0x000002134f7ba800 JavaThread "Worker-9" [_thread_blocked, id=10744, stack(0x0000002eeed00000,0x0000002eeee00000)]
  0x000002134f7be000 JavaThread "ForkJoinPool.commonPool-worker-3" daemon [_thread_blocked, id=12904, stack(0x0000002eeca00000,0x0000002eecb00000)]
  0x000002134f7c2800 JavaThread "Worker-10" [_thread_blocked, id=3060, stack(0x0000002eecc00000,0x0000002eecd00000)]
  0x000002134f7c0000 JavaThread "ForkJoinPool.commonPool-worker-9" daemon [_thread_blocked, id=12644, stack(0x0000002eee600000,0x0000002eee700000)]
  0x000002134f7c1000 JavaThread "ForkJoinPool.commonPool-worker-15" daemon [_thread_blocked, id=10828, stack(0x0000002eecb00000,0x0000002eecc00000)]
  0x000002134f7bb800 JavaThread "Worker-12" [_thread_blocked, id=8828, stack(0x0000002eee500000,0x0000002eee600000)]
  0x000002134f7c8800 JavaThread "ForkJoinPool.commonPool-worker-1" daemon [_thread_blocked, id=10436, stack(0x0000002eef300000,0x0000002eef400000)]
  0x000002134f7bc000 JavaThread "pool-73-thread-1" [_thread_blocked, id=6748, stack(0x0000002eeea00000,0x0000002eeeb00000)]

Other Threads:
  0x000002134841f800 VMThread "VM Thread" [stack: 0x0000002eecf00000,0x0000002eed000000] [id=6436]
  0x00000213497c6800 WatcherThread [stack: 0x0000002eedb00000,0x0000002eedc00000] [id=1732]
  0x000002132e325800 GCTaskThread "GC Thread#0" [stack: 0x0000002eece00000,0x0000002eecf00000] [id=13004]
  0x000002134977c000 GCTaskThread "GC Thread#1" [stack: 0x0000002eede00000,0x0000002eedf00000] [id=11432]
  0x000002134a0b3000 GCTaskThread "GC Thread#2" [stack: 0x0000002eedf00000,0x0000002eee000000] [id=13076]
  0x000002134a0b3800 GCTaskThread "GC Thread#3" [stack: 0x0000002eee000000,0x0000002eee100000] [id=7696]

Threads with active compile tasks:
C2 CompilerThread0  3486476 22038   !   4       org.eclipse.jdt.internal.compiler.parser.Scanner::jumpOverMethodBody (2089 bytes)

VM state:not at safepoint (normal execution)

VM Mutex/Monitor currently owned by a thread: None

Heap address: 0x00000000c0000000, size: 1024 MB, Compressed Oops mode: 32-bit
Narrow klass base: 0x0000000800000000, Narrow klass shift: 3
Compressed class space size: 1073741824 Address: 0x0000000800b30000

Heap:
 PSYoungGen      total 4096K, used 3046K [0x00000000eab00000, 0x00000000eb100000, 0x0000000100000000)
  eden space 3584K, 71% used [0x00000000eab00000,0x00000000ead7da90,0x00000000eae80000)
  from space 512K, 96% used [0x00000000eae80000,0x00000000eaefc010,0x00000000eaf00000)
  to   space 1024K, 0% used [0x00000000eb000000,0x00000000eb000000,0x00000000eb100000)
 ParOldGen       total 113664K, used 81701K [0x00000000c0000000, 0x00000000c6f00000, 0x00000000eab00000)
  object space 113664K, 71% used [0x00000000c0000000,0x00000000c4fc95c0,0x00000000c6f00000)
 Metaspace       used 80455K, capacity 83948K, committed 84056K, reserved 1124352K
  class space    used 7694K, capacity 8951K, committed 9048K, reserved 1048576K

Card table byte_map: [0x000002132dd00000,0x000002132df10000] _byte_map_base: 0x000002132d700000

Marking Bits: (ParMarkBitMap*) 0x00007ffbfdebb260
 Begin Bits: [0x0000021345ac0000, 0x0000021346ac0000)
 End Bits:   [0x0000021346ac0000, 0x0000021347ac0000)

Polling page: 0x000002132daf0000

Metaspace:

Usage:
  Non-class:     73.24 MB capacity,    71.06 MB ( 97%) used,     2.01 MB (  3%) free+waste,   178.69 KB ( <1%) overhead. 
      Class:      8.74 MB capacity,     7.51 MB ( 86%) used,     1.15 MB ( 13%) free+waste,    74.31 KB ( <1%) overhead. 
       Both:     81.98 MB capacity,    78.57 MB ( 96%) used,     3.16 MB (  4%) free+waste,   253.00 KB ( <1%) overhead. 

Virtual space:
  Non-class space:       74.00 MB reserved,      73.25 MB ( 99%) committed 
      Class space:        1.00 GB reserved,       8.84 MB ( <1%) committed 
             Both:        1.07 GB reserved,      82.09 MB (  7%) committed 

Chunk freelists:
   Non-Class:  11.00 KB
       Class:  9.00 KB
        Both:  20.00 KB

MaxMetaspaceSize: 17179869184.00 GB
CompressedClassSpaceSize: 1.00 GB

CodeHeap 'non-profiled nmethods': size=120000Kb used=18918Kb max_used=19270Kb free=101081Kb
 bounds [0x000002133e590000, 0x000002133f870000, 0x0000021345ac0000]
CodeHeap 'profiled nmethods': size=120000Kb used=35891Kb max_used=36745Kb free=84108Kb
 bounds [0x0000021337060000, 0x0000021339450000, 0x000002133e590000]
CodeHeap 'non-nmethods': size=5760Kb used=1433Kb max_used=1465Kb free=4326Kb
 bounds [0x0000021336ac0000, 0x0000021336d30000, 0x0000021337060000]
 total_blobs=32631 nmethods=15768 adapters=626
 compilation: enabled
              stopped_count=0, restarted_count=0
 full_count=0

Compilation events (20 events):
Event: 3484.036 Thread 0x0000021348448800 nmethod 22027 0x000002133e8fc290 code [0x000002133e8fc540, 0x000002133e8fcba8]
Event: 3484.647 Thread 0x0000021348453000 22029       3       org.eclipse.jdt.core.dom.ASTSyntaxErrorPropagator::checkAndTagAsMalformed (375 bytes)
Event: 3484.649 Thread 0x0000021348453000 nmethod 22029 0x000002133802ac10 code [0x000002133802ae40, 0x000002133802bd78]
Event: 3484.650 Thread 0x0000021348453000 22030       3       org.eclipse.jdt.internal.core.CompilationUnit::becomeWorkingCopy (27 bytes)
Event: 3484.651 Thread 0x0000021348453000 nmethod 22030 0x00000213379bcc90 code [0x00000213379bce40, 0x00000213379bd158]
Event: 3484.651 Thread 0x0000021348453000 22031       3       org.eclipse.jdt.internal.core.CompilationUnit::becomeWorkingCopy (41 bytes)
Event: 3484.652 Thread 0x0000021348453000 nmethod 22031 0x000002133711a610 code [0x000002133711a840, 0x000002133711b288]
Event: 3485.012 Thread 0x0000021348453000 22032       3       org.eclipse.jdt.ls.core.internal.handlers.JDTLanguageServer$$Lambda$198/0x0000000800fc0840::apply (16 bytes)
Event: 3485.013 Thread 0x0000021348453000 nmethod 22032 0x0000021337274d90 code [0x0000021337274f80, 0x00000213372755a8]
Event: 3485.013 Thread 0x0000021348453000 22033       3       org.eclipse.jdt.ls.core.internal.handlers.JDTLanguageServer::lambda$51 (17 bytes)
Event: 3485.014 Thread 0x0000021348453000 nmethod 22033 0x000002133738e210 code [0x000002133738e3e0, 0x000002133738e888]
Event: 3485.014 Thread 0x0000021348453000 22034       3       org.eclipse.jdt.ls.core.internal.handlers.ProgressReporterManager::getProgressReporter (10 bytes)
Event: 3485.014 Thread 0x0000021348453000 nmethod 22034 0x0000021337609110 code [0x00000213376092c0, 0x0000021337609618]
Event: 3485.136 Thread 0x0000021348448800 22035       4       org.eclipse.jdt.internal.compiler.parser.Parser::consumeStatementReturn (102 bytes)
Event: 3485.154 Thread 0x0000021348448800 nmethod 22035 0x000002133f74bb10 code [0x000002133f74bd80, 0x000002133f74c568]
Event: 3485.193 Thread 0x0000021348448800 22036       4       org.eclipse.jdt.ls.core.internal.ResourceUtils::toClientUri (37 bytes)
Event: 3485.216 Thread 0x0000021348453000 22037 % !   3       org.eclipse.jdt.internal.compiler.parser.Scanner::jumpOverMethodBody @ 7 (2089 bytes)
Event: 3485.237 Thread 0x0000021348453000 nmethod 22037% 0x00000213393a4510 code [0x00000213393a4ce0, 0x00000213393aaf38]
Event: 3485.282 Thread 0x0000021348448800 nmethod 22036 0x000002133ef2cd90 code [0x000002133ef2d060, 0x000002133ef2d7b8]
Event: 3485.592 Thread 0x0000021348448800 22038   !   4       org.eclipse.jdt.internal.compiler.parser.Scanner::jumpOverMethodBody (2089 bytes)

GC Heap History (20 events):
Event: 3485.270 GC heap before
{Heap before GC invocations=5621 (full 146):
 PSYoungGen      total 4096K, used 4085K [0x00000000eab00000, 0x00000000eb180000, 0x0000000100000000)
  eden space 3584K, 100% used [0x00000000eab00000,0x00000000eae80000,0x00000000eae80000)
  from space 512K, 97% used [0x00000000eb000000,0x00000000eb07d5f8,0x00000000eb080000)
  to   space 1024K, 0% used [0x00000000eb080000,0x00000000eb080000,0x00000000eb180000)
 ParOldGen       total 113664K, used 78869K [0x00000000c0000000, 0x00000000c6f00000, 0x00000000eab00000)
  object space 113664K, 69% used [0x00000000c0000000,0x00000000c4d05748,0x00000000c6f00000)
 Metaspace       used 80455K, capacity 83948K, committed 84056K, reserved 1124352K
  class space    used 7694K, capacity 8951K, committed 9048K, reserved 1048576K
}
Event: 3485.274 GC heap after
{Heap after GC invocations=5621 (full 146):
 PSYoungGen      total 4608K, used 773K [0x00000000eab00000, 0x00000000eb180000, 0x0000000100000000)
  eden space 3584K, 0% used [0x00000000eab00000,0x00000000eab00000,0x00000000eae80000)
  from space 1024K, 75% used [0x00000000eb080000,0x00000000eb141608,0x00000000eb180000)
  to   space 1024K, 0% used [0x00000000eaf80000,0x00000000eaf80000,0x00000000eb080000)
 ParOldGen       total 113664K, used 79355K [0x00000000c0000000, 0x00000000c6f00000, 0x00000000eab00000)
  object space 113664K, 69% used [0x00000000c0000000,0x00000000c4d7ec38,0x00000000c6f00000)
 Metaspace       used 80455K, capacity 83948K, committed 84056K, reserved 1124352K
  class space    used 7694K, capacity 8951K, committed 9048K, reserved 1048576K
}
Event: 3485.308 GC heap before
{Heap before GC invocations=5622 (full 146):
 PSYoungGen      total 4608K, used 4357K [0x00000000eab00000, 0x00000000eb180000, 0x0000000100000000)
  eden space 3584K, 100% used [0x00000000eab00000,0x00000000eae80000,0x00000000eae80000)
  from space 1024K, 75% used [0x00000000eb080000,0x00000000eb141608,0x00000000eb180000)
  to   space 1024K, 0% used [0x00000000eaf80000,0x00000000eaf80000,0x00000000eb080000)
 ParOldGen       total 113664K, used 79355K [0x00000000c0000000, 0x00000000c6f00000, 0x00000000eab00000)
  object space 113664K, 69% used [0x00000000c0000000,0x00000000c4d7ec38,0x00000000c6f00000)
 Metaspace       used 80455K, capacity 83948K, committed 84056K, reserved 1124352K
  class space    used 7694K, capacity 8951K, committed 9048K, reserved 1048576K
}
Event: 3485.310 GC heap after
{Heap after GC invocations=5622 (full 146):
 PSYoungGen      total 4608K, used 213K [0x00000000eab00000, 0x00000000eb100000, 0x0000000100000000)
  eden space 3584K, 0% used [0x00000000eab00000,0x00000000eab00000,0x00000000eae80000)
  from space 1024K, 20% used [0x00000000eaf80000,0x00000000eafb55f8,0x00000000eb080000)
  to   space 512K, 0% used [0x00000000eb080000,0x00000000eb080000,0x00000000eb100000)
 ParOldGen       total 113664K, used 79611K [0x00000000c0000000, 0x00000000c6f00000, 0x00000000eab00000)
  object space 113664K, 70% used [0x00000000c0000000,0x00000000c4dbec38,0x00000000c6f00000)
 Metaspace       used 80455K, capacity 83948K, committed 84056K, reserved 1124352K
  class space    used 7694K, capacity 8951K, committed 9048K, reserved 1048576K
}
Event: 3485.334 GC heap before
{Heap before GC invocations=5623 (full 146):
 PSYoungGen      total 4608K, used 3797K [0x00000000eab00000, 0x00000000eb100000, 0x0000000100000000)
  eden space 3584K, 100% used [0x00000000eab00000,0x00000000eae80000,0x00000000eae80000)
  from space 1024K, 20% used [0x00000000eaf80000,0x00000000eafb55f8,0x00000000eb080000)
  to   space 512K, 0% used [0x00000000eb080000,0x00000000eb080000,0x00000000eb100000)
 ParOldGen       total 113664K, used 79611K [0x00000000c0000000, 0x00000000c6f00000, 0x00000000eab00000)
  object space 113664K, 70% used [0x00000000c0000000,0x00000000c4dbec38,0x00000000c6f00000)
 Metaspace       used 80455K, capacity 83948K, committed 84056K, reserved 1124352K
  class space    used 7694K, capacity 8951K, committed 9048K, reserved 1048576K
}
Event: 3485.336 GC heap after
{Heap after GC invocations=5623 (full 146):
 PSYoungGen      total 4096K, used 96K [0x00000000eab00000, 0x00000000eb100000, 0x0000000100000000)
  eden space 3584K, 0% used [0x00000000eab00000,0x00000000eab00000,0x00000000eae80000)
  from space 512K, 18% used [0x00000000eb080000,0x00000000eb098000,0x00000000eb100000)
  to   space 512K, 0% used [0x00000000eb000000,0x00000000eb000000,0x00000000eb080000)
 ParOldGen       total 113664K, used 79752K [0x00000000c0000000, 0x00000000c6f00000, 0x00000000eab00000)
  object space 113664K, 70% used [0x00000000c0000000,0x00000000c4de2230,0x00000000c6f00000)
 Metaspace       used 80455K, capacity 83948K, committed 84056K, reserved 1124352K
  class space    used 7694K, capacity 8951K, committed 9048K, reserved 1048576K
}
Event: 3485.360 GC heap before
{Heap before GC invocations=5624 (full 146):
 PSYoungGen      total 4096K, used 3680K [0x00000000eab00000, 0x00000000eb100000, 0x0000000100000000)
  eden space 3584K, 100% used [0x00000000eab00000,0x00000000eae80000,0x00000000eae80000)
  from space 512K, 18% used [0x00000000eb080000,0x00000000eb098000,0x00000000eb100000)
  to   space 512K, 0% used [0x00000000eb000000,0x00000000eb000000,0x00000000eb080000)
 ParOldGen       total 113664K, used 79752K [0x00000000c0000000, 0x00000000c6f00000, 0x00000000eab00000)
  object space 113664K, 70% used [0x00000000c0000000,0x00000000c4de2230,0x00000000c6f00000)
 Metaspace       used 80455K, capacity 83948K, committed 84056K, reserved 1124352K
  class space    used 7694K, capacity 8951K, committed 9048K, reserved 1048576K
}
Event: 3485.362 GC heap after
{Heap after GC invocations=5624 (full 146):
 PSYoungGen      total 4096K, used 128K [0x00000000eab00000, 0x00000000eb100000, 0x0000000100000000)
  eden space 3584K, 0% used [0x00000000eab00000,0x00000000eab00000,0x00000000eae80000)
  from space 512K, 25% used [0x00000000eb000000,0x00000000eb020000,0x00000000eb080000)
  to   space 512K, 0% used [0x00000000eb080000,0x00000000eb080000,0x00000000eb100000)
 ParOldGen       total 113664K, used 79768K [0x00000000c0000000, 0x00000000c6f00000, 0x00000000eab00000)
  object space 113664K, 70% used [0x00000000c0000000,0x00000000c4de6230,0x00000000c6f00000)
 Metaspace       used 80455K, capacity 83948K, committed 84056K, reserved 1124352K
  class space    used 7694K, capacity 8951K, committed 9048K, reserved 1048576K
}
Event: 3485.386 GC heap before
{Heap before GC invocations=5625 (full 146):
 PSYoungGen      total 4096K, used 3712K [0x00000000eab00000, 0x00000000eb100000, 0x0000000100000000)
  eden space 3584K, 100% used [0x00000000eab00000,0x00000000eae80000,0x00000000eae80000)
  from space 512K, 25% used [0x00000000eb000000,0x00000000eb020000,0x00000000eb080000)
  to   space 512K, 0% used [0x00000000eb080000,0x00000000eb080000,0x00000000eb100000)
 ParOldGen       total 113664K, used 79768K [0x00000000c0000000, 0x00000000c6f00000, 0x00000000eab00000)
  object space 113664K, 70% used [0x00000000c0000000,0x00000000c4de6230,0x00000000c6f00000)
 Metaspace       used 80455K, capacity 83948K, committed 84056K, reserved 1124352K
  class space    used 7694K, capacity 8951K, committed 9048K, reserved 1048576K
}
Event: 3485.388 GC heap after
{Heap after GC invocations=5625 (full 146):
 PSYoungGen      total 4096K, used 96K [0x00000000eab00000, 0x00000000eb100000, 0x0000000100000000)
  eden space 3584K, 0% used [0x00000000eab00000,0x00000000eab00000,0x00000000eae80000)
  from space 512K, 18% used [0x00000000eb080000,0x00000000eb098000,0x00000000eb100000)
  to   space 512K, 0% used [0x00000000eb000000,0x00000000eb000000,0x00000000eb080000)
 ParOldGen       total 113664K, used 79784K [0x00000000c0000000, 0x00000000c6f00000, 0x00000000eab00000)
  object space 113664K, 70% used [0x00000000c0000000,0x00000000c4dea230,0x00000000c6f00000)
 Metaspace       used 80455K, capacity 83948K, committed 84056K, reserved 1124352K
  class space    used 7694K, capacity 8951K, committed 9048K, reserved 1048576K
}
Event: 3485.412 GC heap before
{Heap before GC invocations=5626 (full 146):
 PSYoungGen      total 4096K, used 3680K [0x00000000eab00000, 0x00000000eb100000, 0x0000000100000000)
  eden space 3584K, 100% used [0x00000000eab00000,0x00000000eae80000,0x00000000eae80000)
  from space 512K, 18% used [0x00000000eb080000,0x00000000eb098000,0x00000000eb100000)
  to   space 512K, 0% used [0x00000000eb000000,0x00000000eb000000,0x00000000eb080000)
 ParOldGen       total 113664K, used 79784K [0x00000000c0000000, 0x00000000c6f00000, 0x00000000eab00000)
  object space 113664K, 70% used [0x00000000c0000000,0x00000000c4dea230,0x00000000c6f00000)
 Metaspace       used 80455K, capacity 83948K, committed 84056K, reserved 1124352K
  class space    used 7694K, capacity 8951K, committed 9048K, reserved 1048576K
}
Event: 3485.414 GC heap after
{Heap after GC invocations=5626 (full 146):
 PSYoungGen      total 4096K, used 128K [0x00000000eab00000, 0x00000000eb100000, 0x0000000100000000)
  eden space 3584K, 0% used [0x00000000eab00000,0x00000000eab00000,0x00000000eae80000)
  from space 512K, 25% used [0x00000000eb000000,0x00000000eb020000,0x00000000eb080000)
  to   space 512K, 0% used [0x00000000eb080000,0x00000000eb080000,0x00000000eb100000)
 ParOldGen       total 113664K, used 79800K [0x00000000c0000000, 0x00000000c6f00000, 0x00000000eab00000)
  object space 113664K, 70% used [0x00000000c0000000,0x00000000c4dee230,0x00000000c6f00000)
 Metaspace       used 80455K, capacity 83948K, committed 84056K, reserved 1124352K
  class space    used 7694K, capacity 8951K, committed 9048K, reserved 1048576K
}
Event: 3485.590 GC heap before
{Heap before GC invocations=5627 (full 146):
 PSYoungGen      total 4096K, used 3712K [0x00000000eab00000, 0x00000000eb100000, 0x0000000100000000)
  eden space 3584K, 100% used [0x00000000eab00000,0x00000000eae80000,0x00000000eae80000)
  from space 512K, 25% used [0x00000000eb000000,0x00000000eb020000,0x00000000eb080000)
  to   space 512K, 0% used [0x00000000eb080000,0x00000000eb080000,0x00000000eb100000)
 ParOldGen       total 113664K, used 79800K [0x00000000c0000000, 0x00000000c6f00000, 0x00000000eab00000)
  object space 113664K, 70% used [0x00000000c0000000,0x00000000c4dee230,0x00000000c6f00000)
 Metaspace       used 80455K, capacity 83948K, committed 84056K, reserved 1124352K
  class space    used 7694K, capacity 8951K, committed 9048K, reserved 1048576K
}
Event: 3485.591 GC heap after
{Heap after GC invocations=5627 (full 146):
 PSYoungGen      total 4096K, used 128K [0x00000000eab00000, 0x00000000eb100000, 0x0000000100000000)
  eden space 3584K, 0% used [0x00000000eab00000,0x00000000eab00000,0x00000000eae80000)
  from space 512K, 25% used [0x00000000eb080000,0x00000000eb0a0000,0x00000000eb100000)
  to   space 512K, 0% used [0x00000000eb000000,0x00000000eb000000,0x00000000eb080000)
 ParOldGen       total 113664K, used 79808K [0x00000000c0000000, 0x00000000c6f00000, 0x00000000eab00000)
  object space 113664K, 70% used [0x00000000c0000000,0x00000000c4df0230,0x00000000c6f00000)
 Metaspace       used 80455K, capacity 83948K, committed 84056K, reserved 1124352K
  class space    used 7694K, capacity 8951K, committed 9048K, reserved 1048576K
}
Event: 3485.627 GC heap before
{Heap before GC invocations=5628 (full 146):
 PSYoungGen      total 4096K, used 3712K [0x00000000eab00000, 0x00000000eb100000, 0x0000000100000000)
  eden space 3584K, 100% used [0x00000000eab00000,0x00000000eae80000,0x00000000eae80000)
  from space 512K, 25% used [0x00000000eb080000,0x00000000eb0a0000,0x00000000eb100000)
  to   space 512K, 0% used [0x00000000eb000000,0x00000000eb000000,0x00000000eb080000)
 ParOldGen       total 113664K, used 79808K [0x00000000c0000000, 0x00000000c6f00000, 0x00000000eab00000)
  object space 113664K, 70% used [0x00000000c0000000,0x00000000c4df0230,0x00000000c6f00000)
 Metaspace       used 80455K, capacity 83948K, committed 84056K, reserved 1124352K
  class space    used 7694K, capacity 8951K, committed 9048K, reserved 1048576K
}
Event: 3485.630 GC heap after
{Heap after GC invocations=5628 (full 146):
 PSYoungGen      total 4096K, used 485K [0x00000000eab00000, 0x00000000eb100000, 0x0000000100000000)
  eden space 3584K, 0% used [0x00000000eab00000,0x00000000eab00000,0x00000000eae80000)
  from space 512K, 94% used [0x00000000eb000000,0x00000000eb079608,0x00000000eb080000)
  to   space 512K, 0% used [0x00000000eb080000,0x00000000eb080000,0x00000000eb100000)
 ParOldGen       total 113664K, used 80102K [0x00000000c0000000, 0x00000000c6f00000, 0x00000000eab00000)
  object space 113664K, 70% used [0x00000000c0000000,0x00000000c4e39820,0x00000000c6f00000)
 Metaspace       used 80455K, capacity 83948K, committed 84056K, reserved 1124352K
  class space    used 7694K, capacity 8951K, committed 9048K, reserved 1048576K
}
Event: 3485.664 GC heap before
{Heap before GC invocations=5629 (full 146):
 PSYoungGen      total 4096K, used 4069K [0x00000000eab00000, 0x00000000eb100000, 0x0000000100000000)
  eden space 3584K, 99% used [0x00000000eab00000,0x00000000eae7fff8,0x00000000eae80000)
  from space 512K, 94% used [0x00000000eb000000,0x00000000eb079608,0x00000000eb080000)
  to   space 512K, 0% used [0x00000000eb080000,0x00000000eb080000,0x00000000eb100000)
 ParOldGen       total 113664K, used 80102K [0x00000000c0000000, 0x00000000c6f00000, 0x00000000eab00000)
  object space 113664K, 70% used [0x00000000c0000000,0x00000000c4e39820,0x00000000c6f00000)
 Metaspace       used 80455K, capacity 83948K, committed 84056K, reserved 1124352K
  class space    used 7694K, capacity 8951K, committed 9048K, reserved 1048576K
}
Event: 3485.668 GC heap after
{Heap after GC invocations=5629 (full 146):
 PSYoungGen      total 4096K, used 512K [0x00000000eab00000, 0x00000000eb280000, 0x0000000100000000)
  eden space 3584K, 0% used [0x00000000eab00000,0x00000000eab00000,0x00000000eae80000)
  from space 512K, 100% used [0x00000000eb080000,0x00000000eb100000,0x00000000eb100000)
  to   space 2048K, 0% used [0x00000000eae80000,0x00000000eae80000,0x00000000eb080000)
 ParOldGen       total 113664K, used 81175K [0x00000000c0000000, 0x00000000c6f00000, 0x00000000eab00000)
  object space 113664K, 71% used [0x00000000c0000000,0x00000000c4f45f40,0x00000000c6f00000)
 Metaspace       used 80455K, capacity 83948K, committed 84056K, reserved 1124352K
  class space    used 7694K, capacity 8951K, committed 9048K, reserved 1048576K
}
Event: 3485.721 GC heap before
{Heap before GC invocations=5630 (full 146):
 PSYoungGen      total 4096K, used 4096K [0x00000000eab00000, 0x00000000eb280000, 0x0000000100000000)
  eden space 3584K, 100% used [0x00000000eab00000,0x00000000eae80000,0x00000000eae80000)
  from space 512K, 100% used [0x00000000eb080000,0x00000000eb100000,0x00000000eb100000)
  to   space 2048K, 0% used [0x00000000eae80000,0x00000000eae80000,0x00000000eb080000)
 ParOldGen       total 113664K, used 81175K [0x00000000c0000000, 0x00000000c6f00000, 0x00000000eab00000)
  object space 113664K, 71% used [0x00000000c0000000,0x00000000c4f45f40,0x00000000c6f00000)
 Metaspace       used 80455K, capacity 83948K, committed 84056K, reserved 1124352K
  class space    used 7694K, capacity 8951K, committed 9048K, reserved 1048576K
}
Event: 3485.726 GC heap after
{Heap after GC invocations=5630 (full 146):
 PSYoungGen      total 4096K, used 496K [0x00000000eab00000, 0x00000000eb100000, 0x0000000100000000)
  eden space 3584K, 0% used [0x00000000eab00000,0x00000000eab00000,0x00000000eae80000)
  from space 512K, 96% used [0x00000000eae80000,0x00000000eaefc010,0x00000000eaf00000)
  to   space 1024K, 0% used [0x00000000eb000000,0x00000000eb000000,0x00000000eb100000)
 ParOldGen       total 113664K, used 81701K [0x00000000c0000000, 0x00000000c6f00000, 0x00000000eab00000)
  object space 113664K, 71% used [0x00000000c0000000,0x00000000c4fc95c0,0x00000000c6f00000)
 Metaspace       used 80455K, capacity 83948K, committed 84056K, reserved 1124352K
  class space    used 7694K, capacity 8951K, committed 9048K, reserved 1048576K
}

Deoptimization events (20 events):
Event: 3484.629 Thread 0x000002134f7c1000 DEOPT PACKING pc=0x0000021338dd0e3d sp=0x0000002eecbfdcc0
Event: 3484.629 Thread 0x000002134f7c1000 DEOPT UNPACKING pc=0x0000021336b09940 sp=0x0000002eecbfd1b0 mode 0
Event: 3485.215 Thread 0x000002134f7c1000 DEOPT PACKING pc=0x0000021338dd10cc sp=0x0000002eecbfda50
Event: 3485.215 Thread 0x000002134f7c1000 DEOPT UNPACKING pc=0x0000021336b09940 sp=0x0000002eecbfcf40 mode 0
Event: 3485.247 Thread 0x000002134f7c1000 DEOPT PACKING pc=0x0000021338dd10cc sp=0x0000002eecbfdc90
Event: 3485.247 Thread 0x000002134f7c1000 DEOPT UNPACKING pc=0x0000021336b09940 sp=0x0000002eecbfd180 mode 0
Event: 3485.592 Thread 0x0000021349dc9800 DEOPT PACKING pc=0x0000021338dd0cc7 sp=0x0000002eeecfdd70
Event: 3485.592 Thread 0x0000021349dc9800 DEOPT UNPACKING pc=0x0000021336b09940 sp=0x0000002eeecfd268 mode 0
Event: 3485.602 Thread 0x0000021349dc9800 DEOPT PACKING pc=0x0000021338dd0d00 sp=0x0000002eeecfdd70
Event: 3485.602 Thread 0x0000021349dc9800 DEOPT UNPACKING pc=0x0000021336b09940 sp=0x0000002eeecfd268 mode 0
Event: 3485.618 Thread 0x0000021349dc9800 DEOPT PACKING pc=0x0000021338dd0d00 sp=0x0000002eeecfdbc0
Event: 3485.618 Thread 0x0000021349dc9800 DEOPT UNPACKING pc=0x0000021336b09940 sp=0x0000002eeecfd0b8 mode 0
Event: 3485.632 Thread 0x0000021349dc9800 DEOPT PACKING pc=0x0000021339327e80 sp=0x0000002eeecfd810
Event: 3485.632 Thread 0x0000021349dc9800 DEOPT UNPACKING pc=0x0000021336b09940 sp=0x0000002eeecfcca0 mode 0
Event: 3485.648 Thread 0x000002134f7c2800 DEOPT PACKING pc=0x0000021338dd0d00 sp=0x0000002eeccfe4a0
Event: 3485.648 Thread 0x000002134f7c2800 DEOPT UNPACKING pc=0x0000021336b09940 sp=0x0000002eeccfd998 mode 0
Event: 3485.702 Thread 0x000002134f7c2800 DEOPT PACKING pc=0x0000021338dd0cc7 sp=0x0000002eeccfe4a0
Event: 3485.702 Thread 0x000002134f7c2800 DEOPT UNPACKING pc=0x0000021336b09940 sp=0x0000002eeccfd998 mode 0
Event: 3485.740 Thread 0x000002134f7c2800 DEOPT PACKING pc=0x0000021338dd1332 sp=0x0000002eeccfe4a0
Event: 3485.741 Thread 0x000002134f7c2800 DEOPT UNPACKING pc=0x0000021336b09940 sp=0x0000002eeccfd9a0 mode 0

Classes unloaded (20 events):
Event: 1039.614 Thread 0x000002134841f800 Unloading class 0x0000000801123c40 'jdk/internal/reflect/GeneratedMethodAccessor12'
Event: 1039.614 Thread 0x000002134841f800 Unloading class 0x0000000801123840 'jdk/internal/reflect/GeneratedMethodAccessor11'
Event: 1039.614 Thread 0x000002134841f800 Unloading class 0x0000000801124440 'jdk/internal/reflect/GeneratedMethodAccessor10'
Event: 1039.614 Thread 0x000002134841f800 Unloading class 0x0000000801096440 'java/lang/invoke/LambdaForm$MH'
Event: 1039.614 Thread 0x000002134841f800 Unloading class 0x0000000801096040 'java/lang/invoke/LambdaForm$MH'
Event: 1039.614 Thread 0x000002134841f800 Unloading class 0x0000000801096840 'java/lang/invoke/LambdaForm$MH'
Event: 1039.614 Thread 0x000002134841f800 Unloading class 0x0000000801090c40 'java/lang/invoke/LambdaForm$MH'
Event: 1039.614 Thread 0x000002134841f800 Unloading class 0x000000080105e040 'jdk/internal/reflect/GeneratedSerializationConstructorAccessor33'
Event: 1039.614 Thread 0x000002134841f800 Unloading class 0x000000080105ec40 'jdk/internal/reflect/GeneratedSerializationConstructorAccessor32'
Event: 1039.614 Thread 0x000002134841f800 Unloading class 0x000000080105e840 'jdk/internal/reflect/GeneratedSerializationConstructorAccessor31'
Event: 1039.614 Thread 0x000002134841f800 Unloading class 0x000000080100ec40 'jdk/internal/reflect/GeneratedSerializationConstructorAccessor30'
Event: 1039.615 Thread 0x000002134841f800 Unloading class 0x0000000800b98840 'jdk/internal/reflect/GeneratedConstructorAccessor1'
Event: 1112.561 Thread 0x000002134841f800 Unloading class 0x0000000800d7a040 'java/lang/invoke/LambdaForm$MH'
Event: 1112.561 Thread 0x000002134841f800 Unloading class 0x0000000800cf4440 'java/lang/invoke/LambdaForm$MH'
Event: 1112.561 Thread 0x000002134841f800 Unloading class 0x0000000800cf4040 'java/lang/invoke/LambdaForm$MH'
Event: 1112.561 Thread 0x000002134841f800 Unloading class 0x0000000800cf4c40 'java/lang/invoke/LambdaForm$MH'
Event: 1112.561 Thread 0x000002134841f800 Unloading class 0x0000000800cf4840 'java/lang/invoke/LambdaForm$MH'
Event: 1112.561 Thread 0x000002134841f800 Unloading class 0x0000000800cf5440 'java/lang/invoke/LambdaForm$MH'
Event: 1112.561 Thread 0x000002134841f800 Unloading class 0x0000000800cf5040 'java/lang/invoke/LambdaForm$MH'
Event: 1112.561 Thread 0x000002134841f800 Unloading class 0x0000000800c11840 'java/lang/invoke/LambdaForm$MH'

Classes redefined (0 events):
No events

Internal exceptions (20 events):
Event: 3405.708 Thread 0x0000021349dc9800 Exception <a 'java/lang/ClassNotFoundException'{0x00000000eaecc288}: sun/net/www/protocol/jdt/Handler> (0x00000000eaecc288) 
thrown [t:/workspace/open/src/hotspot/share/classfile/systemDictionary.cpp, line 226]
Event: 3412.921 Thread 0x000002134f7be800 Implicit null exception at 0x000002133ee3a39a to 0x000002133ee3ab6b
Event: 3436.420 Thread 0x000002134f7c8800 Exception <a 'java/lang/ArrayIndexOutOfBoundsException'{0x00000000eadcf1d8}> (0x00000000eadcf1d8) 
thrown [t:/workspace/open/src/hotspot/share/runtime/sharedRuntime.cpp, line 584]
Event: 3436.420 Thread 0x000002134f7c8800 Exception <a 'java/lang/ArrayIndexOutOfBoundsException'{0x00000000eadcf500}> (0x00000000eadcf500) 
thrown [t:/workspace/open/src/hotspot/share/runtime/sharedRuntime.cpp, line 584]
Event: 3441.826 Thread 0x000002134f7be800 Exception <a 'java/lang/ArrayIndexOutOfBoundsException'{0x00000000eb040fd8}> (0x00000000eb040fd8) 
thrown [t:/workspace/open/src/hotspot/share/runtime/sharedRuntime.cpp, line 584]
Event: 3441.826 Thread 0x000002134f7be800 Exception <a 'java/lang/ArrayIndexOutOfBoundsException'{0x00000000eb041300}> (0x00000000eb041300) 
thrown [t:/workspace/open/src/hotspot/share/runtime/sharedRuntime.cpp, line 584]
Event: 3468.503 Thread 0x000002134f7c0000 Exception <a 'java/lang/ClassNotFoundException'{0x00000000eb1a38b0}: sun/net/www/protocol/jdt/Handler> (0x00000000eb1a38b0) 
thrown [t:/workspace/open/src/hotspot/share/classfile/systemDictionary.cpp, line 226]
Event: 3468.503 Thread 0x000002134f7c0000 Exception <a 'java/lang/ClassNotFoundException'{0x00000000eb1a5fb0}: sun/net/www/protocol/jdt/Handler> (0x00000000eb1a5fb0) 
thrown [t:/workspace/open/src/hotspot/share/classfile/systemDictionary.cpp, line 226]
Event: 3468.503 Thread 0x000002134f7c0000 Exception <a 'java/lang/ClassNotFoundException'{0x00000000eb1a86b0}: sun/net/www/protocol/jdt/Handler> (0x00000000eb1a86b0) 
thrown [t:/workspace/open/src/hotspot/share/classfile/systemDictionary.cpp, line 226]
Event: 3468.504 Thread 0x000002134f7c0000 Exception <a 'java/lang/ClassNotFoundException'{0x00000000eb1aadd8}: sun/net/www/protocol/jdt/Handler> (0x00000000eb1aadd8) 
thrown [t:/workspace/open/src/hotspot/share/classfile/systemDictionary.cpp, line 226]
Event: 3468.504 Thread 0x000002134f7c0000 Exception <a 'java/lang/ClassNotFoundException'{0x00000000eb1ad4d8}: sun/net/www/protocol/jdt/Handler> (0x00000000eb1ad4d8) 
thrown [t:/workspace/open/src/hotspot/share/classfile/systemDictionary.cpp, line 226]
Event: 3468.505 Thread 0x000002134f7c0000 Exception <a 'java/lang/ClassNotFoundException'{0x00000000eb1afc10}: sun/net/www/protocol/jdt/Handler> (0x00000000eb1afc10) 
thrown [t:/workspace/open/src/hotspot/share/classfile/systemDictionary.cpp, line 226]
Event: 3468.505 Thread 0x000002134f7c0000 Exception <a 'java/lang/ClassNotFoundException'{0x00000000eb1b2560}: sun/net/www/protocol/jdt/Handler> (0x00000000eb1b2560) 
thrown [t:/workspace/open/src/hotspot/share/classfile/systemDictionary.cpp, line 226]
Event: 3468.506 Thread 0x000002134f7c0000 Exception <a 'java/lang/ClassNotFoundException'{0x00000000eb1b4c60}: sun/net/www/protocol/jdt/Handler> (0x00000000eb1b4c60) 
thrown [t:/workspace/open/src/hotspot/share/classfile/systemDictionary.cpp, line 226]
Event: 3468.506 Thread 0x000002134f7c0000 Exception <a 'java/lang/ClassNotFoundException'{0x00000000eb1b73a8}: sun/net/www/protocol/jdt/Handler> (0x00000000eb1b73a8) 
thrown [t:/workspace/open/src/hotspot/share/classfile/systemDictionary.cpp, line 226]
Event: 3468.506 Thread 0x000002134f7c0000 Exception <a 'java/lang/ClassNotFoundException'{0x00000000eb1b9aa8}: sun/net/www/protocol/jdt/Handler> (0x00000000eb1b9aa8) 
thrown [t:/workspace/open/src/hotspot/share/classfile/systemDictionary.cpp, line 226]
Event: 3470.915 Thread 0x000002134f7bc000 Exception <a 'java/lang/ClassNotFoundException'{0x00000000eaefade8}: sun/net/www/protocol/jdt/Handler> (0x00000000eaefade8) 
thrown [t:/workspace/open/src/hotspot/share/classfile/systemDictionary.cpp, line 226]
Event: 3470.916 Thread 0x000002134f7bc000 Exception <a 'java/lang/ClassNotFoundException'{0x00000000eaefce10}: sun/net/www/protocol/jdt/Handler> (0x00000000eaefce10) 
thrown [t:/workspace/open/src/hotspot/share/classfile/systemDictionary.cpp, line 226]
Event: 3470.916 Thread 0x000002134f7bc000 Exception <a 'java/lang/ClassNotFoundException'{0x00000000eaefec98}: sun/net/www/protocol/jdt/Handler> (0x00000000eaefec98) 
thrown [t:/workspace/open/src/hotspot/share/classfile/systemDictionary.cpp, line 226]
Event: 3470.917 Thread 0x000002134f7bc000 Exception <a 'java/lang/ClassNotFoundException'{0x00000000eaf02ac0}: sun/net/www/protocol/jdt/Handler> (0x00000000eaf02ac0) 
thrown [t:/workspace/open/src/hotspot/share/classfile/systemDictionary.cpp, line 226]

Events (20 events):
Event: 3485.270 Executing VM operation: ParallelGCFailedAllocation
Event: 3485.274 Executing VM operation: ParallelGCFailedAllocation done
Event: 3485.308 Executing VM operation: ParallelGCFailedAllocation
Event: 3485.310 Executing VM operation: ParallelGCFailedAllocation done
Event: 3485.334 Executing VM operation: ParallelGCFailedAllocation
Event: 3485.336 Executing VM operation: ParallelGCFailedAllocation done
Event: 3485.360 Executing VM operation: ParallelGCFailedAllocation
Event: 3485.362 Executing VM operation: ParallelGCFailedAllocation done
Event: 3485.386 Executing VM operation: ParallelGCFailedAllocation
Event: 3485.388 Executing VM operation: ParallelGCFailedAllocation done
Event: 3485.411 Executing VM operation: ParallelGCFailedAllocation
Event: 3485.414 Executing VM operation: ParallelGCFailedAllocation done
Event: 3485.589 Executing VM operation: ParallelGCFailedAllocation
Event: 3485.592 Executing VM operation: ParallelGCFailedAllocation done
Event: 3485.627 Executing VM operation: ParallelGCFailedAllocation
Event: 3485.630 Executing VM operation: ParallelGCFailedAllocation done
Event: 3485.655 Executing VM operation: ParallelGCFailedAllocation
Event: 3485.668 Executing VM operation: ParallelGCFailedAllocation done
Event: 3485.720 Executing VM operation: ParallelGCFailedAllocation
Event: 3485.726 Executing VM operation: ParallelGCFailedAllocation done


Dynamic libraries:
0x00007ff646b30000 - 0x00007ff646b3f000 	C:\Program Files\Java\jdk-14\bin\java.exe
0x00007ffc49210000 - 0x00007ffc49408000 	C:\WINDOWS\SYSTEM32\ntdll.dll
0x00007ffc488d0000 - 0x00007ffc4898f000 	C:\WINDOWS\System32\KERNEL32.DLL
0x00007ffc46b70000 - 0x00007ffc46e66000 	C:\WINDOWS\System32\KERNELBASE.dll
0x00007ffc47070000 - 0x00007ffc47170000 	C:\WINDOWS\System32\ucrtbase.dll
0x00007ffc2bb60000 - 0x00007ffc2bb78000 	C:\Program Files\Java\jdk-14\bin\jli.dll
0x00007ffc2b7e0000 - 0x00007ffc2b7f5000 	C:\Program Files\Java\jdk-14\bin\VCRUNTIME140.dll
0x00007ffc47d40000 - 0x00007ffc47def000 	C:\WINDOWS\System32\ADVAPI32.dll
0x00007ffc47df0000 - 0x00007ffc47e8e000 	C:\WINDOWS\System32\msvcrt.dll
0x00007ffc485c0000 - 0x00007ffc4865c000 	C:\WINDOWS\System32\sechost.dll
0x00007ffc47b90000 - 0x00007ffc47cb6000 	C:\WINDOWS\System32\RPCRT4.dll
0x00007ffc480c0000 - 0x00007ffc4825d000 	C:\WINDOWS\System32\USER32.dll
0x00007ffc37400000 - 0x00007ffc3769a000 	C:\WINDOWS\WinSxS\amd64_microsoft.windows.common-controls_6595b64144ccf1df_6.0.19041.1110_none_60b5254171f9507e\COMCTL32.dll
0x00007ffc46a60000 - 0x00007ffc46a82000 	C:\WINDOWS\System32\win32u.dll
0x00007ffc47f20000 - 0x00007ffc47f4c000 	C:\WINDOWS\System32\GDI32.dll
0x00007ffc468f0000 - 0x00007ffc46a05000 	C:\WINDOWS\System32\gdi32full.dll
0x00007ffc46fd0000 - 0x00007ffc4706d000 	C:\WINDOWS\System32\msvcp_win.dll
0x00007ffc354e0000 - 0x00007ffc354ea000 	C:\WINDOWS\SYSTEM32\VERSION.dll
0x00007ffc47620000 - 0x00007ffc47650000 	C:\WINDOWS\System32\IMM32.DLL
0x00007ffc17820000 - 0x00007ffc178bb000 	C:\Program Files\Java\jdk-14\bin\msvcp140.dll
0x00007ffbfd460000 - 0x00007ffbfdf7f000 	C:\Program Files\Java\jdk-14\bin\server\jvm.dll
0x00007ffc47cc0000 - 0x00007ffc47cc8000 	C:\WINDOWS\System32\PSAPI.DLL
0x00007ffc36380000 - 0x00007ffc363a7000 	C:\WINDOWS\SYSTEM32\WINMM.dll
0x00007ffc36720000 - 0x00007ffc36729000 	C:\WINDOWS\SYSTEM32\WSOCK32.dll
0x00007ffc47cd0000 - 0x00007ffc47d3b000 	C:\WINDOWS\System32\WS2_32.dll
0x00007ffc447b0000 - 0x00007ffc447c2000 	C:\WINDOWS\SYSTEM32\kernel.appcore.dll
0x00007ffc40c60000 - 0x00007ffc40c6a000 	C:\Program Files\Java\jdk-14\bin\jimage.dll
0x00007ffc360f0000 - 0x00007ffc362d4000 	C:\WINDOWS\SYSTEM32\DBGHELP.DLL
0x00007ffc359b0000 - 0x00007ffc359e4000 	C:\WINDOWS\SYSTEM32\dbgcore.DLL
0x00007ffc471e0000 - 0x00007ffc47262000 	C:\WINDOWS\System32\bcryptPrimitives.dll
0x00007ffc29d80000 - 0x00007ffc29da5000 	C:\Program Files\Java\jdk-14\bin\java.dll
0x00007ffc2b1b0000 - 0x00007ffc2b1c7000 	C:\Program Files\Java\jdk-14\bin\zip.dll
0x00007ffc48990000 - 0x00007ffc490d4000 	C:\WINDOWS\System32\SHELL32.dll
0x00007ffc449b0000 - 0x00007ffc45143000 	C:\WINDOWS\SYSTEM32\windows.storage.dll
0x00007ffc48260000 - 0x00007ffc485b4000 	C:\WINDOWS\System32\combase.dll
0x00007ffc46350000 - 0x00007ffc4637e000 	C:\WINDOWS\SYSTEM32\Wldp.dll
0x00007ffc47f50000 - 0x00007ffc47ffd000 	C:\WINDOWS\System32\SHCORE.dll
0x00007ffc47390000 - 0x00007ffc473e5000 	C:\WINDOWS\System32\shlwapi.dll
0x00007ffc46830000 - 0x00007ffc4684f000 	C:\WINDOWS\SYSTEM32\profapi.dll
0x00007ffc2aeb0000 - 0x00007ffc2aec9000 	C:\Program Files\Java\jdk-14\bin\net.dll
0x00007ffc3b390000 - 0x00007ffc3b49a000 	C:\WINDOWS\SYSTEM32\WINHTTP.dll
0x00007ffc45fd0000 - 0x00007ffc4603a000 	C:\WINDOWS\system32\mswsock.dll
0x00007ffc2a8b0000 - 0x00007ffc2a8c2000 	C:\Program Files\Java\jdk-14\bin\nio.dll
0x00007ffc46230000 - 0x00007ffc46248000 	C:\WINDOWS\SYSTEM32\CRYPTSP.dll
0x00007ffc458f0000 - 0x00007ffc45924000 	C:\WINDOWS\system32\rsaenh.dll
0x00007ffc46a90000 - 0x00007ffc46ab7000 	C:\WINDOWS\System32\bcrypt.dll
0x00007ffc467b0000 - 0x00007ffc467de000 	C:\WINDOWS\SYSTEM32\USERENV.dll
0x00007ffc46250000 - 0x00007ffc4625c000 	C:\WINDOWS\SYSTEM32\CRYPTBASE.dll
0x00007ffc45cc0000 - 0x00007ffc45cfc000 	C:\WINDOWS\SYSTEM32\IPHLPAPI.DLL
0x00007ffc491c0000 - 0x00007ffc491c8000 	C:\WINDOWS\System32\NSI.dll
0x00007ffc3b5e0000 - 0x00007ffc3b5f7000 	C:\WINDOWS\SYSTEM32\dhcpcsvc6.DLL
0x00007ffc3b710000 - 0x00007ffc3b72d000 	C:\WINDOWS\SYSTEM32\dhcpcsvc.DLL
0x00007ffc45d00000 - 0x00007ffc45dcb000 	C:\WINDOWS\SYSTEM32\DNSAPI.dll
0x00007ffc2b650000 - 0x00007ffc2b679000 	C:\Users\Mypc\AppData\Roaming\Code\User\globalStorage\redhat.java\0.76.0\config_win\org.eclipse.equinox.launcher\org.eclipse.equinox.launcher.win32.win32.x86_64_1.2.100.v20210209-1541\eclipse_11301.dll
0x00007ffc3b300000 - 0x00007ffc3b310000 	C:\Program Files\Java\jdk-14\bin\verify.dll
0x00007ffc2b1d0000 - 0x00007ffc2b1e1000 	C:\Users\Mypc\AppData\Roaming\Code\User\globalStorage\redhat.java\0.76.0\config_win\org.eclipse.osgi\23\0\.cp\jWinHttp-1.0.0.dll
0x00007ffc48660000 - 0x00007ffc4878a000 	C:\WINDOWS\System32\ole32.dll
0x00007ffc2b680000 - 0x00007ffc2b6a5000 	C:\Program Files\Java\jdk-14\bin\sunec.dll
0x00007ffc41ab0000 - 0x00007ffc41abe000 	C:\Program Files\Java\jdk-14\bin\sunmscapi.dll
0x00007ffc46e70000 - 0x00007ffc46fce000 	C:\WINDOWS\System32\CRYPT32.dll
0x00007ffc463c0000 - 0x00007ffc463e8000 	C:\WINDOWS\SYSTEM32\ncrypt.dll
0x00007ffc46380000 - 0x00007ffc463bb000 	C:\WINDOWS\SYSTEM32\NTASN1.dll
0x00007ffc38b50000 - 0x00007ffc38b5a000 	C:\Windows\System32\rasadhlp.dll
0x00007ffc38cd0000 - 0x00007ffc38d52000 	C:\WINDOWS\System32\fwpuclnt.dll

dbghelp: loaded successfully - version: 4.0.5 - missing functions: none
symbol engine: initialized successfully - sym options: 0x614 - pdb path: .;C:\Program Files\Java\jdk-14\bin;C:\WINDOWS\SYSTEM32;C:\WINDOWS\WinSxS\amd64_microsoft.windows.common-controls_6595b64144ccf1df_6.0.19041.1110_none_60b5254171f9507e;C:\Program Files\Java\jdk-14\bin\server;C:\Users\Mypc\AppData\Roaming\Code\User\globalStorage\redhat.java\0.76.0\config_win\org.eclipse.equinox.launcher\org.eclipse.equinox.launcher.win32.win32.x86_64_1.2.100.v20210209-1541;C:\Users\Mypc\AppData\Roaming\Code\User\globalStorage\redhat.java\0.76.0\config_win\org.eclipse.osgi\23\0\.cp

VM Arguments:
jvm_args: --add-modules=ALL-SYSTEM --add-opens=java.base/java.util=ALL-UNNAMED --add-opens=java.base/java.lang=ALL-UNNAMED -Declipse.application=org.eclipse.jdt.ls.core.id1 -Dosgi.bundles.defaultStartLevel=4 -Declipse.product=org.eclipse.jdt.ls.core.product -Dfile.encoding=utf8 -DwatchParentProcess=false -XX:+UseParallelGC -XX:GCTimeRatio=4 -XX:AdaptiveSizePolicyWeight=90 -Dsun.zip.disableMemoryMapping=true -Xmx1G -Xms100m 
java_command: c:\Users\Mypc\.vscode\extensions\redhat.java-0.76.0\server\plugins\org.eclipse.equinox.launcher_1.6.100.v20201223-0822.jar -configuration c:\Users\Mypc\AppData\Roaming\Code\User\globalStorage\redhat.java\0.76.0\config_win -data c:\Users\Mypc\AppData\Roaming\Code\User\workspaceStorage\70ef265e2653a8e8a97e2688d53f32b5\redhat.java\jdt_ws
java_class_path (initial): c:\Users\Mypc\.vscode\extensions\redhat.java-0.76.0\server\plugins\org.eclipse.equinox.launcher_1.6.100.v20201223-0822.jar
Launcher Type: SUN_STANDARD

[Global flags]
    uintx AdaptiveSizePolicyWeight                 = 90                                        {product} {command line}
     intx CICompilerCount                          = 3                                         {product} {ergonomic}
    uintx GCTimeRatio                              = 4                                         {product} {command line}
   size_t InitialHeapSize                          = 104857600                                 {product} {command line}
   size_t MaxHeapSize                              = 1073741824                                {product} {command line}
   size_t MaxNewSize                               = 357564416                                 {product} {ergonomic}
   size_t MinHeapDeltaBytes                        = 524288                                    {product} {ergonomic}
   size_t MinHeapSize                              = 104857600                                 {product} {command line}
   size_t NewSize                                  = 34603008                                  {product} {ergonomic}
    uintx NonNMethodCodeHeapSize                   = 5832780                                {pd product} {ergonomic}
    uintx NonProfiledCodeHeapSize                  = 122912730                              {pd product} {ergonomic}
   size_t OldSize                                  = 70254592                                  {product} {ergonomic}
    uintx ProfiledCodeHeapSize                     = 122912730                              {pd product} {ergonomic}
    uintx ReservedCodeCacheSize                    = 251658240                              {pd product} {ergonomic}
     bool SegmentedCodeCache                       = true                                      {product} {ergonomic}
   size_t SoftMaxHeapSize                          = 1073741824                             {manageable} {ergonomic}
     bool UseCompressedClassPointers               = true                                 {lp64_product} {ergonomic}
     bool UseCompressedOops                        = true                                 {lp64_product} {ergonomic}
     bool UseLargePagesIndividualAllocation        = false                                  {pd product} {ergonomic}
     bool UseParallelGC                            = true                                      {product} {command line}

Logging:
Log output configuration:
 #0: stdout all=warning uptime,level,tags
 #1: stderr all=off uptime,level,tags

Environment Variables:
JAVA_HOME=C:\Program Files\Java\jdk-14
PATH=E:\db_home\bin;C:\WINDOWS\system32;C:\WINDOWS;C:\WINDOWS\System32\Wbem;C:\WINDOWS\System32\WindowsPowerShell\v1.0\;C:\WINDOWS\System32\OpenSSH\;C:\Program Files\Java\jdk-14\bin;C:\Program Files (x86)\CodeBlocks\MinGW\bin;C:\Users\Mypc\AppData\Local\Android\Sdk\platforms;C:\Users\Mypc\AppData\Local\Android\Sdk\platform-tools;C:\Users\Mypc\AppData\Local\Android\Sdk;C:\Users\Mypc\AppData\Local\Android\Sdk\emulator;E:\Git\cmd;E:\nodejs\;C:\Program Files\Maven\apache-maven-3.9.1\bin;C:\Users\Mypc\AppData\Local\Microsoft\WindowsApps;C:\Program Files\Java\jdk-14\bin;C:\Users\Mypc\AppData\Local\Android\Sdk;E:\Microsoft VS Code\bin;E:\flutter\bin;C:\Users\Mypc\AppData\Roaming\npm
USERNAME=Mypc
OS=Windows_NT
PROCESSOR_IDENTIFIER=Intel64 Family 6 Model 55 Stepping 8, GenuineIntel



---------------  S Y S T E M  ---------------

OS: Windows 10 , 64 bit Build 19041 (10.0.19041.2913)
OS uptime: 2 days 23:56 hours

CPU:total 4 (initial active 4) (4 cores per cpu, 1 threads per core) family 6 model 55 stepping 8, cmov, cx8, fxsr, mmx, sse, sse2, sse3, ssse3, sse4.1, sse4.2, popcnt, clmul, erms, 3dnowpref, tsc, tscinvbit

Memory: 4k page, system-wide physical 3980M (1359M free)
TotalPageFile size 8844M (AvailPageFile size 3057M)
current process WorkingSet (physical memory assigned to process): 348M, peak: 390M
current process commit charge ("private bytes"): 418M, peak: 453M

vm_info: Java HotSpot(TM) 64-Bit Server VM (14+36-1461) for windows-amd64 JRE (14+36-1461), built on Feb  6 2020 19:08:04 by "mach5one" with MS VC++ 15.9 (VS2017)

END.
