#
# A fatal error has been detected by the Java Runtime Environment:
#
#  Internal Error (t:/workspace/open/src/hotspot/share/opto/output.cpp:1493), pid=4080, tid=17976
#  guarantee((int)(blk_starts[i+1] - blk_starts[i]) >= (current_offset - blk_offset)) failed: shouldn't increase block size
#
# JRE version: Java(TM) SE Runtime Environment (14.0+36) (build 14+36-1461)
# Java VM: Java HotSpot(TM) 64-Bit Server VM (14+36-1461, mixed mode, sharing, tiered, compressed oops, parallel gc, windows-amd64)
# No core dump will be written. Minidumps are not enabled by default on client versions of Windows
#
# If you would like to submit a bug report, please visit:
#   https://bugreport.java.com/bugreport/crash.jsp
#

---------------  S U M M A R Y ------------

Command Line: --add-modules=ALL-SYSTEM --add-opens=java.base/java.util=ALL-UNNAMED --add-opens=java.base/java.lang=ALL-UNNAMED -Declipse.application=org.eclipse.jdt.ls.core.id1 -Dosgi.bundles.defaultStartLevel=4 -Declipse.product=org.eclipse.jdt.ls.core.product -Dfile.encoding=utf8 -DwatchParentProcess=false -XX:+UseParallelGC -XX:GCTimeRatio=4 -XX:AdaptiveSizePolicyWeight=90 -Dsun.zip.disableMemoryMapping=true -Xmx1G -Xms100m c:\Users\Mypc\.vscode\extensions\redhat.java-0.76.0\server\plugins\org.eclipse.equinox.launcher_1.6.100.v20201223-0822.jar -configuration c:\Users\Mypc\AppData\Roaming\Code\User\globalStorage\redhat.java\0.76.0\config_win -data c:\Users\Mypc\AppData\Roaming\Code\User\workspaceStorage\70ef265e2653a8e8a97e2688d53f32b5\redhat.java\jdt_ws

Host: Intel(R) Pentium(R) CPU  N3540  @ 2.16GHz, 4 cores, 3G,  Windows 10 , 64 bit Build 19041 (10.0.19041.2913)
Time: Tue Jun 27 19:44:16 2023 India Standard Time elapsed time: 3304 seconds (0d 0h 55m 4s)

---------------  T H R E A D  ---------------

Current thread (0x000001a3db6be000):  JavaThread "C2 CompilerThread0" daemon [_thread_in_native, id=17976, stack(0x0000000110100000,0x0000000110200000)]


Current CompileTask:
C2:3304696 15282   !   4       org.eclipse.jdt.internal.compiler.parser.Scanner::getNextToken0 (3042 bytes)

Stack: [0x0000000110100000,0x0000000110200000]
Native frames: (J=compiled Java code, j=interpreted, Vv=VM code, C=native code)
V  [jvm.dll+0x5f83ea]
V  [jvm.dll+0x741e2a]
V  [jvm.dll+0x7435df]
V  [jvm.dll+0x743bd7]
V  [jvm.dll+0x20d1ec]
V  [jvm.dll+0x5ff1a0]
V  [jvm.dll+0x5fd52d]
V  [jvm.dll+0x1e612a]
V  [jvm.dll+0x1e5098]
V  [jvm.dll+0x1779cc]
V  [jvm.dll+0x1f40e5]
V  [jvm.dll+0x1f22cb]
V  [jvm.dll+0x706a7d]
V  [jvm.dll+0x6ff89a]
V  [jvm.dll+0x5f72a6]
C  [ucrtbase.dll+0x21bb2]
C  [KERNEL32.DLL+0x17614]
C  [ntdll.dll+0x526a1]


---------------  P R O C E S S  ---------------

Threads class SMR info:
_java_thread_list=0x000001a3dd2cd010, length=29, elements={
0x000001a3c158c000, 0x000001a3c166a000, 0x000001a3c166b000, 0x000001a3db6b8800,
0x000001a3db6ba800, 0x000001a3db6bd000, 0x000001a3db6be000, 0x000001a3db6c0000,
0x000001a3db738000, 0x000001a3dc8c0800, 0x000001a3dc97e000, 0x000001a3dcb37800,
0x000001a3dd0e7800, 0x000001a3dc83e800, 0x000001a3dcf2d800, 0x000001a3dc872000,
0x000001a3dcf77000, 0x000001a3dcf78000, 0x000001a3dcf76800, 0x000001a3dcf74800,
0x000001a3df183000, 0x000001a3df181800, 0x000001a3df17f800, 0x000001a3df180800,
0x000001a3df186000, 0x000001a3df187000, 0x000001a3df189800, 0x000001a3df184000,
0x000001a3df18a800
}

Java Threads: ( => current thread )
  0x000001a3c158c000 JavaThread "main" [_thread_blocked, id=1344, stack(0x000000010f900000,0x000000010fa00000)]
  0x000001a3c166a000 JavaThread "Reference Handler" daemon [_thread_blocked, id=13804, stack(0x000000010fc00000,0x000000010fd00000)]
  0x000001a3c166b000 JavaThread "Finalizer" daemon [_thread_blocked, id=11308, stack(0x000000010fd00000,0x000000010fe00000)]
  0x000001a3db6b8800 JavaThread "Signal Dispatcher" daemon [_thread_blocked, id=5440, stack(0x000000010fe00000,0x000000010ff00000)]
  0x000001a3db6ba800 JavaThread "Attach Listener" daemon [_thread_blocked, id=10944, stack(0x000000010ff00000,0x0000000110000000)]
  0x000001a3db6bd000 JavaThread "Service Thread" daemon [_thread_blocked, id=12780, stack(0x0000000110000000,0x0000000110100000)]
=>0x000001a3db6be000 JavaThread "C2 CompilerThread0" daemon [_thread_in_native, id=17976, stack(0x0000000110100000,0x0000000110200000)]
  0x000001a3db6c0000 JavaThread "C1 CompilerThread0" daemon [_thread_blocked, id=4672, stack(0x0000000110200000,0x0000000110300000)]
  0x000001a3db738000 JavaThread "Sweeper thread" daemon [_thread_blocked, id=8372, stack(0x0000000110300000,0x0000000110400000)]
  0x000001a3dc8c0800 JavaThread "Common-Cleaner" daemon [_thread_blocked, id=10432, stack(0x0000000110400000,0x0000000110500000)]
  0x000001a3dc97e000 JavaThread "Notification Thread" daemon [_thread_blocked, id=8836, stack(0x0000000110500000,0x0000000110600000)]
  0x000001a3dcb37800 JavaThread "Active Thread: Equinox Container: c048784b-4e46-4741-a995-11cb66cde4c2" [_thread_blocked, id=18636, stack(0x0000000110700000,0x0000000110800000)]
  0x000001a3dd0e7800 JavaThread "Framework Event Dispatcher: Equinox Container: c048784b-4e46-4741-a995-11cb66cde4c2" daemon [_thread_blocked, id=19172, stack(0x0000000110800000,0x0000000110900000)]
  0x000001a3dc83e800 JavaThread "Start Level: Equinox Container: c048784b-4e46-4741-a995-11cb66cde4c2" daemon [_thread_blocked, id=5784, stack(0x0000000110900000,0x0000000110a00000)]
  0x000001a3dcf2d800 JavaThread "SCR Component Actor" daemon [_thread_blocked, id=18932, stack(0x0000000110d00000,0x0000000110e00000)]
  0x000001a3dc872000 JavaThread "Worker-JM" [_thread_blocked, id=16288, stack(0x0000000110f00000,0x0000000111000000)]
  0x000001a3dcf77000 JavaThread "Java indexing" daemon [_thread_blocked, id=17600, stack(0x0000000111200000,0x0000000111300000)]
  0x000001a3dcf78000 JavaThread "logback configurator timer" daemon [_thread_blocked, id=17992, stack(0x0000000111300000,0x0000000111400000)]
  0x000001a3dcf76800 JavaThread "pool-2-thread-1" [_thread_in_native, id=4548, stack(0x0000000111700000,0x0000000111800000)]
  0x000001a3dcf74800 JavaThread "Bundle File Closer" daemon [_thread_blocked, id=17292, stack(0x000000010f600000,0x000000010f700000)]
  0x000001a3df183000 JavaThread "ForkJoinPool.commonPool-worker-1" daemon [_thread_blocked, id=9256, stack(0x000000010f800000,0x000000010f900000)]
  0x000001a3df181800 JavaThread "ForkJoinPool.commonPool-worker-3" daemon [_thread_in_Java, id=14068, stack(0x0000000111000000,0x0000000111100000)]
  0x000001a3df17f800 JavaThread "ForkJoinPool.commonPool-worker-9" daemon [_thread_in_Java, id=15548, stack(0x0000000111100000,0x0000000111200000)]
  0x000001a3df180800 JavaThread "Worker-8" [_thread_blocked, id=17916, stack(0x0000000111900000,0x0000000111a00000)]
  0x000001a3df186000 JavaThread "ForkJoinPool.commonPool-worker-11" daemon [_thread_blocked, id=10964, stack(0x0000000110e00000,0x0000000110f00000)]
  0x000001a3df187000 JavaThread "ForkJoinPool.commonPool-worker-13" daemon [_thread_blocked, id=13388, stack(0x0000000111400000,0x0000000111500000)]
  0x000001a3df189800 JavaThread "Worker-9" [_thread_blocked, id=13676, stack(0x0000000111500000,0x0000000111600000)]
  0x000001a3df184000 JavaThread "Worker-10" [_thread_blocked, id=6264, stack(0x0000000111600000,0x0000000111700000)]
  0x000001a3df18a800 JavaThread "C2 CompilerThread1" daemon [_thread_in_native, id=5700, stack(0x000000010f700000,0x000000010f800000)]

Other Threads:
  0x000001a3c1668800 VMThread "VM Thread" [stack: 0x000000010fb00000,0x000000010fc00000] [id=2928]
  0x000001a3dc95d800 WatcherThread [stack: 0x0000000110600000,0x0000000110700000] [id=10784]
  0x000001a3c15a6800 GCTaskThread "GC Thread#0" [stack: 0x000000010fa00000,0x000000010fb00000] [id=15440]
  0x000001a3dc8bf800 GCTaskThread "GC Thread#1" [stack: 0x0000000110a00000,0x0000000110b00000] [id=9688]
  0x000001a3dd1f4800 GCTaskThread "GC Thread#2" [stack: 0x0000000110b00000,0x0000000110c00000] [id=5256]
  0x000001a3dd1f5000 GCTaskThread "GC Thread#3" [stack: 0x0000000110c00000,0x0000000110d00000] [id=9472]

Threads with active compile tasks:
C2 CompilerThread0  3305113 15282   !   4       org.eclipse.jdt.internal.compiler.parser.Scanner::getNextToken0 (3042 bytes)
C2 CompilerThread1  3305113 15247   !   4       org.eclipse.jdt.internal.compiler.parser.Parser::parse (913 bytes)

VM state:not at safepoint (normal execution)

VM Mutex/Monitor currently owned by a thread: None

Heap address: 0x00000000c0000000, size: 1024 MB, Compressed Oops mode: 32-bit
Narrow klass base: 0x0000000800000000, Narrow klass shift: 3
Compressed class space size: 1073741824 Address: 0x0000000800b30000

Heap:
 PSYoungGen      total 10240K, used 9325K [0x00000000eab00000, 0x00000000ec180000, 0x0000000100000000)
  eden space 7680K, 88% used [0x00000000eab00000,0x00000000eb19cbd8,0x00000000eb280000)
  from space 2560K, 99% used [0x00000000eb300000,0x00000000eb57ec00,0x00000000eb580000)
  to   space 7680K, 0% used [0x00000000eba00000,0x00000000eba00000,0x00000000ec180000)
 ParOldGen       total 142336K, used 116304K [0x00000000c0000000, 0x00000000c8b00000, 0x00000000eab00000)
  object space 142336K, 81% used [0x00000000c0000000,0x00000000c71942e0,0x00000000c8b00000)
 Metaspace       used 75033K, capacity 78540K, committed 78628K, reserved 1120256K
  class space    used 7533K, capacity 8819K, committed 8832K, reserved 1048576K

Card table byte_map: [0x000001a3c0f50000,0x000001a3c1160000] _byte_map_base: 0x000001a3c0950000

Marking Bits: (ParMarkBitMap*) 0x00007ff84427b260
 Begin Bits: [0x000001a3d8d40000, 0x000001a3d9d40000)
 End Bits:   [0x000001a3d9d40000, 0x000001a3dad40000)

Polling page: 0x000001a3bf500000

Metaspace:

Usage:
  Non-class:     68.09 MB capacity,    65.92 MB ( 97%) used,     2.01 MB (  3%) free+waste,   163.94 KB ( <1%) overhead. 
      Class:      8.61 MB capacity,     7.36 MB ( 85%) used,     1.19 MB ( 14%) free+waste,    70.38 KB ( <1%) overhead. 
       Both:     76.70 MB capacity,    73.27 MB ( 96%) used,     3.20 MB (  4%) free+waste,   234.31 KB ( <1%) overhead. 

Virtual space:
  Non-class space:       70.00 MB reserved,      68.16 MB ( 97%) committed 
      Class space:        1.00 GB reserved,       8.63 MB ( <1%) committed 
             Both:        1.07 GB reserved,      76.79 MB (  7%) committed 

Chunk freelists:
   Non-Class:  11.00 KB
       Class:  13.00 KB
        Both:  24.00 KB

MaxMetaspaceSize: 17179869184.00 GB
CompressedClassSpaceSize: 1.00 GB

CodeHeap 'non-profiled nmethods': size=120000Kb used=8315Kb max_used=8882Kb free=111684Kb
 bounds [0x000001a3d1810000, 0x000001a3d20e0000, 0x000001a3d8d40000]
CodeHeap 'profiled nmethods': size=120000Kb used=31131Kb max_used=31131Kb free=88868Kb
 bounds [0x000001a3ca2e0000, 0x000001a3cc150000, 0x000001a3d1810000]
CodeHeap 'non-nmethods': size=5760Kb used=1447Kb max_used=1519Kb free=4312Kb
 bounds [0x000001a3c9d40000, 0x000001a3c9fb0000, 0x000001a3ca2e0000]
 total_blobs=20278 nmethods=12044 adapters=627
 compilation: enabled
              stopped_count=0, restarted_count=0
 full_count=0

Compilation events (20 events):
Event: 3304.406 Thread 0x000001a3db6c0000 15312       2       org.eclipse.jdt.internal.compiler.lookup.NestedTypeBinding::<init> (40 bytes)
Event: 3304.407 Thread 0x000001a3db6c0000 nmethod 15312 0x000001a3cae03e90 code [0x000001a3cae04040, 0x000001a3cae041e8]
Event: 3304.420 Thread 0x000001a3db6c0000 15313       2       org.eclipse.jdt.core.dom.IfStatement::accept0 (43 bytes)
Event: 3304.422 Thread 0x000001a3db6c0000 nmethod 15313 0x000001a3cae03290 code [0x000001a3cae03520, 0x000001a3cae03b58]
Event: 3304.478 Thread 0x000001a3db6c0000 15315       2       org.eclipse.jdt.internal.compiler.ast.LambdaExpression::traverse (78 bytes)
Event: 3304.479 Thread 0x000001a3db6c0000 nmethod 15315 0x000001a3cae02b90 code [0x000001a3cae02d60, 0x000001a3cae03078]
Event: 3304.479 Thread 0x000001a3db6c0000 15316       2       org.eclipse.jdt.internal.compiler.ASTVisitor::endVisit (1 bytes)
Event: 3304.479 Thread 0x000001a3db6c0000 nmethod 15316 0x000001a3cae02810 code [0x000001a3cae029a0, 0x000001a3cae02ab8]
Event: 3304.500 Thread 0x000001a3df18a800 nmethod 15310 0x000001a3d1b30e10 code [0x000001a3d1b31260, 0x000001a3d1b32cd0]
Event: 3304.500 Thread 0x000001a3df18a800 15286   !   4       org.eclipse.jdt.internal.compiler.parser.Scanner::jumpOverMethodBody (2089 bytes)
Event: 3304.500 Thread 0x000001a3db6c0000 15317       2       org.eclipse.jdt.internal.compiler.ast.FieldDeclaration::<init> (5 bytes)
Event: 3304.501 Thread 0x000001a3db6c0000 nmethod 15317 0x000001a3cae02490 code [0x000001a3cae02620, 0x000001a3cae02778]
Event: 3304.532 Thread 0x000001a3db6c0000 15318       2       org.eclipse.jdt.internal.compiler.ast.ArrayTypeReference::<init> (25 bytes)
Event: 3304.532 Thread 0x000001a3db6c0000 nmethod 15318 0x000001a3cae02090 code [0x000001a3cae02220, 0x000001a3cae023d8]
Event: 3304.587 Thread 0x000001a3db6c0000 15319       2       org.eclipse.jdt.internal.compiler.parser.Parser::consumeExplicitConstructorInvocation (202 bytes)
Event: 3304.588 Thread 0x000001a3db6c0000 nmethod 15319 0x000001a3cb9abb10 code [0x000001a3cb9abce0, 0x000001a3cb9ac228]
Event: 3304.599 Thread 0x000001a3db6c0000 15320       2       org.eclipse.jdt.internal.compiler.parser.Scanner::setSource (7 bytes)
Event: 3304.599 Thread 0x000001a3db6c0000 nmethod 15320 0x000001a3cae01d10 code [0x000001a3cae01ea0, 0x000001a3cae01fe8]
Event: 3304.599 Thread 0x000001a3db6c0000 15321       2       org.eclipse.jdt.internal.core.search.matching.MatchLocatorParser::consumeExplicitConstructorInvocation (28 bytes)
Event: 3304.600 Thread 0x000001a3db6c0000 nmethod 15321 0x000001a3cb9ab690 code [0x000001a3cb9ab840, 0x000001a3cb9ab9f8]

GC Heap History (20 events):
Event: 3303.974 GC heap before
{Heap before GC invocations=867 (full 28):
 PSYoungGen      total 5120K, used 4896K [0x00000000eab00000, 0x00000000eb100000, 0x0000000100000000)
  eden space 4608K, 100% used [0x00000000eab00000,0x00000000eaf80000,0x00000000eaf80000)
  from space 512K, 56% used [0x00000000eaf80000,0x00000000eafc8000,0x00000000eb000000)
  to   space 512K, 0% used [0x00000000eb080000,0x00000000eb080000,0x00000000eb100000)
 ParOldGen       total 116736K, used 113463K [0x00000000c0000000, 0x00000000c7200000, 0x00000000eab00000)
  object space 116736K, 97% used [0x00000000c0000000,0x00000000c6ecde78,0x00000000c7200000)
 Metaspace       used 75002K, capacity 78540K, committed 78628K, reserved 1120256K
  class space    used 7533K, capacity 8819K, committed 8832K, reserved 1048576K
}
Event: 3303.977 GC heap after
{Heap after GC invocations=867 (full 28):
 PSYoungGen      total 5632K, used 329K [0x00000000eab00000, 0x00000000eb180000, 0x0000000100000000)
  eden space 5120K, 0% used [0x00000000eab00000,0x00000000eab00000,0x00000000eb000000)
  from space 512K, 64% used [0x00000000eb080000,0x00000000eb0d27a0,0x00000000eb100000)
  to   space 512K, 0% used [0x00000000eb000000,0x00000000eb000000,0x00000000eb080000)
 ParOldGen       total 116736K, used 113669K [0x00000000c0000000, 0x00000000c7200000, 0x00000000eab00000)
  object space 116736K, 97% used [0x00000000c0000000,0x00000000c6f01678,0x00000000c7200000)
 Metaspace       used 75002K, capacity 78540K, committed 78628K, reserved 1120256K
  class space    used 7533K, capacity 8819K, committed 8832K, reserved 1048576K
}
Event: 3304.001 GC heap before
{Heap before GC invocations=868 (full 28):
 PSYoungGen      total 5632K, used 5449K [0x00000000eab00000, 0x00000000eb180000, 0x0000000100000000)
  eden space 5120K, 100% used [0x00000000eab00000,0x00000000eb000000,0x00000000eb000000)
  from space 512K, 64% used [0x00000000eb080000,0x00000000eb0d27a0,0x00000000eb100000)
  to   space 512K, 0% used [0x00000000eb000000,0x00000000eb000000,0x00000000eb080000)
 ParOldGen       total 116736K, used 113669K [0x00000000c0000000, 0x00000000c7200000, 0x00000000eab00000)
  object space 116736K, 97% used [0x00000000c0000000,0x00000000c6f01678,0x00000000c7200000)
 Metaspace       used 75002K, capacity 78540K, committed 78628K, reserved 1120256K
  class space    used 7533K, capacity 8819K, committed 8832K, reserved 1048576K
}
Event: 3304.006 GC heap after
{Heap after GC invocations=868 (full 28):
 PSYoungGen      total 5632K, used 512K [0x00000000eab00000, 0x00000000eb400000, 0x0000000100000000)
  eden space 5120K, 0% used [0x00000000eab00000,0x00000000eab00000,0x00000000eb000000)
  from space 512K, 100% used [0x00000000eb000000,0x00000000eb080000,0x00000000eb080000)
  to   space 1536K, 0% used [0x00000000eb280000,0x00000000eb280000,0x00000000eb400000)
 ParOldGen       total 116736K, used 114103K [0x00000000c0000000, 0x00000000c7200000, 0x00000000eab00000)
  object space 116736K, 97% used [0x00000000c0000000,0x00000000c6f6dc60,0x00000000c7200000)
 Metaspace       used 75002K, capacity 78540K, committed 78628K, reserved 1120256K
  class space    used 7533K, capacity 8819K, committed 8832K, reserved 1048576K
}
Event: 3304.020 GC heap before
{Heap before GC invocations=869 (full 28):
 PSYoungGen      total 5632K, used 5631K [0x00000000eab00000, 0x00000000eb400000, 0x0000000100000000)
  eden space 5120K, 99% used [0x00000000eab00000,0x00000000eafffce0,0x00000000eb000000)
  from space 512K, 100% used [0x00000000eb000000,0x00000000eb080000,0x00000000eb080000)
  to   space 1536K, 0% used [0x00000000eb280000,0x00000000eb280000,0x00000000eb400000)
 ParOldGen       total 116736K, used 114103K [0x00000000c0000000, 0x00000000c7200000, 0x00000000eab00000)
  object space 116736K, 97% used [0x00000000c0000000,0x00000000c6f6dc60,0x00000000c7200000)
 Metaspace       used 75002K, capacity 78540K, committed 78628K, reserved 1120256K
  class space    used 7533K, capacity 8819K, committed 8832K, reserved 1048576K
}
Event: 3304.024 GC heap after
{Heap after GC invocations=869 (full 28):
 PSYoungGen      total 6656K, used 361K [0x00000000eab00000, 0x00000000eb300000, 0x0000000100000000)
  eden space 6144K, 0% used [0x00000000eab00000,0x00000000eab00000,0x00000000eb100000)
  from space 512K, 70% used [0x00000000eb280000,0x00000000eb2da7a0,0x00000000eb300000)
  to   space 1024K, 0% used [0x00000000eb100000,0x00000000eb100000,0x00000000eb200000)
 ParOldGen       total 116736K, used 114617K [0x00000000c0000000, 0x00000000c7200000, 0x00000000eab00000)
  object space 116736K, 98% used [0x00000000c0000000,0x00000000c6fee720,0x00000000c7200000)
 Metaspace       used 75002K, capacity 78540K, committed 78628K, reserved 1120256K
  class space    used 7533K, capacity 8819K, committed 8832K, reserved 1048576K
}
Event: 3304.057 GC heap before
{Heap before GC invocations=870 (full 28):
 PSYoungGen      total 6656K, used 6505K [0x00000000eab00000, 0x00000000eb300000, 0x0000000100000000)
  eden space 6144K, 100% used [0x00000000eab00000,0x00000000eb100000,0x00000000eb100000)
  from space 512K, 70% used [0x00000000eb280000,0x00000000eb2da7a0,0x00000000eb300000)
  to   space 1024K, 0% used [0x00000000eb100000,0x00000000eb100000,0x00000000eb200000)
 ParOldGen       total 116736K, used 114617K [0x00000000c0000000, 0x00000000c7200000, 0x00000000eab00000)
  object space 116736K, 98% used [0x00000000c0000000,0x00000000c6fee720,0x00000000c7200000)
 Metaspace       used 75007K, capacity 78540K, committed 78628K, reserved 1120256K
  class space    used 7533K, capacity 8819K, committed 8832K, reserved 1048576K
}
Event: 3304.061 GC heap after
{Heap after GC invocations=870 (full 28):
 PSYoungGen      total 7168K, used 885K [0x00000000eab00000, 0x00000000eb480000, 0x0000000100000000)
  eden space 6144K, 0% used [0x00000000eab00000,0x00000000eab00000,0x00000000eb100000)
  from space 1024K, 86% used [0x00000000eb100000,0x00000000eb1dd598,0x00000000eb200000)
  to   space 1024K, 0% used [0x00000000eb380000,0x00000000eb380000,0x00000000eb480000)
 ParOldGen       total 116736K, used 114939K [0x00000000c0000000, 0x00000000c7200000, 0x00000000eab00000)
  object space 116736K, 98% used [0x00000000c0000000,0x00000000c703eee0,0x00000000c7200000)
 Metaspace       used 75007K, capacity 78540K, committed 78628K, reserved 1120256K
  class space    used 7533K, capacity 8819K, committed 8832K, reserved 1048576K
}
Event: 3304.099 GC heap before
{Heap before GC invocations=871 (full 28):
 PSYoungGen      total 7168K, used 7029K [0x00000000eab00000, 0x00000000eb480000, 0x0000000100000000)
  eden space 6144K, 100% used [0x00000000eab00000,0x00000000eb100000,0x00000000eb100000)
  from space 1024K, 86% used [0x00000000eb100000,0x00000000eb1dd598,0x00000000eb200000)
  to   space 1024K, 0% used [0x00000000eb380000,0x00000000eb380000,0x00000000eb480000)
 ParOldGen       total 116736K, used 114939K [0x00000000c0000000, 0x00000000c7200000, 0x00000000eab00000)
  object space 116736K, 98% used [0x00000000c0000000,0x00000000c703eee0,0x00000000c7200000)
 Metaspace       used 75007K, capacity 78540K, committed 78628K, reserved 1120256K
  class space    used 7533K, capacity 8819K, committed 8832K, reserved 1048576K
}
Event: 3304.104 GC heap after
{Heap after GC invocations=871 (full 28):
 PSYoungGen      total 8704K, used 704K [0x00000000eab00000, 0x00000000eb480000, 0x0000000100000000)
  eden space 7680K, 0% used [0x00000000eab00000,0x00000000eab00000,0x00000000eb280000)
  from space 1024K, 68% used [0x00000000eb380000,0x00000000eb430288,0x00000000eb480000)
  to   space 1024K, 0% used [0x00000000eb280000,0x00000000eb280000,0x00000000eb380000)
 ParOldGen       total 116736K, used 115748K [0x00000000c0000000, 0x00000000c7200000, 0x00000000eab00000)
  object space 116736K, 99% used [0x00000000c0000000,0x00000000c71093a8,0x00000000c7200000)
 Metaspace       used 75007K, capacity 78540K, committed 78628K, reserved 1120256K
  class space    used 7533K, capacity 8819K, committed 8832K, reserved 1048576K
}
Event: 3304.119 GC heap before
{Heap before GC invocations=872 (full 28):
 PSYoungGen      total 8704K, used 8384K [0x00000000eab00000, 0x00000000eb480000, 0x0000000100000000)
  eden space 7680K, 100% used [0x00000000eab00000,0x00000000eb280000,0x00000000eb280000)
  from space 1024K, 68% used [0x00000000eb380000,0x00000000eb430288,0x00000000eb480000)
  to   space 1024K, 0% used [0x00000000eb280000,0x00000000eb280000,0x00000000eb380000)
 ParOldGen       total 116736K, used 115748K [0x00000000c0000000, 0x00000000c7200000, 0x00000000eab00000)
  object space 116736K, 99% used [0x00000000c0000000,0x00000000c71093a8,0x00000000c7200000)
 Metaspace       used 75007K, capacity 78540K, committed 78628K, reserved 1120256K
  class space    used 7533K, capacity 8819K, committed 8832K, reserved 1048576K
}
Event: 3304.122 GC heap after
{Heap after GC invocations=872 (full 28):
 PSYoungGen      total 8704K, used 265K [0x00000000eab00000, 0x00000000eb500000, 0x0000000100000000)
  eden space 7680K, 0% used [0x00000000eab00000,0x00000000eab00000,0x00000000eb280000)
  from space 1024K, 25% used [0x00000000eb280000,0x00000000eb2c27a0,0x00000000eb380000)
  to   space 512K, 0% used [0x00000000eb480000,0x00000000eb480000,0x00000000eb500000)
 ParOldGen       total 116736K, used 116357K [0x00000000c0000000, 0x00000000c7200000, 0x00000000eab00000)
  object space 116736K, 99% used [0x00000000c0000000,0x00000000c71a1650,0x00000000c7200000)
 Metaspace       used 75007K, capacity 78540K, committed 78628K, reserved 1120256K
  class space    used 7533K, capacity 8819K, committed 8832K, reserved 1048576K
}
Event: 3304.122 GC heap before
{Heap before GC invocations=873 (full 29):
 PSYoungGen      total 8704K, used 265K [0x00000000eab00000, 0x00000000eb500000, 0x0000000100000000)
  eden space 7680K, 0% used [0x00000000eab00000,0x00000000eab00000,0x00000000eb280000)
  from space 1024K, 25% used [0x00000000eb280000,0x00000000eb2c27a0,0x00000000eb380000)
  to   space 512K, 0% used [0x00000000eb480000,0x00000000eb480000,0x00000000eb500000)
 ParOldGen       total 116736K, used 116357K [0x00000000c0000000, 0x00000000c7200000, 0x00000000eab00000)
  object space 116736K, 99% used [0x00000000c0000000,0x00000000c71a1650,0x00000000c7200000)
 Metaspace       used 75007K, capacity 78540K, committed 78628K, reserved 1120256K
  class space    used 7533K, capacity 8819K, committed 8832K, reserved 1048576K
}
Event: 3304.399 GC heap after
{Heap after GC invocations=873 (full 29):
 PSYoungGen      total 9728K, used 0K [0x00000000eab00000, 0x00000000eb500000, 0x0000000100000000)
  eden space 9216K, 0% used [0x00000000eab00000,0x00000000eab00000,0x00000000eb400000)
  from space 512K, 0% used [0x00000000eb480000,0x00000000eb480000,0x00000000eb500000)
  to   space 512K, 0% used [0x00000000eb400000,0x00000000eb400000,0x00000000eb480000)
 ParOldGen       total 142336K, used 105509K [0x00000000c0000000, 0x00000000c8b00000, 0x00000000eab00000)
  object space 142336K, 74% used [0x00000000c0000000,0x00000000c67097e0,0x00000000c8b00000)
 Metaspace       used 75007K, capacity 78540K, committed 78628K, reserved 1120256K
  class space    used 7533K, capacity 8819K, committed 8832K, reserved 1048576K
}
Event: 3304.458 GC heap before
{Heap before GC invocations=874 (full 29):
 PSYoungGen      total 9728K, used 9153K [0x00000000eab00000, 0x00000000eb500000, 0x0000000100000000)
  eden space 9216K, 99% used [0x00000000eab00000,0x00000000eb3f0698,0x00000000eb400000)
  from space 512K, 0% used [0x00000000eb480000,0x00000000eb480000,0x00000000eb500000)
  to   space 512K, 0% used [0x00000000eb400000,0x00000000eb400000,0x00000000eb480000)
 ParOldGen       total 142336K, used 105509K [0x00000000c0000000, 0x00000000c8b00000, 0x00000000eab00000)
  object space 142336K, 74% used [0x00000000c0000000,0x00000000c67097e0,0x00000000c8b00000)
 Metaspace       used 75009K, capacity 78540K, committed 78628K, reserved 1120256K
  class space    used 7533K, capacity 8819K, committed 8832K, reserved 1048576K
}
Event: 3304.464 GC heap after
{Heap after GC invocations=874 (full 29):
 PSYoungGen      total 9728K, used 512K [0x00000000eab00000, 0x00000000eb980000, 0x0000000100000000)
  eden space 9216K, 0% used [0x00000000eab00000,0x00000000eab00000,0x00000000eb400000)
  from space 512K, 100% used [0x00000000eb400000,0x00000000eb480000,0x00000000eb480000)
  to   space 2048K, 0% used [0x00000000eb780000,0x00000000eb780000,0x00000000eb980000)
 ParOldGen       total 142336K, used 106459K [0x00000000c0000000, 0x00000000c8b00000, 0x00000000eab00000)
  object space 142336K, 74% used [0x00000000c0000000,0x00000000c67f6f10,0x00000000c8b00000)
 Metaspace       used 75009K, capacity 78540K, committed 78628K, reserved 1120256K
  class space    used 7533K, capacity 8819K, committed 8832K, reserved 1048576K
}
Event: 3304.564 GC heap before
{Heap before GC invocations=875 (full 29):
 PSYoungGen      total 9728K, used 9728K [0x00000000eab00000, 0x00000000eb980000, 0x0000000100000000)
  eden space 9216K, 100% used [0x00000000eab00000,0x00000000eb400000,0x00000000eb400000)
  from space 512K, 100% used [0x00000000eb400000,0x00000000eb480000,0x00000000eb480000)
  to   space 2048K, 0% used [0x00000000eb780000,0x00000000eb780000,0x00000000eb980000)
 ParOldGen       total 142336K, used 106459K [0x00000000c0000000, 0x00000000c8b00000, 0x00000000eab00000)
  object space 142336K, 74% used [0x00000000c0000000,0x00000000c67f6f10,0x00000000c8b00000)
 Metaspace       used 75011K, capacity 78540K, committed 78628K, reserved 1120256K
  class space    used 7533K, capacity 8819K, committed 8832K, reserved 1048576K
}
Event: 3304.570 GC heap after
{Heap after GC invocations=875 (full 29):
 PSYoungGen      total 9728K, used 2017K [0x00000000eab00000, 0x00000000ebe00000, 0x0000000100000000)
  eden space 7680K, 0% used [0x00000000eab00000,0x00000000eab00000,0x00000000eb280000)
  from space 2048K, 98% used [0x00000000eb780000,0x00000000eb978470,0x00000000eb980000)
  to   space 5120K, 0% used [0x00000000eb280000,0x00000000eb280000,0x00000000eb780000)
 ParOldGen       total 142336K, used 108897K [0x00000000c0000000, 0x00000000c8b00000, 0x00000000eab00000)
  object space 142336K, 76% used [0x00000000c0000000,0x00000000c6a58708,0x00000000c8b00000)
 Metaspace       used 75011K, capacity 78540K, committed 78628K, reserved 1120256K
  class space    used 7533K, capacity 8819K, committed 8832K, reserved 1048576K
}
Event: 3304.651 GC heap before
{Heap before GC invocations=876 (full 29):
 PSYoungGen      total 9728K, used 9693K [0x00000000eab00000, 0x00000000ebe00000, 0x0000000100000000)
  eden space 7680K, 99% used [0x00000000eab00000,0x00000000eb27f2c0,0x00000000eb280000)
  from space 2048K, 98% used [0x00000000eb780000,0x00000000eb978470,0x00000000eb980000)
  to   space 5120K, 0% used [0x00000000eb280000,0x00000000eb280000,0x00000000eb780000)
 ParOldGen       total 142336K, used 108897K [0x00000000c0000000, 0x00000000c8b00000, 0x00000000eab00000)
  object space 142336K, 76% used [0x00000000c0000000,0x00000000c6a58708,0x00000000c8b00000)
 Metaspace       used 75012K, capacity 78540K, committed 78628K, reserved 1120256K
  class space    used 7533K, capacity 8819K, committed 8832K, reserved 1048576K
}
Event: 3304.656 GC heap after
{Heap after GC invocations=876 (full 29):
 PSYoungGen      total 9728K, used 2019K [0x00000000eab00000, 0x00000000eb880000, 0x0000000100000000)
  eden space 7680K, 0% used [0x00000000eab00000,0x00000000eab00000,0x00000000eb280000)
  from space 2048K, 98% used [0x00000000eb280000,0x00000000eb478d00,0x00000000eb480000)
  to   space 3072K, 0% used [0x00000000eb580000,0x00000000eb580000,0x00000000eb880000)
 ParOldGen       total 142336K, used 110391K [0x00000000c0000000, 0x00000000c8b00000, 0x00000000eab00000)
  object space 142336K, 77% used [0x00000000c0000000,0x00000000c6bcde68,0x00000000c8b00000)
 Metaspace       used 75012K, capacity 78540K, committed 78628K, reserved 1120256K
  class space    used 7533K, capacity 8819K, committed 8832K, reserved 1048576K
}

Deoptimization events (20 events):
Event: 3304.624 Thread 0x000001a3df181800 DEOPT PACKING pc=0x000001a3caf4153b sp=0x00000001110fdd10
Event: 3304.624 Thread 0x000001a3df181800 DEOPT UNPACKING pc=0x000001a3c9d89940 sp=0x00000001110fd228 mode 0
Event: 3304.630 Thread 0x000001a3df181800 DEOPT PACKING pc=0x000001a3caf4146e sp=0x00000001110fdd10
Event: 3304.630 Thread 0x000001a3df181800 DEOPT UNPACKING pc=0x000001a3c9d89940 sp=0x00000001110fd220 mode 0
Event: 3304.634 Thread 0x000001a3df17f800 DEOPT PACKING pc=0x000001a3cc092bc7 sp=0x00000001111fdf70
Event: 3304.634 Thread 0x000001a3df17f800 DEOPT UNPACKING pc=0x000001a3c9d89940 sp=0x00000001111fd468 mode 0
Event: 3304.635 Thread 0x000001a3df17f800 DEOPT PACKING pc=0x000001a3cc092bc7 sp=0x00000001111fdf70
Event: 3304.635 Thread 0x000001a3df17f800 DEOPT UNPACKING pc=0x000001a3c9d89940 sp=0x00000001111fd468 mode 0
Event: 3304.638 Thread 0x000001a3df17f800 DEOPT PACKING pc=0x000001a3caf4146e sp=0x00000001111fe060
Event: 3304.638 Thread 0x000001a3df17f800 DEOPT UNPACKING pc=0x000001a3c9d89940 sp=0x00000001111fd570 mode 0
Event: 3304.645 Thread 0x000001a3df181800 DEOPT PACKING pc=0x000001a3cbd2625b sp=0x00000001110fdc60
Event: 3304.645 Thread 0x000001a3df181800 DEOPT UNPACKING pc=0x000001a3c9d89940 sp=0x00000001110fd1a0 mode 0
Event: 3304.647 Thread 0x000001a3df181800 DEOPT PACKING pc=0x000001a3cbd2625b sp=0x00000001110fdc60
Event: 3304.647 Thread 0x000001a3df181800 DEOPT UNPACKING pc=0x000001a3c9d89940 sp=0x00000001110fd1a0 mode 0
Event: 3304.649 Thread 0x000001a3df17f800 DEOPT PACKING pc=0x000001a3cbd2625b sp=0x00000001111fe060
Event: 3304.649 Thread 0x000001a3df17f800 DEOPT UNPACKING pc=0x000001a3c9d89940 sp=0x00000001111fd5a0 mode 0
Event: 3304.650 Thread 0x000001a3df181800 DEOPT PACKING pc=0x000001a3cc092bc7 sp=0x00000001110fdb70
Event: 3304.650 Thread 0x000001a3df181800 DEOPT UNPACKING pc=0x000001a3c9d89940 sp=0x00000001110fd068 mode 0
Event: 3304.650 Thread 0x000001a3df186000 DEOPT PACKING pc=0x000001a3caf4153b sp=0x0000000110efc7a0
Event: 3304.650 Thread 0x000001a3df186000 DEOPT UNPACKING pc=0x000001a3c9d89940 sp=0x0000000110efbcb8 mode 0

Classes unloaded (20 events):
Event: 2841.559 Thread 0x000001a3c1668800 Unloading class 0x0000000800c0d840 'java/lang/invoke/LambdaForm$MH'
Event: 2841.559 Thread 0x000001a3c1668800 Unloading class 0x0000000800c0e440 'java/lang/invoke/LambdaForm$MH'
Event: 2841.559 Thread 0x000001a3c1668800 Unloading class 0x0000000800c0e040 'java/lang/invoke/LambdaForm$MH'
Event: 2841.559 Thread 0x000001a3c1668800 Unloading class 0x0000000800c0ec40 'java/lang/invoke/LambdaForm$MH'
Event: 2841.559 Thread 0x000001a3c1668800 Unloading class 0x0000000800c0e840 'java/lang/invoke/LambdaForm$MH'
Event: 2841.567 Thread 0x000001a3c1668800 Unloading class 0x0000000800c0f040 'java/lang/invoke/LambdaForm$MH'
Event: 2841.567 Thread 0x000001a3c1668800 Unloading class 0x0000000800c0fc40 'java/lang/invoke/LambdaForm$MH'
Event: 2841.568 Thread 0x000001a3c1668800 Unloading class 0x0000000800bbb440 'jdk/internal/reflect/GeneratedConstructorAccessor2'
Event: 2841.569 Thread 0x000001a3c1668800 Unloading class 0x0000000800bbe440 'jdk/internal/reflect/GeneratedMethodAccessor5'
Event: 2841.569 Thread 0x000001a3c1668800 Unloading class 0x0000000800bbe040 'jdk/internal/reflect/GeneratedMethodAccessor4'
Event: 2841.569 Thread 0x000001a3c1668800 Unloading class 0x0000000800bbec40 'jdk/internal/reflect/GeneratedMethodAccessor3'
Event: 2841.569 Thread 0x000001a3c1668800 Unloading class 0x0000000800bbe840 'jdk/internal/reflect/GeneratedMethodAccessor2'
Event: 2841.569 Thread 0x000001a3c1668800 Unloading class 0x0000000800bbf440 'jdk/internal/reflect/GeneratedMethodAccessor1'
Event: 2841.576 Thread 0x000001a3c1668800 Unloading class 0x0000000800bb9040 'java/lang/invoke/LambdaForm$DMH'
Event: 2841.576 Thread 0x000001a3c1668800 Unloading class 0x0000000800bb8440 'java/lang/invoke/LambdaForm$DMH'
Event: 2841.576 Thread 0x000001a3c1668800 Unloading class 0x0000000800b98840 'jdk/internal/reflect/GeneratedConstructorAccessor1'
Event: 3299.527 Thread 0x000001a3c1668800 Unloading class 0x0000000800cf5440 'org/eclipse/jdt/internal/compiler/util/CtSym$$Lambda$552'
Event: 3299.527 Thread 0x000001a3c1668800 Unloading class 0x0000000800d7a040 'org/eclipse/jdt/internal/compiler/util/CtSym$$Lambda$545'
Event: 3299.527 Thread 0x000001a3c1668800 Unloading class 0x0000000800d79c40 'org/eclipse/jdt/internal/core/search/matching/JavaSearchNameEnvironment$$Lambda$544'
Event: 3299.527 Thread 0x000001a3c1668800 Unloading class 0x0000000800dbc440 'org/eclipse/jdt/internal/core/search/matching/JavaSearchNameEnvironment$$Lambda$542'

Classes redefined (0 events):
No events

Internal exceptions (20 events):
Event: 3304.614 Thread 0x000001a3df186000 Exception <a 'java/lang/ArrayIndexOutOfBoundsException'{0x00000000eaf1a828}> (0x00000000eaf1a828) 
thrown [t:/workspace/open/src/hotspot/share/runtime/sharedRuntime.cpp, line 584]
Event: 3304.615 Thread 0x000001a3df186000 Exception <a 'java/lang/ArrayIndexOutOfBoundsException'{0x00000000eaf3f000}> (0x00000000eaf3f000) 
thrown [t:/workspace/open/src/hotspot/share/runtime/sharedRuntime.cpp, line 584]
Event: 3304.618 Thread 0x000001a3df186000 Exception <a 'java/lang/ArrayIndexOutOfBoundsException'{0x00000000eaf839c8}> (0x00000000eaf839c8) 
thrown [t:/workspace/open/src/hotspot/share/runtime/sharedRuntime.cpp, line 584]
Event: 3304.619 Thread 0x000001a3df186000 Exception <a 'java/lang/ArrayIndexOutOfBoundsException'{0x00000000eafa81b0}> (0x00000000eafa81b0) 
thrown [t:/workspace/open/src/hotspot/share/runtime/sharedRuntime.cpp, line 584]
Event: 3304.622 Thread 0x000001a3df186000 Exception <a 'java/lang/ArrayIndexOutOfBoundsException'{0x00000000eafecad0}> (0x00000000eafecad0) 
thrown [t:/workspace/open/src/hotspot/share/runtime/sharedRuntime.cpp, line 584]
Event: 3304.623 Thread 0x000001a3df186000 Exception <a 'java/lang/ArrayIndexOutOfBoundsException'{0x00000000eb0112b0}> (0x00000000eb0112b0) 
thrown [t:/workspace/open/src/hotspot/share/runtime/sharedRuntime.cpp, line 584]
Event: 3304.626 Thread 0x000001a3df186000 Exception <a 'java/lang/ArrayIndexOutOfBoundsException'{0x00000000eb055cd0}> (0x00000000eb055cd0) 
thrown [t:/workspace/open/src/hotspot/share/runtime/sharedRuntime.cpp, line 584]
Event: 3304.627 Thread 0x000001a3df186000 Exception <a 'java/lang/ArrayIndexOutOfBoundsException'{0x00000000eb07a4b0}> (0x00000000eb07a4b0) 
thrown [t:/workspace/open/src/hotspot/share/runtime/sharedRuntime.cpp, line 584]
Event: 3304.636 Thread 0x000001a3df17f800 Exception <a 'java/lang/ArrayIndexOutOfBoundsException'{0x00000000eb111930}> (0x00000000eb111930) 
thrown [t:/workspace/open/src/hotspot/share/runtime/sharedRuntime.cpp, line 584]
Event: 3304.636 Thread 0x000001a3df186000 Exception <a 'java/lang/ArrayIndexOutOfBoundsException'{0x00000000eb10eff8}> (0x00000000eb10eff8) 
thrown [t:/workspace/open/src/hotspot/share/runtime/sharedRuntime.cpp, line 584]
Event: 3304.636 Thread 0x000001a3df186000 Exception <a 'java/lang/ArrayIndexOutOfBoundsException'{0x00000000eb1424a8}> (0x00000000eb1424a8) 
thrown [t:/workspace/open/src/hotspot/share/runtime/sharedRuntime.cpp, line 584]
Event: 3304.640 Thread 0x000001a3df186000 Exception <a 'java/lang/ArrayIndexOutOfBoundsException'{0x00000000eb179058}> (0x00000000eb179058) 
thrown [t:/workspace/open/src/hotspot/share/runtime/sharedRuntime.cpp, line 584]
Event: 3304.641 Thread 0x000001a3df186000 Exception <a 'java/lang/ArrayIndexOutOfBoundsException'{0x00000000eb194208}> (0x00000000eb194208) 
thrown [t:/workspace/open/src/hotspot/share/runtime/sharedRuntime.cpp, line 584]
Event: 3304.644 Thread 0x000001a3df17f800 Exception <a 'java/lang/ArrayIndexOutOfBoundsException'{0x00000000eb1a8a68}> (0x00000000eb1a8a68) 
thrown [t:/workspace/open/src/hotspot/share/runtime/sharedRuntime.cpp, line 584]
Event: 3304.646 Thread 0x000001a3df17f800 Exception <a 'java/lang/ArrayIndexOutOfBoundsException'{0x00000000eb208748}> (0x00000000eb208748) 
thrown [t:/workspace/open/src/hotspot/share/runtime/sharedRuntime.cpp, line 584]
Event: 3304.648 Thread 0x000001a3df17f800 Exception <a 'java/lang/ArrayIndexOutOfBoundsException'{0x00000000eb216cc8}> (0x00000000eb216cc8) 
thrown [t:/workspace/open/src/hotspot/share/runtime/sharedRuntime.cpp, line 584]
Event: 3304.650 Thread 0x000001a3df186000 Exception <a 'java/lang/ArrayIndexOutOfBoundsException'{0x00000000eb245200}> (0x00000000eb245200) 
thrown [t:/workspace/open/src/hotspot/share/runtime/sharedRuntime.cpp, line 584]
Event: 3304.650 Thread 0x000001a3df17f800 Exception <a 'java/lang/ArrayIndexOutOfBoundsException'{0x00000000eb238620}> (0x00000000eb238620) 
thrown [t:/workspace/open/src/hotspot/share/runtime/sharedRuntime.cpp, line 584]
Event: 3304.650 Thread 0x000001a3df186000 Exception <a 'java/lang/ArrayIndexOutOfBoundsException'{0x00000000eb264d78}> (0x00000000eb264d78) 
thrown [t:/workspace/open/src/hotspot/share/runtime/sharedRuntime.cpp, line 584]
Event: 3304.658 Thread 0x000001a3df17f800 Exception <a 'java/lang/ArrayIndexOutOfBoundsException'{0x00000000eab1fde8}> (0x00000000eab1fde8) 
thrown [t:/workspace/open/src/hotspot/share/runtime/sharedRuntime.cpp, line 584]

Events (20 events):
Event: 3303.956 Executing VM operation: ParallelGCFailedAllocation
Event: 3303.959 Executing VM operation: ParallelGCFailedAllocation done
Event: 3303.973 Executing VM operation: ParallelGCFailedAllocation
Event: 3303.977 Executing VM operation: ParallelGCFailedAllocation done
Event: 3304.000 Executing VM operation: ParallelGCFailedAllocation
Event: 3304.006 Executing VM operation: ParallelGCFailedAllocation done
Event: 3304.020 Executing VM operation: ParallelGCFailedAllocation
Event: 3304.025 Executing VM operation: ParallelGCFailedAllocation done
Event: 3304.057 Executing VM operation: ParallelGCFailedAllocation
Event: 3304.064 Executing VM operation: ParallelGCFailedAllocation done
Event: 3304.099 Executing VM operation: ParallelGCFailedAllocation
Event: 3304.113 Executing VM operation: ParallelGCFailedAllocation done
Event: 3304.119 Executing VM operation: ParallelGCFailedAllocation
Event: 3304.406 Executing VM operation: ParallelGCFailedAllocation done
Event: 3304.458 Executing VM operation: ParallelGCFailedAllocation
Event: 3304.465 Executing VM operation: ParallelGCFailedAllocation done
Event: 3304.564 Executing VM operation: ParallelGCFailedAllocation
Event: 3304.572 Executing VM operation: ParallelGCFailedAllocation done
Event: 3304.651 Executing VM operation: ParallelGCFailedAllocation
Event: 3304.657 Executing VM operation: ParallelGCFailedAllocation done


Dynamic libraries:
0x00007ff747de0000 - 0x00007ff747def000 	C:\Program Files\Java\jdk-14\bin\java.exe
0x00007ff881150000 - 0x00007ff881348000 	C:\WINDOWS\SYSTEM32\ntdll.dll
0x00007ff880a30000 - 0x00007ff880aef000 	C:\WINDOWS\System32\KERNEL32.DLL
0x00007ff87ee10000 - 0x00007ff87f106000 	C:\WINDOWS\System32\KERNELBASE.dll
0x00007ff87eaf0000 - 0x00007ff87ebf0000 	C:\WINDOWS\System32\ucrtbase.dll
0x00007ff8728f0000 - 0x00007ff872905000 	C:\Program Files\Java\jdk-14\bin\VCRUNTIME140.dll
0x00007ff871a10000 - 0x00007ff871a28000 	C:\Program Files\Java\jdk-14\bin\jli.dll
0x00007ff880f20000 - 0x00007ff880fcf000 	C:\WINDOWS\System32\ADVAPI32.dll
0x00007ff8804c0000 - 0x00007ff88055e000 	C:\WINDOWS\System32\msvcrt.dll
0x00007ff880420000 - 0x00007ff8804bc000 	C:\WINDOWS\System32\sechost.dll
0x00007ff87f4e0000 - 0x00007ff87f606000 	C:\WINDOWS\System32\RPCRT4.dll
0x00007ff87f2e0000 - 0x00007ff87f47d000 	C:\WINDOWS\System32\USER32.dll
0x00007ff87e990000 - 0x00007ff87e9b2000 	C:\WINDOWS\System32\win32u.dll
0x00007ff880fd0000 - 0x00007ff880ffc000 	C:\WINDOWS\System32\GDI32.dll
0x00007ff872ea0000 - 0x00007ff87313a000 	C:\WINDOWS\WinSxS\amd64_microsoft.windows.common-controls_6595b64144ccf1df_6.0.19041.1110_none_60b5254171f9507e\COMCTL32.dll
0x00007ff87ebf0000 - 0x00007ff87ed05000 	C:\WINDOWS\System32\gdi32full.dll
0x00007ff87f110000 - 0x00007ff87f1ad000 	C:\WINDOWS\System32\msvcp_win.dll
0x00007ff86f970000 - 0x00007ff86f97a000 	C:\WINDOWS\SYSTEM32\VERSION.dll
0x00007ff87fa90000 - 0x00007ff87fac0000 	C:\WINDOWS\System32\IMM32.DLL
0x00007ff85c280000 - 0x00007ff85c31b000 	C:\Program Files\Java\jdk-14\bin\msvcp140.dll
0x00007ff843820000 - 0x00007ff84433f000 	C:\Program Files\Java\jdk-14\bin\server\jvm.dll
0x00007ff880330000 - 0x00007ff880338000 	C:\WINDOWS\System32\PSAPI.DLL
0x00007ff86e720000 - 0x00007ff86e729000 	C:\WINDOWS\SYSTEM32\WSOCK32.dll
0x00007ff8803b0000 - 0x00007ff88041b000 	C:\WINDOWS\System32\WS2_32.dll
0x00007ff86e1c0000 - 0x00007ff86e1e7000 	C:\WINDOWS\SYSTEM32\WINMM.dll
0x00007ff87c6f0000 - 0x00007ff87c702000 	C:\WINDOWS\SYSTEM32\kernel.appcore.dll
0x00007ff878470000 - 0x00007ff87847a000 	C:\Program Files\Java\jdk-14\bin\jimage.dll
0x00007ff86e530000 - 0x00007ff86e714000 	C:\WINDOWS\SYSTEM32\DBGHELP.DLL
0x00007ff86e4d0000 - 0x00007ff86e504000 	C:\WINDOWS\SYSTEM32\dbgcore.DLL
0x00007ff87ed10000 - 0x00007ff87ed92000 	C:\WINDOWS\System32\bcryptPrimitives.dll
0x00007ff86acc0000 - 0x00007ff86ace5000 	C:\Program Files\Java\jdk-14\bin\java.dll
0x00007ff8706c0000 - 0x00007ff8706d7000 	C:\Program Files\Java\jdk-14\bin\zip.dll
0x00007ff87fad0000 - 0x00007ff880214000 	C:\WINDOWS\System32\SHELL32.dll
0x00007ff87c8f0000 - 0x00007ff87d083000 	C:\WINDOWS\SYSTEM32\windows.storage.dll
0x00007ff87f730000 - 0x00007ff87fa84000 	C:\WINDOWS\System32\combase.dll
0x00007ff87e290000 - 0x00007ff87e2be000 	C:\WINDOWS\SYSTEM32\Wldp.dll
0x00007ff880e70000 - 0x00007ff880f1d000 	C:\WINDOWS\System32\SHCORE.dll
0x00007ff880220000 - 0x00007ff880275000 	C:\WINDOWS\System32\shlwapi.dll
0x00007ff87e770000 - 0x00007ff87e78f000 	C:\WINDOWS\SYSTEM32\profapi.dll
0x00007ff86c210000 - 0x00007ff86c229000 	C:\Program Files\Java\jdk-14\bin\net.dll
0x00007ff874310000 - 0x00007ff87441a000 	C:\WINDOWS\SYSTEM32\WINHTTP.dll
0x00007ff87df10000 - 0x00007ff87df7a000 	C:\WINDOWS\system32\mswsock.dll
0x00007ff868ae0000 - 0x00007ff868af2000 	C:\Program Files\Java\jdk-14\bin\nio.dll
0x00007ff87e170000 - 0x00007ff87e188000 	C:\WINDOWS\SYSTEM32\CRYPTSP.dll
0x00007ff87d830000 - 0x00007ff87d864000 	C:\WINDOWS\system32\rsaenh.dll
0x00007ff87ea70000 - 0x00007ff87ea97000 	C:\WINDOWS\System32\bcrypt.dll
0x00007ff87e6f0000 - 0x00007ff87e71e000 	C:\WINDOWS\SYSTEM32\USERENV.dll
0x00007ff87e190000 - 0x00007ff87e19c000 	C:\WINDOWS\SYSTEM32\CRYPTBASE.dll
0x00007ff87dc00000 - 0x00007ff87dc3c000 	C:\WINDOWS\SYSTEM32\IPHLPAPI.DLL
0x00007ff87fac0000 - 0x00007ff87fac8000 	C:\WINDOWS\System32\NSI.dll
0x00007ff8742d0000 - 0x00007ff8742e7000 	C:\WINDOWS\SYSTEM32\dhcpcsvc6.DLL
0x00007ff8744b0000 - 0x00007ff8744cd000 	C:\WINDOWS\SYSTEM32\dhcpcsvc.DLL
0x00007ff87dc40000 - 0x00007ff87dd0b000 	C:\WINDOWS\SYSTEM32\DNSAPI.dll
0x00007ff85fa50000 - 0x00007ff85fa79000 	C:\Users\Mypc\AppData\Roaming\Code\User\globalStorage\redhat.java\0.76.0\config_win\org.eclipse.equinox.launcher\org.eclipse.equinox.launcher.win32.win32.x86_64_1.2.100.v20210209-1541\eclipse_11301.dll
0x00007ff877f00000 - 0x00007ff877f10000 	C:\Program Files\Java\jdk-14\bin\verify.dll
0x00007ff8719f0000 - 0x00007ff871a01000 	C:\Users\Mypc\AppData\Roaming\Code\User\globalStorage\redhat.java\0.76.0\config_win\org.eclipse.osgi\23\0\.cp\jWinHttp-1.0.0.dll
0x00007ff87f1b0000 - 0x00007ff87f2da000 	C:\WINDOWS\System32\ole32.dll
0x00007ff86c450000 - 0x00007ff86c475000 	C:\Program Files\Java\jdk-14\bin\sunec.dll
0x00007ff877a50000 - 0x00007ff877a5e000 	C:\Program Files\Java\jdk-14\bin\sunmscapi.dll
0x00007ff87e830000 - 0x00007ff87e98e000 	C:\WINDOWS\System32\CRYPT32.dll
0x00007ff87e300000 - 0x00007ff87e328000 	C:\WINDOWS\SYSTEM32\ncrypt.dll
0x00007ff87e2c0000 - 0x00007ff87e2fb000 	C:\WINDOWS\SYSTEM32\NTASN1.dll
0x00007ff870690000 - 0x00007ff87069a000 	C:\Windows\System32\rasadhlp.dll
0x00007ff870950000 - 0x00007ff8709d2000 	C:\WINDOWS\System32\fwpuclnt.dll

dbghelp: loaded successfully - version: 4.0.5 - missing functions: none
symbol engine: initialized successfully - sym options: 0x614 - pdb path: .;C:\Program Files\Java\jdk-14\bin;C:\WINDOWS\SYSTEM32;C:\WINDOWS\WinSxS\amd64_microsoft.windows.common-controls_6595b64144ccf1df_6.0.19041.1110_none_60b5254171f9507e;C:\Program Files\Java\jdk-14\bin\server;C:\Users\Mypc\AppData\Roaming\Code\User\globalStorage\redhat.java\0.76.0\config_win\org.eclipse.equinox.launcher\org.eclipse.equinox.launcher.win32.win32.x86_64_1.2.100.v20210209-1541;C:\Users\Mypc\AppData\Roaming\Code\User\globalStorage\redhat.java\0.76.0\config_win\org.eclipse.osgi\23\0\.cp

VM Arguments:
jvm_args: --add-modules=ALL-SYSTEM --add-opens=java.base/java.util=ALL-UNNAMED --add-opens=java.base/java.lang=ALL-UNNAMED -Declipse.application=org.eclipse.jdt.ls.core.id1 -Dosgi.bundles.defaultStartLevel=4 -Declipse.product=org.eclipse.jdt.ls.core.product -Dfile.encoding=utf8 -DwatchParentProcess=false -XX:+UseParallelGC -XX:GCTimeRatio=4 -XX:AdaptiveSizePolicyWeight=90 -Dsun.zip.disableMemoryMapping=true -Xmx1G -Xms100m 
java_command: c:\Users\Mypc\.vscode\extensions\redhat.java-0.76.0\server\plugins\org.eclipse.equinox.launcher_1.6.100.v20201223-0822.jar -configuration c:\Users\Mypc\AppData\Roaming\Code\User\globalStorage\redhat.java\0.76.0\config_win -data c:\Users\Mypc\AppData\Roaming\Code\User\workspaceStorage\70ef265e2653a8e8a97e2688d53f32b5\redhat.java\jdt_ws
java_class_path (initial): c:\Users\Mypc\.vscode\extensions\redhat.java-0.76.0\server\plugins\org.eclipse.equinox.launcher_1.6.100.v20201223-0822.jar
Launcher Type: SUN_STANDARD

[Global flags]
    uintx AdaptiveSizePolicyWeight                 = 90                                        {product} {command line}
     intx CICompilerCount                          = 3                                         {product} {ergonomic}
    uintx GCTimeRatio                              = 4                                         {product} {command line}
   size_t InitialHeapSize                          = 104857600                                 {product} {command line}
   size_t MaxHeapSize                              = 1073741824                                {product} {command line}
   size_t MaxNewSize                               = 357564416                                 {product} {ergonomic}
   size_t MinHeapDeltaBytes                        = 524288                                    {product} {ergonomic}
   size_t MinHeapSize                              = 104857600                                 {product} {command line}
   size_t NewSize                                  = 34603008                                  {product} {ergonomic}
    uintx NonNMethodCodeHeapSize                   = 5832780                                {pd product} {ergonomic}
    uintx NonProfiledCodeHeapSize                  = 122912730                              {pd product} {ergonomic}
   size_t OldSize                                  = 70254592                                  {product} {ergonomic}
    uintx ProfiledCodeHeapSize                     = 122912730                              {pd product} {ergonomic}
    uintx ReservedCodeCacheSize                    = 251658240                              {pd product} {ergonomic}
     bool SegmentedCodeCache                       = true                                      {product} {ergonomic}
   size_t SoftMaxHeapSize                          = 1073741824                             {manageable} {ergonomic}
     bool UseCompressedClassPointers               = true                                 {lp64_product} {ergonomic}
     bool UseCompressedOops                        = true                                 {lp64_product} {ergonomic}
     bool UseLargePagesIndividualAllocation        = false                                  {pd product} {ergonomic}
     bool UseParallelGC                            = true                                      {product} {command line}

Logging:
Log output configuration:
 #0: stdout all=warning uptime,level,tags
 #1: stderr all=off uptime,level,tags

Environment Variables:
JAVA_HOME=C:\Program Files\Java\jdk-14
PATH=E:\db_home\bin;C:\WINDOWS\system32;C:\WINDOWS;C:\WINDOWS\System32\Wbem;C:\WINDOWS\System32\WindowsPowerShell\v1.0\;C:\WINDOWS\System32\OpenSSH\;C:\Program Files\Java\jdk-14\bin;C:\Program Files (x86)\CodeBlocks\MinGW\bin;C:\Users\Mypc\AppData\Local\Android\Sdk\platforms;C:\Users\Mypc\AppData\Local\Android\Sdk\platform-tools;C:\Users\Mypc\AppData\Local\Android\Sdk;C:\Users\Mypc\AppData\Local\Android\Sdk\emulator;E:\Git\cmd;E:\nodejs\;C:\Program Files\Maven\apache-maven-3.9.1\bin;C:\Users\Mypc\AppData\Local\Microsoft\WindowsApps;C:\Program Files\Java\jdk-14\bin;C:\Users\Mypc\AppData\Local\Android\Sdk;E:\Microsoft VS Code\bin;E:\flutter\bin;C:\Users\Mypc\AppData\Roaming\npm
USERNAME=Mypc
OS=Windows_NT
PROCESSOR_IDENTIFIER=Intel64 Family 6 Model 55 Stepping 8, GenuineIntel



---------------  S Y S T E M  ---------------

OS: Windows 10 , 64 bit Build 19041 (10.0.19041.2913)
OS uptime: 16 days 2:08 hours

CPU:total 4 (initial active 4) (4 cores per cpu, 1 threads per core) family 6 model 55 stepping 8, cmov, cx8, fxsr, mmx, sse, sse2, sse3, ssse3, sse4.1, sse4.2, popcnt, clmul, erms, 3dnowpref, tsc, tscinvbit

Memory: 4k page, system-wide physical 3980M (844M free)
TotalPageFile size 11342M (AvailPageFile size 5099M)
current process WorkingSet (physical memory assigned to process): 393M, peak: 393M
current process commit charge ("private bytes"): 450M, peak: 451M

vm_info: Java HotSpot(TM) 64-Bit Server VM (14+36-1461) for windows-amd64 JRE (14+36-1461), built on Feb  6 2020 19:08:04 by "mach5one" with MS VC++ 15.9 (VS2017)

END.
