#
# A fatal error has been detected by the Java Runtime Environment:
#
#  Internal Error (t:/workspace/open/src/hotspot/share/opto/output.cpp:1493), pid=12500, tid=13764
#  guarantee((int)(blk_starts[i+1] - blk_starts[i]) >= (current_offset - blk_offset)) failed: shouldn't increase block size
#
# JRE version: Java(TM) SE Runtime Environment (14.0+36) (build 14+36-1461)
# Java VM: Java HotSpot(TM) 64-Bit Server VM (14+36-1461, mixed mode, sharing, tiered, compressed oops, parallel gc, windows-amd64)
# No core dump will be written. Minidumps are not enabled by default on client versions of Windows
#
# If you would like to submit a bug report, please visit:
#   https://bugreport.java.com/bugreport/crash.jsp
#

---------------  S U M M A R Y ------------

Command Line: --add-modules=ALL-SYSTEM --add-opens=java.base/java.util=ALL-UNNAMED --add-opens=java.base/java.lang=ALL-UNNAMED -Declipse.application=org.eclipse.jdt.ls.core.id1 -Dosgi.bundles.defaultStartLevel=4 -Declipse.product=org.eclipse.jdt.ls.core.product -Dfile.encoding=utf8 -DwatchParentProcess=false -XX:+UseParallelGC -XX:GCTimeRatio=4 -XX:AdaptiveSizePolicyWeight=90 -Dsun.zip.disableMemoryMapping=true -Xmx1G -Xms100m c:\Users\Mypc\.vscode\extensions\redhat.java-0.76.0\server\plugins\org.eclipse.equinox.launcher_1.6.100.v20201223-0822.jar -configuration c:\Users\Mypc\AppData\Roaming\Code\User\globalStorage\redhat.java\0.76.0\config_win -data c:\Users\Mypc\AppData\Roaming\Code\User\workspaceStorage\70ef265e2653a8e8a97e2688d53f32b5\redhat.java\jdt_ws

Host: Intel(R) Pentium(R) CPU  N3540  @ 2.16GHz, 4 cores, 3G,  Windows 10 , 64 bit Build 19041 (10.0.19041.2546)
Time: Thu May 25 11:02:23 2023 India Standard Time elapsed time: 63229 seconds (0d 17h 33m 49s)

---------------  T H R E A D  ---------------

Current thread (0x00000154b7836800):  JavaThread "C2 CompilerThread0" daemon [_thread_in_native, id=13764, stack(0x0000001283f00000,0x0000001284000000)]


Current CompileTask:
C2:63229740 18764   !   4       org.eclipse.jdt.internal.compiler.parser.Scanner::getNextToken0 (3042 bytes)

Stack: [0x0000001283f00000,0x0000001284000000]
Native frames: (J=compiled Java code, j=interpreted, Vv=VM code, C=native code)
V  [jvm.dll+0x5f83ea]
V  [jvm.dll+0x741e2a]
V  [jvm.dll+0x7435df]
V  [jvm.dll+0x743bd7]
V  [jvm.dll+0x20d1ec]
V  [jvm.dll+0x5ff1a0]
V  [jvm.dll+0x5fd52d]
V  [jvm.dll+0x1e612a]
V  [jvm.dll+0x1e5098]
V  [jvm.dll+0x1779cc]
V  [jvm.dll+0x1f40e5]
V  [jvm.dll+0x1f22cb]
V  [jvm.dll+0x706a7d]
V  [jvm.dll+0x6ff89a]
V  [jvm.dll+0x5f72a6]
C  [ucrtbase.dll+0x21bb2]
C  [KERNEL32.DLL+0x17614]
C  [ntdll.dll+0x526a1]


---------------  P R O C E S S  ---------------

Threads class SMR info:
_java_thread_list=0x00000154bcd04ac0, length=39, elements={
0x000001549d6fc000, 0x000001549d7d8000, 0x000001549d7db000, 0x00000154b7829800,
0x00000154b782b800, 0x00000154b782f000, 0x00000154b7836800, 0x00000154b783c800,
0x00000154b783f800, 0x00000154b8a5b000, 0x00000154b8b62000, 0x00000154b92ca000,
0x00000154b91d8000, 0x00000154b91da800, 0x00000154b8be8800, 0x00000154b9294800,
0x00000154b912b000, 0x00000154b912c000, 0x00000154b9128800, 0x00000154bcab2000,
0x00000154bcab5800, 0x00000154bcaad800, 0x00000154bcaab000, 0x00000154bcaab800,
0x00000154bcaae000, 0x00000154bcaaf000, 0x00000154bcab0000, 0x00000154bcaac800,
0x00000154bcab4800, 0x00000154bcab3000, 0x00000154bcab1800, 0x00000154bcab4000,
0x00000154bcab0800, 0x00000154bcab9800, 0x00000154bcab7000, 0x00000154bcab8000,
0x00000154bcab6800, 0x00000154b9126800, 0x00000154bd6e3000
}

Java Threads: ( => current thread )
  0x000001549d6fc000 JavaThread "main" [_thread_blocked, id=28420, stack(0x0000001283700000,0x0000001283800000)]
  0x000001549d7d8000 JavaThread "Reference Handler" daemon [_thread_blocked, id=25356, stack(0x0000001283a00000,0x0000001283b00000)]
  0x000001549d7db000 JavaThread "Finalizer" daemon [_thread_blocked, id=1716, stack(0x0000001283b00000,0x0000001283c00000)]
  0x00000154b7829800 JavaThread "Signal Dispatcher" daemon [_thread_blocked, id=18396, stack(0x0000001283c00000,0x0000001283d00000)]
  0x00000154b782b800 JavaThread "Attach Listener" daemon [_thread_blocked, id=11924, stack(0x0000001283d00000,0x0000001283e00000)]
  0x00000154b782f000 JavaThread "Service Thread" daemon [_thread_blocked, id=26080, stack(0x0000001283e00000,0x0000001283f00000)]
=>0x00000154b7836800 JavaThread "C2 CompilerThread0" daemon [_thread_in_native, id=13764, stack(0x0000001283f00000,0x0000001284000000)]
  0x00000154b783c800 JavaThread "C1 CompilerThread0" daemon [_thread_blocked, id=24340, stack(0x0000001284000000,0x0000001284100000)]
  0x00000154b783f800 JavaThread "Sweeper thread" daemon [_thread_blocked, id=27316, stack(0x0000001284100000,0x0000001284200000)]
  0x00000154b8a5b000 JavaThread "Common-Cleaner" daemon [_thread_blocked, id=28276, stack(0x0000001284200000,0x0000001284300000)]
  0x00000154b8b62000 JavaThread "Notification Thread" daemon [_thread_blocked, id=2804, stack(0x0000001284400000,0x0000001284500000)]
  0x00000154b92ca000 JavaThread "Active Thread: Equinox Container: 8181cb70-23fe-4de0-af34-f650b6d00832" [_thread_blocked, id=26660, stack(0x0000001284300000,0x0000001284400000)]
  0x00000154b91d8000 JavaThread "Framework Event Dispatcher: Equinox Container: 8181cb70-23fe-4de0-af34-f650b6d00832" daemon [_thread_blocked, id=21332, stack(0x0000001284600000,0x0000001284700000)]
  0x00000154b91da800 JavaThread "Start Level: Equinox Container: 8181cb70-23fe-4de0-af34-f650b6d00832" daemon [_thread_blocked, id=27880, stack(0x0000001284700000,0x0000001284800000)]
  0x00000154b8be8800 JavaThread "SCR Component Actor" daemon [_thread_blocked, id=22140, stack(0x0000001284b00000,0x0000001284c00000)]
  0x00000154b9294800 JavaThread "Worker-JM" [_thread_blocked, id=7804, stack(0x0000001284d00000,0x0000001284e00000)]
  0x00000154b912b000 JavaThread "Java indexing" daemon [_thread_blocked, id=24096, stack(0x0000001284c00000,0x0000001284d00000)]
  0x00000154b912c000 JavaThread "logback configurator timer" daemon [_thread_blocked, id=24692, stack(0x0000001285100000,0x0000001285200000)]
  0x00000154b9128800 JavaThread "pool-2-thread-1" [_thread_in_native, id=15192, stack(0x0000001285200000,0x0000001285300000)]
  0x00000154bcab2000 JavaThread "Bundle File Closer" daemon [_thread_blocked, id=18416, stack(0x0000001285b00000,0x0000001285c00000)]
  0x00000154bcab5800 JavaThread "Worker-12" [_thread_blocked, id=8944, stack(0x0000001285d00000,0x0000001285e00000)]
  0x00000154bcaad800 JavaThread "ForkJoinPool.commonPool-worker-9" daemon [_thread_blocked, id=11164, stack(0x0000001283400000,0x0000001283500000)]
  0x00000154bcaab000 JavaThread "Worker-14" [_thread_blocked, id=18324, stack(0x0000001284f00000,0x0000001285000000)]
  0x00000154bcaab800 JavaThread "ForkJoinPool.commonPool-worker-11" daemon [_thread_blocked, id=24568, stack(0x0000001283500000,0x0000001283600000)]
  0x00000154bcaae000 JavaThread "Worker-18" [_thread_blocked, id=21588, stack(0x0000001283600000,0x0000001283700000)]
  0x00000154bcaaf000 JavaThread "ForkJoinPool.commonPool-worker-27" daemon [_thread_blocked, id=20016, stack(0x0000001284e00000,0x0000001284f00000)]
  0x00000154bcab0000 JavaThread "ForkJoinPool.commonPool-worker-13" daemon [_thread_blocked, id=26136, stack(0x0000001285000000,0x0000001285100000)]
  0x00000154bcaac800 JavaThread "ForkJoinPool.commonPool-worker-31" daemon [_thread_blocked, id=27780, stack(0x0000001285300000,0x0000001285400000)]
  0x00000154bcab4800 JavaThread "ForkJoinPool.commonPool-worker-17" daemon [_thread_blocked, id=27200, stack(0x0000001285400000,0x0000001285500000)]
  0x00000154bcab3000 JavaThread "ForkJoinPool.commonPool-worker-3" daemon [_thread_blocked, id=7436, stack(0x0000001285500000,0x0000001285600000)]
  0x00000154bcab1800 JavaThread "pool-37-thread-1" [_thread_blocked, id=25204, stack(0x0000001285700000,0x0000001285800000)]
  0x00000154bcab4000 JavaThread "ForkJoinPool.commonPool-worker-21" daemon [_thread_blocked, id=10488, stack(0x0000001285800000,0x0000001285900000)]
  0x00000154bcab0800 JavaThread "ForkJoinPool.commonPool-worker-7" daemon [_thread_in_Java, id=14228, stack(0x0000001285900000,0x0000001285a00000)]
  0x00000154bcab9800 JavaThread "ForkJoinPool.commonPool-worker-25" daemon [_thread_blocked, id=24320, stack(0x0000001285a00000,0x0000001285b00000)]
  0x00000154bcab7000 JavaThread "pool-38-thread-1" [_thread_blocked, id=27860, stack(0x0000001285c00000,0x0000001285d00000)]
  0x00000154bcab8000 JavaThread "pool-39-thread-1" [_thread_blocked, id=22124, stack(0x0000001285e00000,0x0000001285f00000)]
  0x00000154bcab6800 JavaThread "ForkJoinPool.commonPool-worker-15" daemon [_thread_blocked, id=27488, stack(0x0000001285600000,0x0000001285700000)]
  0x00000154b9126800 JavaThread "pool-40-thread-1" [_thread_blocked, id=25516, stack(0x0000001285f00000,0x0000001286000000)]
  0x00000154bd6e3000 JavaThread "C2 CompilerThread1" daemon [_thread_in_native, id=28492, stack(0x0000001286000000,0x0000001286100000)]

Other Threads:
  0x00000154b7810000 VMThread "VM Thread" [stack: 0x0000001283900000,0x0000001283a00000] [id=21176]
  0x00000154b8b63000 WatcherThread [stack: 0x0000001284500000,0x0000001284600000] [id=18756]
  0x000001549d716000 GCTaskThread "GC Thread#0" [stack: 0x0000001283800000,0x0000001283900000] [id=11036]
  0x00000154b91df000 GCTaskThread "GC Thread#1" [stack: 0x0000001284800000,0x0000001284900000] [id=10920]
  0x00000154b91df800 GCTaskThread "GC Thread#2" [stack: 0x0000001284900000,0x0000001284a00000] [id=10296]
  0x00000154b931e800 GCTaskThread "GC Thread#3" [stack: 0x0000001284a00000,0x0000001284b00000] [id=14500]

Threads with active compile tasks:
C2 CompilerThread0  63230994 18764   !   4       org.eclipse.jdt.internal.compiler.parser.Scanner::getNextToken0 (3042 bytes)
C2 CompilerThread1  63230994 18681   !   4       org.eclipse.jdt.internal.compiler.parser.AbstractCommentParser::commentParse (1844 bytes)

VM state:not at safepoint (normal execution)

VM Mutex/Monitor currently owned by a thread:  ([mutex/lock_event])
[0x000001549b63bbd0] Compile_lock - owner thread: 0x00000154b783c800

Heap address: 0x00000000c0000000, size: 1024 MB, Compressed Oops mode: 32-bit
Narrow klass base: 0x0000000800000000, Narrow klass shift: 3
Compressed class space size: 1073741824 Address: 0x0000000800b30000

Heap:
 PSYoungGen      total 8704K, used 6281K [0x00000000eab00000, 0x00000000eba80000, 0x0000000100000000)
  eden space 4608K, 48% used [0x00000000eab00000,0x00000000ead2a7c0,0x00000000eaf80000)
  from space 4096K, 99% used [0x00000000eb480000,0x00000000eb878028,0x00000000eb880000)
  to   space 5120K, 0% used [0x00000000eaf80000,0x00000000eaf80000,0x00000000eb480000)
 ParOldGen       total 157696K, used 109440K [0x00000000c0000000, 0x00000000c9a00000, 0x00000000eab00000)
  object space 157696K, 69% used [0x00000000c0000000,0x00000000c6ae0260,0x00000000c9a00000)
 Metaspace       used 77413K, capacity 80962K, committed 81300K, reserved 1122304K
  class space    used 7604K, capacity 8864K, committed 8920K, reserved 1048576K

Card table byte_map: [0x000001549d0f0000,0x000001549d300000] _byte_map_base: 0x000001549caf0000

Marking Bits: (ParMarkBitMap*) 0x00007ffa68d9b260
 Begin Bits: [0x00000154b4eb0000, 0x00000154b5eb0000)
 End Bits:   [0x00000154b5eb0000, 0x00000154b6eb0000)

Polling page: 0x000001549cee0000

Metaspace:

Usage:
  Non-class:     70.41 MB capacity,    68.17 MB ( 97%) used,     2.07 MB (  3%) free+waste,   167.00 KB ( <1%) overhead. 
      Class:      8.66 MB capacity,     7.43 MB ( 86%) used,     1.16 MB ( 13%) free+waste,    71.06 KB ( <1%) overhead. 
       Both:     79.06 MB capacity,    75.60 MB ( 96%) used,     3.23 MB (  4%) free+waste,   238.06 KB ( <1%) overhead. 

Virtual space:
  Non-class space:       72.00 MB reserved,      70.68 MB ( 98%) committed 
      Class space:        1.00 GB reserved,       8.71 MB ( <1%) committed 
             Both:        1.07 GB reserved,      79.39 MB (  7%) committed 

Chunk freelists:
   Non-Class:  154.00 KB
       Class:  35.00 KB
        Both:  189.00 KB

MaxMetaspaceSize: 17179869184.00 GB
CompressedClassSpaceSize: 1.00 GB

CodeHeap 'non-profiled nmethods': size=120000Kb used=12958Kb max_used=12958Kb free=107041Kb
 bounds [0x00000154ad980000, 0x00000154ae650000, 0x00000154b4eb0000]
CodeHeap 'profiled nmethods': size=120000Kb used=34525Kb max_used=34525Kb free=85474Kb
 bounds [0x00000154a6450000, 0x00000154a8620000, 0x00000154ad980000]
CodeHeap 'non-nmethods': size=5760Kb used=1452Kb max_used=1489Kb free=4308Kb
 bounds [0x00000154a5eb0000, 0x00000154a6120000, 0x00000154a6450000]
 total_blobs=26683 nmethods=13998 adapters=630
 compilation: enabled
              stopped_count=0, restarted_count=0
 full_count=0

Compilation events (20 events):
Event: 63229.168 Thread 0x00000154b783c800 18811       2       org.eclipse.jdt.internal.compiler.ast.CompilationUnitDeclaration::isLambdaExpressionCopyContext (93 bytes)
Event: 63229.169 Thread 0x00000154b783c800 nmethod 18811 0x00000154a786ee90 code [0x00000154a786f060, 0x00000154a786f498]
Event: 63229.178 Thread 0x00000154b783c800 18812       2       org.eclipse.jdt.internal.compiler.lookup.ParameterizedTypeBinding::superInterfaces (108 bytes)
Event: 63229.179 Thread 0x00000154b783c800 nmethod 18812 0x00000154a786e790 code [0x00000154a786e960, 0x00000154a786eca8]
Event: 63229.180 Thread 0x00000154b783c800 18813       2       org.eclipse.jdt.internal.compiler.parser.Parser::consumeEqualityExpressionWithName (66 bytes)
Event: 63229.181 Thread 0x00000154b783c800 nmethod 18813 0x00000154a75dd510 code [0x00000154a75dd6e0, 0x00000154a75dda28]
Event: 63229.209 Thread 0x00000154b783c800 18814   !   2       org.eclipse.jdt.internal.core.builder.ClasspathJrt::createAnswer (99 bytes)
Event: 63229.211 Thread 0x00000154b783c800 nmethod 18814 0x00000154a75dc990 code [0x00000154a75dcba0, 0x00000154a75dd248]
Event: 63229.213 Thread 0x00000154bd6e3000 nmethod 18748 0x00000154ae635990 code [0x00000154ae636800, 0x00000154ae63d748]
Event: 63229.214 Thread 0x00000154bd6e3000 18805 % !   4       org.eclipse.jdt.internal.compiler.parser.Scanner::jumpOverMethodBody @ 12 (2089 bytes)
Event: 63229.221 Thread 0x00000154b783c800 18815       2       org.eclipse.jdt.internal.compiler.lookup.Scope::substitute (9 bytes)
Event: 63229.221 Thread 0x00000154b783c800 nmethod 18815 0x00000154a786e310 code [0x00000154a786e4a0, 0x00000154a786e5a8]
Event: 63229.249 Thread 0x00000154b783c800 18817       2       org.eclipse.jdt.internal.core.search.matching.ClasspathSourceDirectory::hashCode (22 bytes)
Event: 63229.249 Thread 0x00000154b783c800 nmethod 18817 0x00000154a75dc590 code [0x00000154a75dc740, 0x00000154a75dc8b8]
Event: 63229.356 Thread 0x00000154b783c800 18818       2       org.eclipse.jdt.internal.compiler.ast.BinaryExpression::traverse (34 bytes)
Event: 63229.357 Thread 0x00000154b783c800 nmethod 18818 0x00000154a75dc090 code [0x00000154a75dc260, 0x00000154a75dc478]
Event: 63229.357 Thread 0x00000154b783c800 18819       2       org.eclipse.jdt.internal.compiler.ASTVisitor::endVisit (1 bytes)
Event: 63229.357 Thread 0x00000154b783c800 nmethod 18819 0x00000154a75dbd10 code [0x00000154a75dbea0, 0x00000154a75dbfb8]
Event: 63229.364 Thread 0x00000154b783c800 18820       1       org.eclipse.jdt.internal.core.util.ResourceCompilationUnit::getMainTypeName (5 bytes)
Event: 63229.364 Thread 0x00000154b783c800 nmethod 18820 0x00000154ae0ac210 code [0x00000154ae0ac3a0, 0x00000154ae0ac478]

GC Heap History (20 events):
Event: 63228.992 GC heap before
{Heap before GC invocations=2918 (full 73):
 PSYoungGen      total 4096K, used 4071K [0x00000000eab00000, 0x00000000ebd00000, 0x0000000100000000)
  eden space 512K, 99% used [0x00000000eab00000,0x00000000eab7ff30,0x00000000eab80000)
  from space 3584K, 99% used [0x00000000eb280000,0x00000000eb5fa070,0x00000000eb600000)
  to   space 7168K, 0% used [0x00000000eab80000,0x00000000eab80000,0x00000000eb280000)
 ParOldGen       total 120320K, used 102379K [0x00000000c0000000, 0x00000000c7580000, 0x00000000eab00000)
  object space 120320K, 85% used [0x00000000c0000000,0x00000000c63fad90,0x00000000c7580000)
 Metaspace       used 77350K, capacity 80897K, committed 81300K, reserved 1122304K
  class space    used 7604K, capacity 8864K, committed 8920K, reserved 1048576K
}
Event: 63229.004 GC heap after
{Heap after GC invocations=2918 (full 73):
 PSYoungGen      total 1024K, used 512K [0x00000000eab00000, 0x00000000eb300000, 0x0000000100000000)
  eden space 512K, 0% used [0x00000000eab00000,0x00000000eab00000,0x00000000eab80000)
  from space 512K, 100% used [0x00000000eab80000,0x00000000eac00000,0x00000000eac00000)
  to   space 3072K, 0% used [0x00000000eb000000,0x00000000eb000000,0x00000000eb300000)
 ParOldGen       total 120320K, used 105973K [0x00000000c0000000, 0x00000000c7580000, 0x00000000eab00000)
  object space 120320K, 88% used [0x00000000c0000000,0x00000000c677d410,0x00000000c7580000)
 Metaspace       used 77350K, capacity 80897K, committed 81300K, reserved 1122304K
  class space    used 7604K, capacity 8864K, committed 8920K, reserved 1048576K
}
Event: 63229.008 GC heap before
{Heap before GC invocations=2919 (full 73):
 PSYoungGen      total 1024K, used 1023K [0x00000000eab00000, 0x00000000eb300000, 0x0000000100000000)
  eden space 512K, 99% used [0x00000000eab00000,0x00000000eab7fea0,0x00000000eab80000)
  from space 512K, 100% used [0x00000000eab80000,0x00000000eac00000,0x00000000eac00000)
  to   space 3072K, 0% used [0x00000000eb000000,0x00000000eb000000,0x00000000eb300000)
 ParOldGen       total 120320K, used 105973K [0x00000000c0000000, 0x00000000c7580000, 0x00000000eab00000)
  object space 120320K, 88% used [0x00000000c0000000,0x00000000c677d410,0x00000000c7580000)
 Metaspace       used 77350K, capacity 80897K, committed 81300K, reserved 1122304K
  class space    used 7604K, capacity 8864K, committed 8920K, reserved 1048576K
}
Event: 63229.013 GC heap after
{Heap after GC invocations=2919 (full 73):
 PSYoungGen      total 1536K, used 449K [0x00000000eab00000, 0x00000000eb080000, 0x0000000100000000)
  eden space 1024K, 0% used [0x00000000eab00000,0x00000000eab00000,0x00000000eac00000)
  from space 512K, 87% used [0x00000000eb000000,0x00000000eb0704a0,0x00000000eb080000)
  to   space 1024K, 0% used [0x00000000eae80000,0x00000000eae80000,0x00000000eaf80000)
 ParOldGen       total 120320K, used 106437K [0x00000000c0000000, 0x00000000c7580000, 0x00000000eab00000)
  object space 120320K, 88% used [0x00000000c0000000,0x00000000c67f1410,0x00000000c7580000)
 Metaspace       used 77350K, capacity 80897K, committed 81300K, reserved 1122304K
  class space    used 7604K, capacity 8864K, committed 8920K, reserved 1048576K
}
Event: 63229.021 GC heap before
{Heap before GC invocations=2920 (full 73):
 PSYoungGen      total 1536K, used 1473K [0x00000000eab00000, 0x00000000eb080000, 0x0000000100000000)
  eden space 1024K, 100% used [0x00000000eab00000,0x00000000eac00000,0x00000000eac00000)
  from space 512K, 87% used [0x00000000eb000000,0x00000000eb0704a0,0x00000000eb080000)
  to   space 1024K, 0% used [0x00000000eae80000,0x00000000eae80000,0x00000000eaf80000)
 ParOldGen       total 120320K, used 106437K [0x00000000c0000000, 0x00000000c7580000, 0x00000000eab00000)
  object space 120320K, 88% used [0x00000000c0000000,0x00000000c67f1410,0x00000000c7580000)
 Metaspace       used 77350K, capacity 80897K, committed 81300K, reserved 1122304K
  class space    used 7604K, capacity 8864K, committed 8920K, reserved 1048576K
}
Event: 63229.027 GC heap after
{Heap after GC invocations=2920 (full 73):
 PSYoungGen      total 2560K, used 1020K [0x00000000eab00000, 0x00000000eb080000, 0x0000000100000000)
  eden space 1536K, 0% used [0x00000000eab00000,0x00000000eab00000,0x00000000eac80000)
  from space 1024K, 99% used [0x00000000eae80000,0x00000000eaf7f2a0,0x00000000eaf80000)
  to   space 1024K, 0% used [0x00000000eaf80000,0x00000000eaf80000,0x00000000eb080000)
 ParOldGen       total 120320K, used 106887K [0x00000000c0000000, 0x00000000c7580000, 0x00000000eab00000)
  object space 120320K, 88% used [0x00000000c0000000,0x00000000c6861d50,0x00000000c7580000)
 Metaspace       used 77350K, capacity 80897K, committed 81300K, reserved 1122304K
  class space    used 7604K, capacity 8864K, committed 8920K, reserved 1048576K
}
Event: 63229.041 GC heap before
{Heap before GC invocations=2921 (full 73):
 PSYoungGen      total 2560K, used 2556K [0x00000000eab00000, 0x00000000eb080000, 0x0000000100000000)
  eden space 1536K, 100% used [0x00000000eab00000,0x00000000eac80000,0x00000000eac80000)
  from space 1024K, 99% used [0x00000000eae80000,0x00000000eaf7f2a0,0x00000000eaf80000)
  to   space 1024K, 0% used [0x00000000eaf80000,0x00000000eaf80000,0x00000000eb080000)
 ParOldGen       total 120320K, used 106887K [0x00000000c0000000, 0x00000000c7580000, 0x00000000eab00000)
  object space 120320K, 88% used [0x00000000c0000000,0x00000000c6861d50,0x00000000c7580000)
 Metaspace       used 77350K, capacity 80897K, committed 81300K, reserved 1122304K
  class space    used 7604K, capacity 8864K, committed 8920K, reserved 1048576K
}
Event: 63229.047 GC heap after
{Heap after GC invocations=2921 (full 73):
 PSYoungGen      total 2560K, used 412K [0x00000000eab00000, 0x00000000eb000000, 0x0000000100000000)
  eden space 2048K, 0% used [0x00000000eab00000,0x00000000eab00000,0x00000000ead00000)
  from space 512K, 80% used [0x00000000eaf80000,0x00000000eafe7290,0x00000000eb000000)
  to   space 1024K, 0% used [0x00000000eae00000,0x00000000eae00000,0x00000000eaf00000)
 ParOldGen       total 120320K, used 107775K [0x00000000c0000000, 0x00000000c7580000, 0x00000000eab00000)
  object space 120320K, 89% used [0x00000000c0000000,0x00000000c693fd50,0x00000000c7580000)
 Metaspace       used 77350K, capacity 80897K, committed 81300K, reserved 1122304K
  class space    used 7604K, capacity 8864K, committed 8920K, reserved 1048576K
}
Event: 63229.060 GC heap before
{Heap before GC invocations=2922 (full 73):
 PSYoungGen      total 2560K, used 2460K [0x00000000eab00000, 0x00000000eb000000, 0x0000000100000000)
  eden space 2048K, 100% used [0x00000000eab00000,0x00000000ead00000,0x00000000ead00000)
  from space 512K, 80% used [0x00000000eaf80000,0x00000000eafe7290,0x00000000eb000000)
  to   space 1024K, 0% used [0x00000000eae00000,0x00000000eae00000,0x00000000eaf00000)
 ParOldGen       total 120320K, used 107775K [0x00000000c0000000, 0x00000000c7580000, 0x00000000eab00000)
  object space 120320K, 89% used [0x00000000c0000000,0x00000000c693fd50,0x00000000c7580000)
 Metaspace       used 77350K, capacity 80897K, committed 81300K, reserved 1122304K
  class space    used 7604K, capacity 8864K, committed 8920K, reserved 1048576K
}
Event: 63229.063 GC heap after
{Heap after GC invocations=2922 (full 73):
 PSYoungGen      total 3584K, used 288K [0x00000000eab00000, 0x00000000eb000000, 0x0000000100000000)
  eden space 2560K, 0% used [0x00000000eab00000,0x00000000eab00000,0x00000000ead80000)
  from space 1024K, 28% used [0x00000000eae00000,0x00000000eae48000,0x00000000eaf00000)
  to   space 512K, 0% used [0x00000000eaf80000,0x00000000eaf80000,0x00000000eb000000)
 ParOldGen       total 120320K, used 108295K [0x00000000c0000000, 0x00000000c7580000, 0x00000000eab00000)
  object space 120320K, 90% used [0x00000000c0000000,0x00000000c69c1e00,0x00000000c7580000)
 Metaspace       used 77350K, capacity 80897K, committed 81300K, reserved 1122304K
  class space    used 7604K, capacity 8864K, committed 8920K, reserved 1048576K
}
Event: 63229.080 GC heap before
{Heap before GC invocations=2923 (full 73):
 PSYoungGen      total 3584K, used 2503K [0x00000000eab00000, 0x00000000eb000000, 0x0000000100000000)
  eden space 2560K, 86% used [0x00000000eab00000,0x00000000ead29e00,0x00000000ead80000)
  from space 1024K, 28% used [0x00000000eae00000,0x00000000eae48000,0x00000000eaf00000)
  to   space 512K, 0% used [0x00000000eaf80000,0x00000000eaf80000,0x00000000eb000000)
 ParOldGen       total 120320K, used 108295K [0x00000000c0000000, 0x00000000c7580000, 0x00000000eab00000)
  object space 120320K, 90% used [0x00000000c0000000,0x00000000c69c1e00,0x00000000c7580000)
 Metaspace       used 77350K, capacity 80897K, committed 81300K, reserved 1122304K
  class space    used 7604K, capacity 8864K, committed 8920K, reserved 1048576K
}
Event: 63229.084 GC heap after
{Heap after GC invocations=2923 (full 73):
 PSYoungGen      total 3584K, used 498K [0x00000000eab00000, 0x00000000eb000000, 0x0000000100000000)
  eden space 3072K, 0% used [0x00000000eab00000,0x00000000eab00000,0x00000000eae00000)
  from space 512K, 97% used [0x00000000eaf80000,0x00000000eaffc878,0x00000000eb000000)
  to   space 1024K, 0% used [0x00000000eae00000,0x00000000eae00000,0x00000000eaf00000)
 ParOldGen       total 120320K, used 108548K [0x00000000c0000000, 0x00000000c7580000, 0x00000000eab00000)
  object space 120320K, 90% used [0x00000000c0000000,0x00000000c6a01130,0x00000000c7580000)
 Metaspace       used 77350K, capacity 80897K, committed 81300K, reserved 1122304K
  class space    used 7604K, capacity 8864K, committed 8920K, reserved 1048576K
}
Event: 63229.132 GC heap before
{Heap before GC invocations=2924 (full 73):
 PSYoungGen      total 3584K, used 3570K [0x00000000eab00000, 0x00000000eb000000, 0x0000000100000000)
  eden space 3072K, 100% used [0x00000000eab00000,0x00000000eae00000,0x00000000eae00000)
  from space 512K, 97% used [0x00000000eaf80000,0x00000000eaffc878,0x00000000eb000000)
  to   space 1024K, 0% used [0x00000000eae00000,0x00000000eae00000,0x00000000eaf00000)
 ParOldGen       total 120320K, used 108548K [0x00000000c0000000, 0x00000000c7580000, 0x00000000eab00000)
  object space 120320K, 90% used [0x00000000c0000000,0x00000000c6a01130,0x00000000c7580000)
 Metaspace       used 77350K, capacity 80897K, committed 81300K, reserved 1122304K
  class space    used 7604K, capacity 8864K, committed 8920K, reserved 1048576K
}
Event: 63229.136 GC heap after
{Heap after GC invocations=2924 (full 73):
 PSYoungGen      total 4096K, used 1014K [0x00000000eab00000, 0x00000000eb300000, 0x0000000100000000)
  eden space 3072K, 0% used [0x00000000eab00000,0x00000000eab00000,0x00000000eae00000)
  from space 1024K, 99% used [0x00000000eae00000,0x00000000eaefdae0,0x00000000eaf00000)
  to   space 2048K, 0% used [0x00000000eb100000,0x00000000eb100000,0x00000000eb300000)
 ParOldGen       total 120320K, used 108956K [0x00000000c0000000, 0x00000000c7580000, 0x00000000eab00000)
  object space 120320K, 90% used [0x00000000c0000000,0x00000000c6a67140,0x00000000c7580000)
 Metaspace       used 77350K, capacity 80897K, committed 81300K, reserved 1122304K
  class space    used 7604K, capacity 8864K, committed 8920K, reserved 1048576K
}
Event: 63229.149 GC heap before
{Heap before GC invocations=2925 (full 73):
 PSYoungGen      total 4096K, used 4086K [0x00000000eab00000, 0x00000000eb300000, 0x0000000100000000)
  eden space 3072K, 100% used [0x00000000eab00000,0x00000000eae00000,0x00000000eae00000)
  from space 1024K, 99% used [0x00000000eae00000,0x00000000eaefdae0,0x00000000eaf00000)
  to   space 2048K, 0% used [0x00000000eb100000,0x00000000eb100000,0x00000000eb300000)
 ParOldGen       total 120320K, used 108956K [0x00000000c0000000, 0x00000000c7580000, 0x00000000eab00000)
  object space 120320K, 90% used [0x00000000c0000000,0x00000000c6a67140,0x00000000c7580000)
 Metaspace       used 77350K, capacity 80897K, committed 81300K, reserved 1122304K
  class space    used 7604K, capacity 8864K, committed 8920K, reserved 1048576K
}
Event: 63229.153 GC heap after
{Heap after GC invocations=2925 (full 73):
 PSYoungGen      total 5120K, used 544K [0x00000000eab00000, 0x00000000eb200000, 0x0000000100000000)
  eden space 4096K, 0% used [0x00000000eab00000,0x00000000eab00000,0x00000000eaf00000)
  from space 1024K, 53% used [0x00000000eb100000,0x00000000eb188000,0x00000000eb200000)
  to   space 1024K, 0% used [0x00000000eb000000,0x00000000eb000000,0x00000000eb100000)
 ParOldGen       total 120320K, used 109977K [0x00000000c0000000, 0x00000000c7580000, 0x00000000eab00000)
  object space 120320K, 91% used [0x00000000c0000000,0x00000000c6b66648,0x00000000c7580000)
 Metaspace       used 77350K, capacity 80897K, committed 81300K, reserved 1122304K
  class space    used 7604K, capacity 8864K, committed 8920K, reserved 1048576K
}
Event: 63229.201 GC heap before
{Heap before GC invocations=2926 (full 73):
 PSYoungGen      total 5120K, used 4640K [0x00000000eab00000, 0x00000000eb200000, 0x0000000100000000)
  eden space 4096K, 100% used [0x00000000eab00000,0x00000000eaf00000,0x00000000eaf00000)
  from space 1024K, 53% used [0x00000000eb100000,0x00000000eb188000,0x00000000eb200000)
  to   space 1024K, 0% used [0x00000000eb000000,0x00000000eb000000,0x00000000eb100000)
 ParOldGen       total 120320K, used 109977K [0x00000000c0000000, 0x00000000c7580000, 0x00000000eab00000)
  object space 120320K, 91% used [0x00000000c0000000,0x00000000c6b66648,0x00000000c7580000)
 Metaspace       used 77351K, capacity 80897K, committed 81300K, reserved 1122304K
  class space    used 7604K, capacity 8864K, committed 8920K, reserved 1048576K
}
Event: 63229.206 GC heap after
{Heap after GC invocations=2926 (full 73):
 PSYoungGen      total 6144K, used 838K [0x00000000eab00000, 0x00000000eb200000, 0x0000000100000000)
  eden space 5120K, 0% used [0x00000000eab00000,0x00000000eab00000,0x00000000eb000000)
  from space 1024K, 81% used [0x00000000eb000000,0x00000000eb0d1958,0x00000000eb100000)
  to   space 1024K, 0% used [0x00000000eb100000,0x00000000eb100000,0x00000000eb200000)
 ParOldGen       total 120320K, used 110465K [0x00000000c0000000, 0x00000000c7580000, 0x00000000eab00000)
  object space 120320K, 91% used [0x00000000c0000000,0x00000000c6be0648,0x00000000c7580000)
 Metaspace       used 77351K, capacity 80897K, committed 81300K, reserved 1122304K
  class space    used 7604K, capacity 8864K, committed 8920K, reserved 1048576K
}
Event: 63229.328 GC heap before
{Heap before GC invocations=2927 (full 73):
 PSYoungGen      total 6144K, used 5957K [0x00000000eab00000, 0x00000000eb200000, 0x0000000100000000)
  eden space 5120K, 99% used [0x00000000eab00000,0x00000000eafffae0,0x00000000eb000000)
  from space 1024K, 81% used [0x00000000eb000000,0x00000000eb0d1958,0x00000000eb100000)
  to   space 1024K, 0% used [0x00000000eb100000,0x00000000eb100000,0x00000000eb200000)
 ParOldGen       total 120320K, used 110465K [0x00000000c0000000, 0x00000000c7580000, 0x00000000eab00000)
  object space 120320K, 91% used [0x00000000c0000000,0x00000000c6be0648,0x00000000c7580000)
 Metaspace       used 77351K, capacity 80897K, committed 81300K, reserved 1122304K
  class space    used 7604K, capacity 8864K, committed 8920K, reserved 1048576K
}
Event: 63229.334 GC heap after
{Heap after GC invocations=2927 (full 73):
 PSYoungGen      total 4608K, used 995K [0x00000000eab00000, 0x00000000eb500000, 0x0000000100000000)
  eden space 3584K, 0% used [0x00000000eab00000,0x00000000eab00000,0x00000000eae80000)
  from space 1024K, 97% used [0x00000000eb100000,0x00000000eb1f8ce8,0x00000000eb200000)
  to   space 2560K, 0% used [0x00000000eae80000,0x00000000eae80000,0x00000000eb100000)
 ParOldGen       total 120320K, used 111374K [0x00000000c0000000, 0x00000000c7580000, 0x00000000eab00000)
  object space 120320K, 92% used [0x00000000c0000000,0x00000000c6cc39f8,0x00000000c7580000)
 Metaspace       used 77351K, capacity 80897K, committed 81300K, reserved 1122304K
  class space    used 7604K, capacity 8864K, committed 8920K, reserved 1048576K
}

Deoptimization events (20 events):
Event: 63229.269 Thread 0x00000154bcab0800 DEOPT PACKING pc=0x00000154a86135c7 sp=0x00000012859fd860
Event: 63229.269 Thread 0x00000154bcab0800 DEOPT UNPACKING pc=0x00000154a5ef9940 sp=0x00000012859fcd58 mode 0
Event: 63229.273 Thread 0x00000154bcab0800 DEOPT PACKING pc=0x00000154a857cf72 sp=0x00000012859fd830
Event: 63229.273 Thread 0x00000154bcab0800 DEOPT UNPACKING pc=0x00000154a5ef9940 sp=0x00000012859fcd78 mode 0
Event: 63229.278 Thread 0x00000154bcaab800 DEOPT PACKING pc=0x00000154a8613d9d sp=0x00000012835fd280
Event: 63229.278 Thread 0x00000154bcaab800 DEOPT UNPACKING pc=0x00000154a5ef9940 sp=0x00000012835fc780 mode 0
Event: 63229.279 Thread 0x00000154bcab0800 DEOPT PACKING pc=0x00000154a857cf72 sp=0x00000012859fd830
Event: 63229.279 Thread 0x00000154bcab0800 DEOPT UNPACKING pc=0x00000154a5ef9940 sp=0x00000012859fcd78 mode 0
Event: 63229.312 Thread 0x00000154bcab5800 DEOPT PACKING pc=0x00000154a84c5cde sp=0x0000001285dfdea0
Event: 63229.312 Thread 0x00000154bcab5800 DEOPT UNPACKING pc=0x00000154a5ef9940 sp=0x0000001285dfd398 mode 0
Event: 63229.347 Thread 0x00000154bcaab800 DEOPT PACKING pc=0x00000154a86139cc sp=0x00000012835fd280
Event: 63229.347 Thread 0x00000154bcab0800 DEOPT PACKING pc=0x00000154a857d0db sp=0x00000012859fd9c0
Event: 63229.347 Thread 0x00000154bcaab800 DEOPT UNPACKING pc=0x00000154a5ef9940 sp=0x00000012835fc770 mode 0
Event: 63229.347 Thread 0x00000154bcab0800 DEOPT UNPACKING pc=0x00000154a5ef9940 sp=0x00000012859fcf00 mode 0
Event: 63229.353 Thread 0x00000154bcab0800 DEOPT PACKING pc=0x00000154a86135c7 sp=0x00000012859fd860
Event: 63229.353 Thread 0x00000154bcab0800 DEOPT UNPACKING pc=0x00000154a5ef9940 sp=0x00000012859fcd58 mode 0
Event: 63229.356 Thread 0x00000154bcab0800 DEOPT PACKING pc=0x00000154a857cf72 sp=0x00000012859fd830
Event: 63229.356 Thread 0x00000154bcab0800 DEOPT UNPACKING pc=0x00000154a5ef9940 sp=0x00000012859fcd78 mode 0
Event: 63229.371 Thread 0x00000154bcab0800 DEOPT PACKING pc=0x00000154a8613600 sp=0x00000012859fd860
Event: 63229.371 Thread 0x00000154bcab0800 DEOPT UNPACKING pc=0x00000154a5ef9940 sp=0x00000012859fcd58 mode 0

Classes unloaded (20 events):
Event: 62125.366 Thread 0x00000154b7810000 Unloading class 0x00000008013db040 'jdk/internal/reflect/GeneratedSerializationConstructorAccessor80'
Event: 62125.366 Thread 0x00000154b7810000 Unloading class 0x00000008013dac40 'jdk/internal/reflect/GeneratedSerializationConstructorAccessor79'
Event: 62125.366 Thread 0x00000154b7810000 Unloading class 0x00000008013da840 'jdk/internal/reflect/GeneratedSerializationConstructorAccessor78'
Event: 62125.366 Thread 0x00000154b7810000 Unloading class 0x00000008013da440 'jdk/internal/reflect/GeneratedMethodAccessor31'
Event: 62125.366 Thread 0x00000154b7810000 Unloading class 0x00000008013da040 'jdk/internal/reflect/GeneratedMethodAccessor30'
Event: 62125.366 Thread 0x00000154b7810000 Unloading class 0x00000008013d9c40 'jdk/internal/reflect/GeneratedSerializationConstructorAccessor77'
Event: 62125.366 Thread 0x00000154b7810000 Unloading class 0x00000008013d9840 'jdk/internal/reflect/GeneratedSerializationConstructorAccessor76'
Event: 62125.366 Thread 0x00000154b7810000 Unloading class 0x00000008013d9440 'jdk/internal/reflect/GeneratedSerializationConstructorAccessor75'
Event: 62125.366 Thread 0x00000154b7810000 Unloading class 0x00000008013d9040 'jdk/internal/reflect/GeneratedSerializationConstructorAccessor74'
Event: 62125.366 Thread 0x00000154b7810000 Unloading class 0x00000008013d8c40 'jdk/internal/reflect/GeneratedSerializationConstructorAccessor73'
Event: 62125.366 Thread 0x00000154b7810000 Unloading class 0x00000008013d8840 'jdk/internal/reflect/GeneratedSerializationConstructorAccessor72'
Event: 62125.366 Thread 0x00000154b7810000 Unloading class 0x00000008013d8440 'jdk/internal/reflect/GeneratedSerializationConstructorAccessor71'
Event: 62125.366 Thread 0x00000154b7810000 Unloading class 0x00000008013d8040 'jdk/internal/reflect/GeneratedSerializationConstructorAccessor70'
Event: 62125.367 Thread 0x00000154b7810000 Unloading class 0x0000000800db3440 'jdk/internal/reflect/GeneratedSerializationConstructorAccessor69'
Event: 62125.367 Thread 0x00000154b7810000 Unloading class 0x0000000800db3040 'jdk/internal/reflect/GeneratedSerializationConstructorAccessor68'
Event: 62125.367 Thread 0x00000154b7810000 Unloading class 0x0000000800db3c40 'jdk/internal/reflect/GeneratedSerializationConstructorAccessor67'
Event: 62125.367 Thread 0x00000154b7810000 Unloading class 0x0000000800db3840 'jdk/internal/reflect/GeneratedSerializationConstructorAccessor66'
Event: 62125.367 Thread 0x00000154b7810000 Unloading class 0x0000000800db4440 'jdk/internal/reflect/GeneratedSerializationConstructorAccessor65'
Event: 62125.367 Thread 0x00000154b7810000 Unloading class 0x0000000801393040 'jdk/internal/reflect/GeneratedConstructorAccessor52'
Event: 62125.367 Thread 0x00000154b7810000 Unloading class 0x0000000801393c40 'jdk/internal/reflect/GeneratedConstructorAccessor51'

Classes redefined (0 events):
No events

Internal exceptions (20 events):
Event: 63229.246 Thread 0x00000154bcab5800 Exception <a 'java/lang/ArrayIndexOutOfBoundsException'{0x00000000eacad238}> (0x00000000eacad238) 
thrown [t:/workspace/open/src/hotspot/share/runtime/sharedRuntime.cpp, line 584]
Event: 63229.251 Thread 0x00000154bcaab800 Exception <a 'java/lang/ArrayIndexOutOfBoundsException'{0x00000000ead2c740}> (0x00000000ead2c740) 
thrown [t:/workspace/open/src/hotspot/share/runtime/sharedRuntime.cpp, line 584]
Event: 63229.257 Thread 0x00000154bcab0800 Exception <a 'java/lang/ArrayIndexOutOfBoundsException'{0x00000000ead50db0}> (0x00000000ead50db0) 
thrown [t:/workspace/open/src/hotspot/share/runtime/sharedRuntime.cpp, line 584]
Event: 63229.261 Thread 0x00000154bcab0800 Exception <a 'java/lang/ArrayIndexOutOfBoundsException'{0x00000000ead70be8}> (0x00000000ead70be8) 
thrown [t:/workspace/open/src/hotspot/share/runtime/sharedRuntime.cpp, line 584]
Event: 63229.268 Thread 0x00000154bcaab800 Exception <a 'java/lang/ArrayIndexOutOfBoundsException'{0x00000000eadbc5d8}> (0x00000000eadbc5d8) 
thrown [t:/workspace/open/src/hotspot/share/runtime/sharedRuntime.cpp, line 584]
Event: 63229.271 Thread 0x00000154bcab0800 Exception <a 'java/lang/ArrayIndexOutOfBoundsException'{0x00000000eadf3938}> (0x00000000eadf3938) 
thrown [t:/workspace/open/src/hotspot/share/runtime/sharedRuntime.cpp, line 584]
Event: 63229.278 Thread 0x00000154bcaab800 Exception <a 'java/lang/ArrayIndexOutOfBoundsException'{0x00000000eae59e38}> (0x00000000eae59e38) 
thrown [t:/workspace/open/src/hotspot/share/runtime/sharedRuntime.cpp, line 584]
Event: 63229.294 Thread 0x00000154bcab5800 Exception <a 'java/lang/ArrayIndexOutOfBoundsException'{0x00000000eaec8a48}> (0x00000000eaec8a48) 
thrown [t:/workspace/open/src/hotspot/share/runtime/sharedRuntime.cpp, line 584]
Event: 63229.301 Thread 0x00000154bcab5800 Exception <a 'java/lang/ArrayIndexOutOfBoundsException'{0x00000000eaf48850}> (0x00000000eaf48850) 
thrown [t:/workspace/open/src/hotspot/share/runtime/sharedRuntime.cpp, line 584]
Event: 63229.308 Thread 0x00000154bcab5800 Exception <a 'java/lang/ArrayIndexOutOfBoundsException'{0x00000000eafadc50}> (0x00000000eafadc50) 
thrown [t:/workspace/open/src/hotspot/share/runtime/sharedRuntime.cpp, line 584]
Event: 63229.341 Thread 0x00000154bcab0800 Exception <a 'java/lang/ArrayIndexOutOfBoundsException'{0x00000000eab26ef0}> (0x00000000eab26ef0) 
thrown [t:/workspace/open/src/hotspot/share/runtime/sharedRuntime.cpp, line 584]
Event: 63229.341 Thread 0x00000154bcaab800 Exception <a 'java/lang/ArrayIndexOutOfBoundsException'{0x00000000eab21228}> (0x00000000eab21228) 
thrown [t:/workspace/open/src/hotspot/share/runtime/sharedRuntime.cpp, line 584]
Event: 63229.347 Thread 0x00000154bcab0800 Exception <a 'java/lang/ArrayIndexOutOfBoundsException'{0x00000000eab58920}> (0x00000000eab58920) 
thrown [t:/workspace/open/src/hotspot/share/runtime/sharedRuntime.cpp, line 584]
Event: 63229.347 Thread 0x00000154bcaab800 Exception <a 'java/lang/ArrayIndexOutOfBoundsException'{0x00000000eab59fc8}> (0x00000000eab59fc8) 
thrown [t:/workspace/open/src/hotspot/share/runtime/sharedRuntime.cpp, line 584]
Event: 63229.353 Thread 0x00000154bcaab800 Exception <a 'java/lang/ArrayIndexOutOfBoundsException'{0x00000000eab8dab0}> (0x00000000eab8dab0) 
thrown [t:/workspace/open/src/hotspot/share/runtime/sharedRuntime.cpp, line 584]
Event: 63229.353 Thread 0x00000154bcab0800 Exception <a 'java/lang/ArrayIndexOutOfBoundsException'{0x00000000eab94608}> (0x00000000eab94608) 
thrown [t:/workspace/open/src/hotspot/share/runtime/sharedRuntime.cpp, line 584]
Event: 63229.358 Thread 0x00000154bcaab800 Exception <a 'java/lang/ArrayIndexOutOfBoundsException'{0x00000000eabb7a70}> (0x00000000eabb7a70) 
thrown [t:/workspace/open/src/hotspot/share/runtime/sharedRuntime.cpp, line 584]
Event: 63229.363 Thread 0x00000154bcaab800 Exception <a 'java/lang/ArrayIndexOutOfBoundsException'{0x00000000eabbce80}> (0x00000000eabbce80) 
thrown [t:/workspace/open/src/hotspot/share/runtime/sharedRuntime.cpp, line 584]
Event: 63229.371 Thread 0x00000154bcab0800 Exception <a 'java/lang/ArrayIndexOutOfBoundsException'{0x00000000eac062d0}> (0x00000000eac062d0) 
thrown [t:/workspace/open/src/hotspot/share/runtime/sharedRuntime.cpp, line 584]
Event: 63229.385 Thread 0x00000154bcab0800 Exception <a 'java/lang/ArrayIndexOutOfBoundsException'{0x00000000eac33250}> (0x00000000eac33250) 
thrown [t:/workspace/open/src/hotspot/share/runtime/sharedRuntime.cpp, line 584]

Events (20 events):
Event: 63228.992 Executing VM operation: ParallelGCFailedAllocation
Event: 63229.004 Executing VM operation: ParallelGCFailedAllocation done
Event: 63229.008 Executing VM operation: ParallelGCFailedAllocation
Event: 63229.013 Executing VM operation: ParallelGCFailedAllocation done
Event: 63229.021 Executing VM operation: ParallelGCFailedAllocation
Event: 63229.027 Executing VM operation: ParallelGCFailedAllocation done
Event: 63229.040 Executing VM operation: ParallelGCFailedAllocation
Event: 63229.048 Executing VM operation: ParallelGCFailedAllocation done
Event: 63229.059 Executing VM operation: ParallelGCFailedAllocation
Event: 63229.064 Executing VM operation: ParallelGCFailedAllocation done
Event: 63229.080 Executing VM operation: ParallelGCFailedAllocation
Event: 63229.084 Executing VM operation: ParallelGCFailedAllocation done
Event: 63229.132 Executing VM operation: ParallelGCFailedAllocation
Event: 63229.136 Executing VM operation: ParallelGCFailedAllocation done
Event: 63229.149 Executing VM operation: ParallelGCFailedAllocation
Event: 63229.154 Executing VM operation: ParallelGCFailedAllocation done
Event: 63229.192 Executing VM operation: ParallelGCFailedAllocation
Event: 63229.212 Executing VM operation: ParallelGCFailedAllocation done
Event: 63229.317 Executing VM operation: ParallelGCFailedAllocation
Event: 63229.339 Executing VM operation: ParallelGCFailedAllocation done


Dynamic libraries:
0x00007ff775420000 - 0x00007ff77542f000 	C:\Program Files\Java\jdk-14\bin\java.exe
0x00007ffab03b0000 - 0x00007ffab05a8000 	C:\WINDOWS\SYSTEM32\ntdll.dll
0x00007ffaae4a0000 - 0x00007ffaae55f000 	C:\WINDOWS\System32\KERNEL32.DLL
0x00007ffaadf50000 - 0x00007ffaae222000 	C:\WINDOWS\System32\KERNELBASE.dll
0x00007ffaadc40000 - 0x00007ffaadd40000 	C:\WINDOWS\System32\ucrtbase.dll
0x00007ffa9ffd0000 - 0x00007ffa9ffe8000 	C:\Program Files\Java\jdk-14\bin\jli.dll
0x00007ffaaeee0000 - 0x00007ffaaef8e000 	C:\WINDOWS\System32\ADVAPI32.dll
0x00007ffaaed80000 - 0x00007ffaaee1e000 	C:\WINDOWS\System32\msvcrt.dll
0x00007ffaaf0a0000 - 0x00007ffaaf13c000 	C:\WINDOWS\System32\sechost.dll
0x00007ffab00a0000 - 0x00007ffab01c5000 	C:\WINDOWS\System32\RPCRT4.dll
0x00007ffaaf1a0000 - 0x00007ffaaf341000 	C:\WINDOWS\System32\USER32.dll
0x00007ffaae390000 - 0x00007ffaae3b2000 	C:\WINDOWS\System32\win32u.dll
0x00007ffa95830000 - 0x00007ffa95aca000 	C:\WINDOWS\WinSxS\amd64_microsoft.windows.common-controls_6595b64144ccf1df_6.0.19041.1110_none_60b5254171f9507e\COMCTL32.dll
0x00007ffaaef90000 - 0x00007ffaaefbb000 	C:\WINDOWS\System32\GDI32.dll
0x00007ffaadd40000 - 0x00007ffaade4f000 	C:\WINDOWS\System32\gdi32full.dll
0x00007ffaadba0000 - 0x00007ffaadc3d000 	C:\WINDOWS\System32\msvcp_win.dll
0x00007ffa9d0e0000 - 0x00007ffa9d0ea000 	C:\WINDOWS\SYSTEM32\VERSION.dll
0x00007ffa9fc40000 - 0x00007ffa9fc55000 	C:\Program Files\Java\jdk-14\bin\VCRUNTIME140.dll
0x00007ffaaeea0000 - 0x00007ffaaeed2000 	C:\WINDOWS\System32\IMM32.DLL
0x00007ffa8d170000 - 0x00007ffa8d20b000 	C:\Program Files\Java\jdk-14\bin\msvcp140.dll
0x00007ffa68340000 - 0x00007ffa68e5f000 	C:\Program Files\Java\jdk-14\bin\server\jvm.dll
0x00007ffaae5f0000 - 0x00007ffaae5f8000 	C:\WINDOWS\System32\PSAPI.DLL
0x00007ffa9df60000 - 0x00007ffa9df69000 	C:\WINDOWS\SYSTEM32\WSOCK32.dll
0x00007ffaae7b0000 - 0x00007ffaae81b000 	C:\WINDOWS\System32\WS2_32.dll
0x00007ffa9dce0000 - 0x00007ffa9dd07000 	C:\WINDOWS\SYSTEM32\WINMM.dll
0x00007ffaab960000 - 0x00007ffaab972000 	C:\WINDOWS\SYSTEM32\kernel.appcore.dll
0x00007ffaa77d0000 - 0x00007ffaa77da000 	C:\Program Files\Java\jdk-14\bin\jimage.dll
0x00007ffa9ce40000 - 0x00007ffa9d024000 	C:\WINDOWS\SYSTEM32\DBGHELP.DLL
0x00007ffa9c2c0000 - 0x00007ffa9c2f5000 	C:\WINDOWS\SYSTEM32\dbgcore.DLL
0x00007ffaadec0000 - 0x00007ffaadf42000 	C:\WINDOWS\System32\bcryptPrimitives.dll
0x00007ffa9ea30000 - 0x00007ffa9ea55000 	C:\Program Files\Java\jdk-14\bin\java.dll
0x00007ffa9de80000 - 0x00007ffa9de97000 	C:\Program Files\Java\jdk-14\bin\zip.dll
0x00007ffaaf4e0000 - 0x00007ffaafc25000 	C:\WINDOWS\System32\SHELL32.dll
0x00007ffaabb60000 - 0x00007ffaac2f2000 	C:\WINDOWS\SYSTEM32\windows.storage.dll
0x00007ffaae820000 - 0x00007ffaaeb75000 	C:\WINDOWS\System32\combase.dll
0x00007ffaad490000 - 0x00007ffaad4c0000 	C:\WINDOWS\SYSTEM32\Wldp.dll
0x00007ffaaeb80000 - 0x00007ffaaec2d000 	C:\WINDOWS\System32\SHCORE.dll
0x00007ffaaf480000 - 0x00007ffaaf4d5000 	C:\WINDOWS\System32\shlwapi.dll
0x00007ffaad9e0000 - 0x00007ffaad9ff000 	C:\WINDOWS\SYSTEM32\profapi.dll
0x00007ffa9c4d0000 - 0x00007ffa9c4e9000 	C:\Program Files\Java\jdk-14\bin\net.dll
0x00007ffaa3ea0000 - 0x00007ffaa3fac000 	C:\WINDOWS\SYSTEM32\WINHTTP.dll
0x00007ffaad180000 - 0x00007ffaad1ea000 	C:\WINDOWS\system32\mswsock.dll
0x00007ffa9b650000 - 0x00007ffa9b662000 	C:\Program Files\Java\jdk-14\bin\nio.dll
0x00007ffaad370000 - 0x00007ffaad388000 	C:\WINDOWS\SYSTEM32\CRYPTSP.dll
0x00007ffaacaa0000 - 0x00007ffaacad4000 	C:\WINDOWS\system32\rsaenh.dll
0x00007ffaae3c0000 - 0x00007ffaae3e7000 	C:\WINDOWS\System32\bcrypt.dll
0x00007ffaad960000 - 0x00007ffaad98e000 	C:\WINDOWS\SYSTEM32\USERENV.dll
0x00007ffaad390000 - 0x00007ffaad39c000 	C:\WINDOWS\SYSTEM32\CRYPTBASE.dll
0x00007ffaace70000 - 0x00007ffaaceab000 	C:\WINDOWS\SYSTEM32\IPHLPAPI.DLL
0x00007ffaaec30000 - 0x00007ffaaec38000 	C:\WINDOWS\System32\NSI.dll
0x00007ffaa41b0000 - 0x00007ffaa41c7000 	C:\WINDOWS\SYSTEM32\dhcpcsvc6.DLL
0x00007ffaa4500000 - 0x00007ffaa451d000 	C:\WINDOWS\SYSTEM32\dhcpcsvc.DLL
0x00007ffaaceb0000 - 0x00007ffaacf7b000 	C:\WINDOWS\SYSTEM32\DNSAPI.dll
0x00007ffaa3e00000 - 0x00007ffaa3e29000 	C:\Users\Mypc\AppData\Roaming\Code\User\globalStorage\redhat.java\0.76.0\config_win\org.eclipse.equinox.launcher\org.eclipse.equinox.launcher.win32.win32.x86_64_1.2.100.v20210209-1541\eclipse_11301.dll
0x00007ffaab310000 - 0x00007ffaab320000 	C:\Program Files\Java\jdk-14\bin\verify.dll
0x00007ffa9fa20000 - 0x00007ffa9fa31000 	C:\Users\Mypc\AppData\Roaming\Code\User\globalStorage\redhat.java\0.76.0\config_win\org.eclipse.osgi\23\0\.cp\jWinHttp-1.0.0.dll
0x00007ffaaec40000 - 0x00007ffaaed6a000 	C:\WINDOWS\System32\ole32.dll
0x00007ffaa8550000 - 0x00007ffaa855e000 	C:\Program Files\Java\jdk-14\bin\sunmscapi.dll
0x00007ffaae230000 - 0x00007ffaae386000 	C:\WINDOWS\System32\CRYPT32.dll
0x00007ffaad570000 - 0x00007ffaad597000 	C:\WINDOWS\SYSTEM32\ncrypt.dll
0x00007ffaad530000 - 0x00007ffaad56b000 	C:\WINDOWS\SYSTEM32\NTASN1.dll
0x00007ffa9f9f0000 - 0x00007ffa9fa15000 	C:\Program Files\Java\jdk-14\bin\sunec.dll
0x00007ffa9eeb0000 - 0x00007ffa9eeba000 	C:\Windows\System32\rasadhlp.dll
0x00007ffa9efc0000 - 0x00007ffa9f040000 	C:\WINDOWS\System32\fwpuclnt.dll

dbghelp: loaded successfully - version: 4.0.5 - missing functions: none
symbol engine: initialized successfully - sym options: 0x614 - pdb path: .;C:\Program Files\Java\jdk-14\bin;C:\WINDOWS\SYSTEM32;C:\WINDOWS\WinSxS\amd64_microsoft.windows.common-controls_6595b64144ccf1df_6.0.19041.1110_none_60b5254171f9507e;C:\Program Files\Java\jdk-14\bin\server;C:\Users\Mypc\AppData\Roaming\Code\User\globalStorage\redhat.java\0.76.0\config_win\org.eclipse.equinox.launcher\org.eclipse.equinox.launcher.win32.win32.x86_64_1.2.100.v20210209-1541;C:\Users\Mypc\AppData\Roaming\Code\User\globalStorage\redhat.java\0.76.0\config_win\org.eclipse.osgi\23\0\.cp

VM Arguments:
jvm_args: --add-modules=ALL-SYSTEM --add-opens=java.base/java.util=ALL-UNNAMED --add-opens=java.base/java.lang=ALL-UNNAMED -Declipse.application=org.eclipse.jdt.ls.core.id1 -Dosgi.bundles.defaultStartLevel=4 -Declipse.product=org.eclipse.jdt.ls.core.product -Dfile.encoding=utf8 -DwatchParentProcess=false -XX:+UseParallelGC -XX:GCTimeRatio=4 -XX:AdaptiveSizePolicyWeight=90 -Dsun.zip.disableMemoryMapping=true -Xmx1G -Xms100m 
java_command: c:\Users\Mypc\.vscode\extensions\redhat.java-0.76.0\server\plugins\org.eclipse.equinox.launcher_1.6.100.v20201223-0822.jar -configuration c:\Users\Mypc\AppData\Roaming\Code\User\globalStorage\redhat.java\0.76.0\config_win -data c:\Users\Mypc\AppData\Roaming\Code\User\workspaceStorage\70ef265e2653a8e8a97e2688d53f32b5\redhat.java\jdt_ws
java_class_path (initial): c:\Users\Mypc\.vscode\extensions\redhat.java-0.76.0\server\plugins\org.eclipse.equinox.launcher_1.6.100.v20201223-0822.jar
Launcher Type: SUN_STANDARD

[Global flags]
    uintx AdaptiveSizePolicyWeight                 = 90                                        {product} {command line}
     intx CICompilerCount                          = 3                                         {product} {ergonomic}
    uintx GCTimeRatio                              = 4                                         {product} {command line}
   size_t InitialHeapSize                          = 104857600                                 {product} {command line}
   size_t MaxHeapSize                              = 1073741824                                {product} {command line}
   size_t MaxNewSize                               = 357564416                                 {product} {ergonomic}
   size_t MinHeapDeltaBytes                        = 524288                                    {product} {ergonomic}
   size_t MinHeapSize                              = 104857600                                 {product} {command line}
   size_t NewSize                                  = 34603008                                  {product} {ergonomic}
    uintx NonNMethodCodeHeapSize                   = 5832780                                {pd product} {ergonomic}
    uintx NonProfiledCodeHeapSize                  = 122912730                              {pd product} {ergonomic}
   size_t OldSize                                  = 70254592                                  {product} {ergonomic}
    uintx ProfiledCodeHeapSize                     = 122912730                              {pd product} {ergonomic}
    uintx ReservedCodeCacheSize                    = 251658240                              {pd product} {ergonomic}
     bool SegmentedCodeCache                       = true                                      {product} {ergonomic}
   size_t SoftMaxHeapSize                          = 1073741824                             {manageable} {ergonomic}
     bool UseCompressedClassPointers               = true                                 {lp64_product} {ergonomic}
     bool UseCompressedOops                        = true                                 {lp64_product} {ergonomic}
     bool UseLargePagesIndividualAllocation        = false                                  {pd product} {ergonomic}
     bool UseParallelGC                            = true                                      {product} {command line}

Logging:
Log output configuration:
 #0: stdout all=warning uptime,level,tags
 #1: stderr all=off uptime,level,tags

Environment Variables:
JAVA_HOME=C:\Program Files\Java\jdk-14
PATH=E:\db_home\bin;C:\WINDOWS\system32;C:\WINDOWS;C:\WINDOWS\System32\Wbem;C:\WINDOWS\System32\WindowsPowerShell\v1.0\;C:\WINDOWS\System32\OpenSSH\;C:\Program Files\Java\jdk-14\bin;C:\Program Files (x86)\CodeBlocks\MinGW\bin;C:\Users\Mypc\AppData\Local\Android\Sdk\platforms;C:\Users\Mypc\AppData\Local\Android\Sdk\platform-tools;C:\Users\Mypc\AppData\Local\Android\Sdk;C:\Users\Mypc\AppData\Local\Android\Sdk\emulator;E:\Git\cmd;E:\nodejs\;C:\Program Files\Maven\apache-maven-3.9.1\bin;C:\Users\Mypc\AppData\Local\Microsoft\WindowsApps;C:\Program Files\Java\jdk-14\bin;C:\Users\Mypc\AppData\Local\Android\Sdk;E:\Microsoft VS Code\bin;E:\flutter\bin;C:\Users\Mypc\AppData\Roaming\npm
USERNAME=Mypc
OS=Windows_NT
PROCESSOR_IDENTIFIER=Intel64 Family 6 Model 55 Stepping 8, GenuineIntel



---------------  S Y S T E M  ---------------

OS: Windows 10 , 64 bit Build 19041 (10.0.19041.2546)
OS uptime: 50 days 23:11 hours

CPU:total 4 (initial active 4) (4 cores per cpu, 1 threads per core) family 6 model 55 stepping 8, cmov, cx8, fxsr, mmx, sse, sse2, sse3, ssse3, sse4.1, sse4.2, popcnt, clmul, erms, 3dnowpref, tsc, tscinvbit

Memory: 4k page, system-wide physical 3980M (419M free)
TotalPageFile size 9656M (AvailPageFile size 2702M)
current process WorkingSet (physical memory assigned to process): 366M, peak: 371M
current process commit charge ("private bytes"): 489M, peak: 496M

vm_info: Java HotSpot(TM) 64-Bit Server VM (14+36-1461) for windows-amd64 JRE (14+36-1461), built on Feb  6 2020 19:08:04 by "mach5one" with MS VC++ 15.9 (VS2017)

END.
